<?xml version="1.0" encoding="UTF-8"?>
<!-- Generated by org.testng.reporters.JUnitXMLReporter -->
<testsuite ignored="0" hostname="Rajesh" failures="73" tests="73" name="Default test" time="288.527" errors="0" timestamp="2023-08-18T19:02:22 EDT">
  <testcase classname="io.cucumber.testng.AbstractTestNGCucumberTests" name="runScenario" time="5.552">
    <failure type="java.lang.AssertionError" message="expected [https://dsportalapp.herokuapp.com/array/] but found [https://dsportalapp.herokuapp.com/home]">
      <![CDATA[java.lang.AssertionError: expected [https://dsportalapp.herokuapp.com/array/] but found [https://dsportalapp.herokuapp.com/home]
at org.testng.Assert.fail(Assert.java:111)
at org.testng.Assert.failNotEquals(Assert.java:1578)
at org.testng.Assert.assertEqualsImpl(Assert.java:150)
at org.testng.Assert.assertEquals(Assert.java:132)
at org.testng.Assert.assertEquals(Assert.java:656)
at org.testng.Assert.assertEquals(Assert.java:666)
at defenitions.arraysd.user_should_navigated_to_arrays_page(arraysd.java:39)
at ✽.User should navigated to arrays page(file:///C:/Manju/SDET/ds-algoproject/src/test/resources/features/Arrays.feature:24)
]]>
    </failure>
  </testcase> <!-- runScenario -->
  <testcase classname="io.cucumber.testng.AbstractTestNGCucumberTests" name="runScenario" time="3.705">
    <failure type="java.lang.AssertionError" message="expected [https://dsportalapp.herokuapp.com/array/] but found [https://dsportalapp.herokuapp.com/home]">
      <![CDATA[java.lang.AssertionError: expected [https://dsportalapp.herokuapp.com/array/] but found [https://dsportalapp.herokuapp.com/home]
at org.testng.Assert.fail(Assert.java:111)
at org.testng.Assert.failNotEquals(Assert.java:1578)
at org.testng.Assert.assertEqualsImpl(Assert.java:150)
at org.testng.Assert.assertEquals(Assert.java:132)
at org.testng.Assert.assertEquals(Assert.java:656)
at org.testng.Assert.assertEquals(Assert.java:666)
at defenitions.arraysd.user_should_navigated_to_arrays_page(arraysd.java:39)
at ✽.User should navigated to arrays page(file:///C:/Manju/SDET/ds-algoproject/src/test/resources/features/Arrays.feature:31)
]]>
    </failure>
  </testcase> <!-- runScenario -->
  <testcase classname="io.cucumber.testng.AbstractTestNGCucumberTests" name="runScenario" time="3.667">
    <failure type="java.lang.AssertionError" message="expected [https://dsportalapp.herokuapp.com/array/] but found [https://dsportalapp.herokuapp.com/home]">
      <![CDATA[java.lang.AssertionError: expected [https://dsportalapp.herokuapp.com/array/] but found [https://dsportalapp.herokuapp.com/home]
at org.testng.Assert.fail(Assert.java:111)
at org.testng.Assert.failNotEquals(Assert.java:1578)
at org.testng.Assert.assertEqualsImpl(Assert.java:150)
at org.testng.Assert.assertEquals(Assert.java:132)
at org.testng.Assert.assertEquals(Assert.java:656)
at org.testng.Assert.assertEquals(Assert.java:666)
at defenitions.arraysd.user_should_navigated_to_arrays_page(arraysd.java:39)
at ✽.User should navigated to arrays page(file:///C:/Manju/SDET/ds-algoproject/src/test/resources/features/Arrays.feature:31)
]]>
    </failure>
  </testcase> <!-- runScenario -->
  <testcase classname="io.cucumber.testng.AbstractTestNGCucumberTests" name="runScenario" time="3.985">
    <failure type="java.lang.AssertionError" message="expected [https://dsportalapp.herokuapp.com/array/] but found [https://dsportalapp.herokuapp.com/home]">
      <![CDATA[java.lang.AssertionError: expected [https://dsportalapp.herokuapp.com/array/] but found [https://dsportalapp.herokuapp.com/home]
at org.testng.Assert.fail(Assert.java:111)
at org.testng.Assert.failNotEquals(Assert.java:1578)
at org.testng.Assert.assertEqualsImpl(Assert.java:150)
at org.testng.Assert.assertEquals(Assert.java:132)
at org.testng.Assert.assertEquals(Assert.java:656)
at org.testng.Assert.assertEquals(Assert.java:666)
at defenitions.arraysd.user_should_navigated_to_arrays_page(arraysd.java:39)
at ✽.User should navigated to arrays page(file:///C:/Manju/SDET/ds-algoproject/src/test/resources/features/Arrays.feature:31)
]]>
    </failure>
  </testcase> <!-- runScenario -->
  <testcase classname="io.cucumber.testng.AbstractTestNGCucumberTests" name="runScenario" time="3.496">
    <failure type="java.lang.AssertionError" message="expected [https://dsportalapp.herokuapp.com/array/] but found [https://dsportalapp.herokuapp.com/home]">
      <![CDATA[java.lang.AssertionError: expected [https://dsportalapp.herokuapp.com/array/] but found [https://dsportalapp.herokuapp.com/home]
at org.testng.Assert.fail(Assert.java:111)
at org.testng.Assert.failNotEquals(Assert.java:1578)
at org.testng.Assert.assertEqualsImpl(Assert.java:150)
at org.testng.Assert.assertEquals(Assert.java:132)
at org.testng.Assert.assertEquals(Assert.java:656)
at org.testng.Assert.assertEquals(Assert.java:666)
at defenitions.arraysd.user_should_navigated_to_arrays_page(arraysd.java:39)
at ✽.User should navigated to arrays page(file:///C:/Manju/SDET/ds-algoproject/src/test/resources/features/Arrays.feature:31)
]]>
    </failure>
  </testcase> <!-- runScenario -->
  <testcase classname="io.cucumber.testng.AbstractTestNGCucumberTests" name="runScenario" time="3.905">
    <failure type="java.lang.AssertionError" message="expected [https://dsportalapp.herokuapp.com/array/] but found [https://dsportalapp.herokuapp.com/home]">
      <![CDATA[java.lang.AssertionError: expected [https://dsportalapp.herokuapp.com/array/] but found [https://dsportalapp.herokuapp.com/home]
at org.testng.Assert.fail(Assert.java:111)
at org.testng.Assert.failNotEquals(Assert.java:1578)
at org.testng.Assert.assertEqualsImpl(Assert.java:150)
at org.testng.Assert.assertEquals(Assert.java:132)
at org.testng.Assert.assertEquals(Assert.java:656)
at org.testng.Assert.assertEquals(Assert.java:666)
at defenitions.arraysd.user_should_navigated_to_arrays_page(arraysd.java:39)
at ✽.User should navigated to arrays page(file:///C:/Manju/SDET/ds-algoproject/src/test/resources/features/Arrays.feature:50)
]]>
    </failure>
  </testcase> <!-- runScenario -->
  <testcase classname="io.cucumber.testng.AbstractTestNGCucumberTests" name="runScenario" time="3.973">
    <failure type="java.lang.AssertionError" message="expected [https://dsportalapp.herokuapp.com/array/] but found [https://dsportalapp.herokuapp.com/home]">
      <![CDATA[java.lang.AssertionError: expected [https://dsportalapp.herokuapp.com/array/] but found [https://dsportalapp.herokuapp.com/home]
at org.testng.Assert.fail(Assert.java:111)
at org.testng.Assert.failNotEquals(Assert.java:1578)
at org.testng.Assert.assertEqualsImpl(Assert.java:150)
at org.testng.Assert.assertEquals(Assert.java:132)
at org.testng.Assert.assertEquals(Assert.java:656)
at org.testng.Assert.assertEquals(Assert.java:666)
at defenitions.arraysd.user_should_navigated_to_arrays_page(arraysd.java:39)
at ✽.User should navigated to arrays page(file:///C:/Manju/SDET/ds-algoproject/src/test/resources/features/Arrays.feature:50)
]]>
    </failure>
  </testcase> <!-- runScenario -->
  <testcase classname="io.cucumber.testng.AbstractTestNGCucumberTests" name="runScenario" time="3.954">
    <failure type="java.lang.AssertionError" message="expected [https://dsportalapp.herokuapp.com/array/] but found [https://dsportalapp.herokuapp.com/home]">
      <![CDATA[java.lang.AssertionError: expected [https://dsportalapp.herokuapp.com/array/] but found [https://dsportalapp.herokuapp.com/home]
at org.testng.Assert.fail(Assert.java:111)
at org.testng.Assert.failNotEquals(Assert.java:1578)
at org.testng.Assert.assertEqualsImpl(Assert.java:150)
at org.testng.Assert.assertEquals(Assert.java:132)
at org.testng.Assert.assertEquals(Assert.java:656)
at org.testng.Assert.assertEquals(Assert.java:666)
at defenitions.arraysd.user_should_navigated_to_arrays_page(arraysd.java:39)
at ✽.User should navigated to arrays page(file:///C:/Manju/SDET/ds-algoproject/src/test/resources/features/Arrays.feature:50)
]]>
    </failure>
  </testcase> <!-- runScenario -->
  <testcase classname="io.cucumber.testng.AbstractTestNGCucumberTests" name="runScenario" time="3.923">
    <failure type="java.lang.AssertionError" message="expected [https://dsportalapp.herokuapp.com/array/] but found [https://dsportalapp.herokuapp.com/home]">
      <![CDATA[java.lang.AssertionError: expected [https://dsportalapp.herokuapp.com/array/] but found [https://dsportalapp.herokuapp.com/home]
at org.testng.Assert.fail(Assert.java:111)
at org.testng.Assert.failNotEquals(Assert.java:1578)
at org.testng.Assert.assertEqualsImpl(Assert.java:150)
at org.testng.Assert.assertEquals(Assert.java:132)
at org.testng.Assert.assertEquals(Assert.java:656)
at org.testng.Assert.assertEquals(Assert.java:666)
at defenitions.arraysd.user_should_navigated_to_arrays_page(arraysd.java:39)
at ✽.User should navigated to arrays page(file:///C:/Manju/SDET/ds-algoproject/src/test/resources/features/Arrays.feature:50)
]]>
    </failure>
  </testcase> <!-- runScenario -->
  <testcase classname="io.cucumber.testng.AbstractTestNGCucumberTests" name="runScenario" time="4.134">
    <failure type="java.lang.AssertionError" message="expected [https://dsportalapp.herokuapp.com/array/] but found [https://dsportalapp.herokuapp.com/home]">
      <![CDATA[java.lang.AssertionError: expected [https://dsportalapp.herokuapp.com/array/] but found [https://dsportalapp.herokuapp.com/home]
at org.testng.Assert.fail(Assert.java:111)
at org.testng.Assert.failNotEquals(Assert.java:1578)
at org.testng.Assert.assertEqualsImpl(Assert.java:150)
at org.testng.Assert.assertEquals(Assert.java:132)
at org.testng.Assert.assertEquals(Assert.java:656)
at org.testng.Assert.assertEquals(Assert.java:666)
at defenitions.arraysd.user_should_be_directed_to_arrays_page(arraysd.java:139)
at ✽.User should be directed to arrays page(file:///C:/Manju/SDET/ds-algoproject/src/test/resources/features/Arrays.feature:68)
]]>
    </failure>
  </testcase> <!-- runScenario -->
  <testcase classname="io.cucumber.testng.AbstractTestNGCucumberTests" name="runScenario" time="3.554">
    <failure type="java.lang.AssertionError" message="expected [https://dsportalapp.herokuapp.com/array/] but found [https://dsportalapp.herokuapp.com/home]">
      <![CDATA[java.lang.AssertionError: expected [https://dsportalapp.herokuapp.com/array/] but found [https://dsportalapp.herokuapp.com/home]
at org.testng.Assert.fail(Assert.java:111)
at org.testng.Assert.failNotEquals(Assert.java:1578)
at org.testng.Assert.assertEqualsImpl(Assert.java:150)
at org.testng.Assert.assertEquals(Assert.java:132)
at org.testng.Assert.assertEquals(Assert.java:656)
at org.testng.Assert.assertEquals(Assert.java:666)
at defenitions.arraysd.user_should_be_directed_to_arrays_page(arraysd.java:139)
at ✽.User should be directed to arrays page(file:///C:/Manju/SDET/ds-algoproject/src/test/resources/features/Arrays.feature:68)
]]>
    </failure>
  </testcase> <!-- runScenario -->
  <testcase classname="io.cucumber.testng.AbstractTestNGCucumberTests" name="runScenario" time="4.366">
    <failure type="java.lang.AssertionError" message="expected [https://dsportalapp.herokuapp.com/array/] but found [https://dsportalapp.herokuapp.com/home]">
      <![CDATA[java.lang.AssertionError: expected [https://dsportalapp.herokuapp.com/array/] but found [https://dsportalapp.herokuapp.com/home]
at org.testng.Assert.fail(Assert.java:111)
at org.testng.Assert.failNotEquals(Assert.java:1578)
at org.testng.Assert.assertEqualsImpl(Assert.java:150)
at org.testng.Assert.assertEquals(Assert.java:132)
at org.testng.Assert.assertEquals(Assert.java:656)
at org.testng.Assert.assertEquals(Assert.java:666)
at defenitions.arraysd.user_should_be_directed_to_arrays_page(arraysd.java:139)
at ✽.User should be directed to arrays page(file:///C:/Manju/SDET/ds-algoproject/src/test/resources/features/Arrays.feature:68)
]]>
    </failure>
  </testcase> <!-- runScenario -->
  <testcase classname="io.cucumber.testng.AbstractTestNGCucumberTests" name="runScenario" time="3.841">
    <failure type="java.lang.AssertionError" message="expected [https://dsportalapp.herokuapp.com/array/] but found [https://dsportalapp.herokuapp.com/home]">
      <![CDATA[java.lang.AssertionError: expected [https://dsportalapp.herokuapp.com/array/] but found [https://dsportalapp.herokuapp.com/home]
at org.testng.Assert.fail(Assert.java:111)
at org.testng.Assert.failNotEquals(Assert.java:1578)
at org.testng.Assert.assertEqualsImpl(Assert.java:150)
at org.testng.Assert.assertEquals(Assert.java:132)
at org.testng.Assert.assertEquals(Assert.java:656)
at org.testng.Assert.assertEquals(Assert.java:666)
at defenitions.arraysd.user_should_be_directed_to_arrays_page(arraysd.java:139)
at ✽.User should be directed to arrays page(file:///C:/Manju/SDET/ds-algoproject/src/test/resources/features/Arrays.feature:68)
]]>
    </failure>
  </testcase> <!-- runScenario -->
  <testcase classname="io.cucumber.testng.AbstractTestNGCucumberTests" name="runScenario" time="3.758">
    <failure type="java.lang.AssertionError" message="expected [https://dsportalapp.herokuapp.com/array/] but found [https://dsportalapp.herokuapp.com/home]">
      <![CDATA[java.lang.AssertionError: expected [https://dsportalapp.herokuapp.com/array/] but found [https://dsportalapp.herokuapp.com/home]
at org.testng.Assert.fail(Assert.java:111)
at org.testng.Assert.failNotEquals(Assert.java:1578)
at org.testng.Assert.assertEqualsImpl(Assert.java:150)
at org.testng.Assert.assertEquals(Assert.java:132)
at org.testng.Assert.assertEquals(Assert.java:656)
at org.testng.Assert.assertEquals(Assert.java:666)
at defenitions.arraysd.user_should_be_directed_to_arrays_page(arraysd.java:139)
at ✽.User should be directed to arrays page(file:///C:/Manju/SDET/ds-algoproject/src/test/resources/features/Arrays.feature:68)
]]>
    </failure>
  </testcase> <!-- runScenario -->
  <testcase classname="io.cucumber.testng.AbstractTestNGCucumberTests" name="runScenario" time="4.182">
    <failure type="java.lang.AssertionError" message="expected [https://dsportalapp.herokuapp.com/array/] but found [https://dsportalapp.herokuapp.com/home]">
      <![CDATA[java.lang.AssertionError: expected [https://dsportalapp.herokuapp.com/array/] but found [https://dsportalapp.herokuapp.com/home]
at org.testng.Assert.fail(Assert.java:111)
at org.testng.Assert.failNotEquals(Assert.java:1578)
at org.testng.Assert.assertEqualsImpl(Assert.java:150)
at org.testng.Assert.assertEquals(Assert.java:132)
at org.testng.Assert.assertEquals(Assert.java:656)
at org.testng.Assert.assertEquals(Assert.java:666)
at defenitions.arraysd.user_should_be_directed_to_arrays_page(arraysd.java:139)
at ✽.User should be directed to arrays page(file:///C:/Manju/SDET/ds-algoproject/src/test/resources/features/Arrays.feature:68)
]]>
    </failure>
  </testcase> <!-- runScenario -->
  <testcase classname="io.cucumber.testng.AbstractTestNGCucumberTests" name="runScenario" time="3.84">
    <failure type="java.lang.AssertionError" message="expected [https://dsportalapp.herokuapp.com/array/] but found [https://dsportalapp.herokuapp.com/home]">
      <![CDATA[java.lang.AssertionError: expected [https://dsportalapp.herokuapp.com/array/] but found [https://dsportalapp.herokuapp.com/home]
at org.testng.Assert.fail(Assert.java:111)
at org.testng.Assert.failNotEquals(Assert.java:1578)
at org.testng.Assert.assertEqualsImpl(Assert.java:150)
at org.testng.Assert.assertEquals(Assert.java:132)
at org.testng.Assert.assertEquals(Assert.java:656)
at org.testng.Assert.assertEquals(Assert.java:666)
at defenitions.arraysd.user_should_be_directed_to_arrays_page(arraysd.java:139)
at ✽.User should be directed to arrays page(file:///C:/Manju/SDET/ds-algoproject/src/test/resources/features/Arrays.feature:68)
]]>
    </failure>
  </testcase> <!-- runScenario -->
  <testcase classname="io.cucumber.testng.AbstractTestNGCucumberTests" name="runScenario" time="3.611">
    <failure type="java.lang.AssertionError" message="expected [https://dsportalapp.herokuapp.com/array/] but found [https://dsportalapp.herokuapp.com/home]">
      <![CDATA[java.lang.AssertionError: expected [https://dsportalapp.herokuapp.com/array/] but found [https://dsportalapp.herokuapp.com/home]
at org.testng.Assert.fail(Assert.java:111)
at org.testng.Assert.failNotEquals(Assert.java:1578)
at org.testng.Assert.assertEqualsImpl(Assert.java:150)
at org.testng.Assert.assertEquals(Assert.java:132)
at org.testng.Assert.assertEquals(Assert.java:656)
at org.testng.Assert.assertEquals(Assert.java:666)
at defenitions.arraysd.user_should_be_directed_to_arrays_page(arraysd.java:139)
at ✽.User should be directed to arrays page(file:///C:/Manju/SDET/ds-algoproject/src/test/resources/features/Arrays.feature:68)
]]>
    </failure>
  </testcase> <!-- runScenario -->
  <testcase classname="io.cucumber.testng.AbstractTestNGCucumberTests" name="runScenario" time="3.927">
    <failure type="java.lang.AssertionError" message="expected [https://dsportalapp.herokuapp.com/array/] but found [https://dsportalapp.herokuapp.com/home]">
      <![CDATA[java.lang.AssertionError: expected [https://dsportalapp.herokuapp.com/array/] but found [https://dsportalapp.herokuapp.com/home]
at org.testng.Assert.fail(Assert.java:111)
at org.testng.Assert.failNotEquals(Assert.java:1578)
at org.testng.Assert.assertEqualsImpl(Assert.java:150)
at org.testng.Assert.assertEquals(Assert.java:132)
at org.testng.Assert.assertEquals(Assert.java:656)
at org.testng.Assert.assertEquals(Assert.java:666)
at defenitions.arraysd.user_should_be_directed_to_arrays_page(arraysd.java:139)
at ✽.User should be directed to arrays page(file:///C:/Manju/SDET/ds-algoproject/src/test/resources/features/Arrays.feature:68)
]]>
    </failure>
  </testcase> <!-- runScenario -->
  <testcase classname="io.cucumber.testng.AbstractTestNGCucumberTests" name="runScenario" time="4.127">
    <failure type="java.lang.AssertionError" message="expected [https://dsportalapp.herokuapp.com/array/] but found [https://dsportalapp.herokuapp.com/home]">
      <![CDATA[java.lang.AssertionError: expected [https://dsportalapp.herokuapp.com/array/] but found [https://dsportalapp.herokuapp.com/home]
at org.testng.Assert.fail(Assert.java:111)
at org.testng.Assert.failNotEquals(Assert.java:1578)
at org.testng.Assert.assertEqualsImpl(Assert.java:150)
at org.testng.Assert.assertEquals(Assert.java:132)
at org.testng.Assert.assertEquals(Assert.java:656)
at org.testng.Assert.assertEquals(Assert.java:666)
at defenitions.arraysd.user_should_be_directed_to_arrays_page(arraysd.java:139)
at ✽.User should be directed to arrays page(file:///C:/Manju/SDET/ds-algoproject/src/test/resources/features/Arrays.feature:68)
]]>
    </failure>
  </testcase> <!-- runScenario -->
  <testcase classname="io.cucumber.testng.AbstractTestNGCucumberTests" name="runScenario" time="4.155">
    <failure type="java.lang.AssertionError" message="expected [https://dsportalapp.herokuapp.com/array/] but found [https://dsportalapp.herokuapp.com/home]">
      <![CDATA[java.lang.AssertionError: expected [https://dsportalapp.herokuapp.com/array/] but found [https://dsportalapp.herokuapp.com/home]
at org.testng.Assert.fail(Assert.java:111)
at org.testng.Assert.failNotEquals(Assert.java:1578)
at org.testng.Assert.assertEqualsImpl(Assert.java:150)
at org.testng.Assert.assertEquals(Assert.java:132)
at org.testng.Assert.assertEquals(Assert.java:656)
at org.testng.Assert.assertEquals(Assert.java:666)
at defenitions.arraysd.user_should_be_directed_to_arrays_page(arraysd.java:139)
at ✽.User should be directed to arrays page(file:///C:/Manju/SDET/ds-algoproject/src/test/resources/features/Arrays.feature:68)
]]>
    </failure>
  </testcase> <!-- runScenario -->
  <testcase classname="io.cucumber.testng.AbstractTestNGCucumberTests" name="runScenario" time="3.483">
    <failure type="java.lang.AssertionError" message="expected [https://dsportalapp.herokuapp.com/array/] but found [https://dsportalapp.herokuapp.com/home]">
      <![CDATA[java.lang.AssertionError: expected [https://dsportalapp.herokuapp.com/array/] but found [https://dsportalapp.herokuapp.com/home]
at org.testng.Assert.fail(Assert.java:111)
at org.testng.Assert.failNotEquals(Assert.java:1578)
at org.testng.Assert.assertEqualsImpl(Assert.java:150)
at org.testng.Assert.assertEquals(Assert.java:132)
at org.testng.Assert.assertEquals(Assert.java:656)
at org.testng.Assert.assertEquals(Assert.java:666)
at defenitions.arraysd.user_should_be_directed_to_arrays_page(arraysd.java:139)
at ✽.User should be directed to arrays page(file:///C:/Manju/SDET/ds-algoproject/src/test/resources/features/Arrays.feature:68)
]]>
    </failure>
  </testcase> <!-- runScenario -->
  <testcase classname="io.cucumber.testng.AbstractTestNGCucumberTests" name="runScenario" time="3.958">
    <failure type="java.lang.AssertionError" message="expected [https://dsportalapp.herokuapp.com/array/] but found [https://dsportalapp.herokuapp.com/home]">
      <![CDATA[java.lang.AssertionError: expected [https://dsportalapp.herokuapp.com/array/] but found [https://dsportalapp.herokuapp.com/home]
at org.testng.Assert.fail(Assert.java:111)
at org.testng.Assert.failNotEquals(Assert.java:1578)
at org.testng.Assert.assertEqualsImpl(Assert.java:150)
at org.testng.Assert.assertEquals(Assert.java:132)
at org.testng.Assert.assertEquals(Assert.java:656)
at org.testng.Assert.assertEquals(Assert.java:666)
at defenitions.arraysd.user_should_be_directed_to_arrays_page(arraysd.java:139)
at ✽.User should be directed to arrays page(file:///C:/Manju/SDET/ds-algoproject/src/test/resources/features/Arrays.feature:68)
]]>
    </failure>
  </testcase> <!-- runScenario -->
  <testcase classname="io.cucumber.testng.AbstractTestNGCucumberTests" name="runScenario" time="3.507">
    <failure type="java.lang.AssertionError" message="expected [https://dsportalapp.herokuapp.com/array/] but found [https://dsportalapp.herokuapp.com/home]">
      <![CDATA[java.lang.AssertionError: expected [https://dsportalapp.herokuapp.com/array/] but found [https://dsportalapp.herokuapp.com/home]
at org.testng.Assert.fail(Assert.java:111)
at org.testng.Assert.failNotEquals(Assert.java:1578)
at org.testng.Assert.assertEqualsImpl(Assert.java:150)
at org.testng.Assert.assertEquals(Assert.java:132)
at org.testng.Assert.assertEquals(Assert.java:656)
at org.testng.Assert.assertEquals(Assert.java:666)
at defenitions.arraysd.user_should_be_directed_to_arrays_page(arraysd.java:139)
at ✽.User should be directed to arrays page(file:///C:/Manju/SDET/ds-algoproject/src/test/resources/features/Arrays.feature:68)
]]>
    </failure>
  </testcase> <!-- runScenario -->
  <testcase classname="io.cucumber.testng.AbstractTestNGCucumberTests" name="runScenario" time="3.612">
    <failure type="java.lang.AssertionError" message="expected [https://dsportalapp.herokuapp.com/array/] but found [https://dsportalapp.herokuapp.com/home]">
      <![CDATA[java.lang.AssertionError: expected [https://dsportalapp.herokuapp.com/array/] but found [https://dsportalapp.herokuapp.com/home]
at org.testng.Assert.fail(Assert.java:111)
at org.testng.Assert.failNotEquals(Assert.java:1578)
at org.testng.Assert.assertEqualsImpl(Assert.java:150)
at org.testng.Assert.assertEquals(Assert.java:132)
at org.testng.Assert.assertEquals(Assert.java:656)
at org.testng.Assert.assertEquals(Assert.java:666)
at defenitions.arraysd.user_should_be_directed_to_arrays_page(arraysd.java:139)
at ✽.User should be directed to arrays page(file:///C:/Manju/SDET/ds-algoproject/src/test/resources/features/Arrays.feature:68)
]]>
    </failure>
  </testcase> <!-- runScenario -->
  <testcase classname="io.cucumber.testng.AbstractTestNGCucumberTests" name="runScenario" time="4.148">
    <failure type="java.lang.AssertionError" message="expected [https://dsportalapp.herokuapp.com/array/] but found [https://dsportalapp.herokuapp.com/home]">
      <![CDATA[java.lang.AssertionError: expected [https://dsportalapp.herokuapp.com/array/] but found [https://dsportalapp.herokuapp.com/home]
at org.testng.Assert.fail(Assert.java:111)
at org.testng.Assert.failNotEquals(Assert.java:1578)
at org.testng.Assert.assertEqualsImpl(Assert.java:150)
at org.testng.Assert.assertEquals(Assert.java:132)
at org.testng.Assert.assertEquals(Assert.java:656)
at org.testng.Assert.assertEquals(Assert.java:666)
at defenitions.arraysd.user_should_be_directed_to_arrays_page(arraysd.java:139)
at ✽.User should be directed to arrays page(file:///C:/Manju/SDET/ds-algoproject/src/test/resources/features/Arrays.feature:68)
]]>
    </failure>
  </testcase> <!-- runScenario -->
  <testcase classname="io.cucumber.testng.AbstractTestNGCucumberTests" name="runScenario" time="3.545">
    <failure type="java.lang.AssertionError" message="expected [https://dsportalapp.herokuapp.com/array/] but found [https://dsportalapp.herokuapp.com/home]">
      <![CDATA[java.lang.AssertionError: expected [https://dsportalapp.herokuapp.com/array/] but found [https://dsportalapp.herokuapp.com/home]
at org.testng.Assert.fail(Assert.java:111)
at org.testng.Assert.failNotEquals(Assert.java:1578)
at org.testng.Assert.assertEqualsImpl(Assert.java:150)
at org.testng.Assert.assertEquals(Assert.java:132)
at org.testng.Assert.assertEquals(Assert.java:656)
at org.testng.Assert.assertEquals(Assert.java:666)
at defenitions.arraysd.user_should_be_directed_to_arrays_page(arraysd.java:139)
at ✽.User should be directed to arrays page(file:///C:/Manju/SDET/ds-algoproject/src/test/resources/features/Arrays.feature:99)
]]>
    </failure>
  </testcase> <!-- runScenario -->
  <testcase classname="io.cucumber.testng.AbstractTestNGCucumberTests" name="runScenario" time="4.001">
    <failure type="java.lang.AssertionError" message="expected [https://dsportalapp.herokuapp.com/array/] but found [https://dsportalapp.herokuapp.com/home]">
      <![CDATA[java.lang.AssertionError: expected [https://dsportalapp.herokuapp.com/array/] but found [https://dsportalapp.herokuapp.com/home]
at org.testng.Assert.fail(Assert.java:111)
at org.testng.Assert.failNotEquals(Assert.java:1578)
at org.testng.Assert.assertEqualsImpl(Assert.java:150)
at org.testng.Assert.assertEquals(Assert.java:132)
at org.testng.Assert.assertEquals(Assert.java:656)
at org.testng.Assert.assertEquals(Assert.java:666)
at defenitions.arraysd.user_should_be_directed_to_arrays_page(arraysd.java:139)
at ✽.User should be directed to arrays page(file:///C:/Manju/SDET/ds-algoproject/src/test/resources/features/Arrays.feature:99)
]]>
    </failure>
  </testcase> <!-- runScenario -->
  <testcase classname="io.cucumber.testng.AbstractTestNGCucumberTests" name="runScenario" time="3.788">
    <failure type="java.lang.AssertionError" message="expected [https://dsportalapp.herokuapp.com/array/] but found [https://dsportalapp.herokuapp.com/home]">
      <![CDATA[java.lang.AssertionError: expected [https://dsportalapp.herokuapp.com/array/] but found [https://dsportalapp.herokuapp.com/home]
at org.testng.Assert.fail(Assert.java:111)
at org.testng.Assert.failNotEquals(Assert.java:1578)
at org.testng.Assert.assertEqualsImpl(Assert.java:150)
at org.testng.Assert.assertEquals(Assert.java:132)
at org.testng.Assert.assertEquals(Assert.java:656)
at org.testng.Assert.assertEquals(Assert.java:666)
at defenitions.arraysd.user_should_be_directed_to_arrays_page(arraysd.java:139)
at ✽.User should be directed to arrays page(file:///C:/Manju/SDET/ds-algoproject/src/test/resources/features/Arrays.feature:99)
]]>
    </failure>
  </testcase> <!-- runScenario -->
  <testcase classname="io.cucumber.testng.AbstractTestNGCucumberTests" name="runScenario" time="4.195">
    <failure type="java.lang.AssertionError" message="expected [https://dsportalapp.herokuapp.com/array/] but found [https://dsportalapp.herokuapp.com/home]">
      <![CDATA[java.lang.AssertionError: expected [https://dsportalapp.herokuapp.com/array/] but found [https://dsportalapp.herokuapp.com/home]
at org.testng.Assert.fail(Assert.java:111)
at org.testng.Assert.failNotEquals(Assert.java:1578)
at org.testng.Assert.assertEqualsImpl(Assert.java:150)
at org.testng.Assert.assertEquals(Assert.java:132)
at org.testng.Assert.assertEquals(Assert.java:656)
at org.testng.Assert.assertEquals(Assert.java:666)
at defenitions.arraysd.user_should_be_directed_to_arrays_page(arraysd.java:139)
at ✽.User should be directed to arrays page(file:///C:/Manju/SDET/ds-algoproject/src/test/resources/features/Arrays.feature:99)
]]>
    </failure>
  </testcase> <!-- runScenario -->
  <testcase classname="io.cucumber.testng.AbstractTestNGCucumberTests" name="runScenario" time="3.941">
    <failure type="java.lang.AssertionError" message="expected [https://dsportalapp.herokuapp.com/array/] but found [https://dsportalapp.herokuapp.com/home]">
      <![CDATA[java.lang.AssertionError: expected [https://dsportalapp.herokuapp.com/array/] but found [https://dsportalapp.herokuapp.com/home]
at org.testng.Assert.fail(Assert.java:111)
at org.testng.Assert.failNotEquals(Assert.java:1578)
at org.testng.Assert.assertEqualsImpl(Assert.java:150)
at org.testng.Assert.assertEquals(Assert.java:132)
at org.testng.Assert.assertEquals(Assert.java:656)
at org.testng.Assert.assertEquals(Assert.java:666)
at defenitions.arraysd.user_should_be_directed_to_arrays_page(arraysd.java:139)
at ✽.User should be directed to arrays page(file:///C:/Manju/SDET/ds-algoproject/src/test/resources/features/Arrays.feature:99)
]]>
    </failure>
  </testcase> <!-- runScenario -->
  <testcase classname="io.cucumber.testng.AbstractTestNGCucumberTests" name="runScenario" time="3.64">
    <failure type="java.lang.AssertionError" message="expected [https://dsportalapp.herokuapp.com/array/] but found [https://dsportalapp.herokuapp.com/home]">
      <![CDATA[java.lang.AssertionError: expected [https://dsportalapp.herokuapp.com/array/] but found [https://dsportalapp.herokuapp.com/home]
at org.testng.Assert.fail(Assert.java:111)
at org.testng.Assert.failNotEquals(Assert.java:1578)
at org.testng.Assert.assertEqualsImpl(Assert.java:150)
at org.testng.Assert.assertEquals(Assert.java:132)
at org.testng.Assert.assertEquals(Assert.java:656)
at org.testng.Assert.assertEquals(Assert.java:666)
at defenitions.arraysd.user_should_be_directed_to_arrays_page(arraysd.java:139)
at ✽.User should be directed to arrays page(file:///C:/Manju/SDET/ds-algoproject/src/test/resources/features/Arrays.feature:99)
]]>
    </failure>
  </testcase> <!-- runScenario -->
  <testcase classname="io.cucumber.testng.AbstractTestNGCucumberTests" name="runScenario" time="3.521">
    <failure type="java.lang.AssertionError" message="expected [https://dsportalapp.herokuapp.com/array/] but found [https://dsportalapp.herokuapp.com/home]">
      <![CDATA[java.lang.AssertionError: expected [https://dsportalapp.herokuapp.com/array/] but found [https://dsportalapp.herokuapp.com/home]
at org.testng.Assert.fail(Assert.java:111)
at org.testng.Assert.failNotEquals(Assert.java:1578)
at org.testng.Assert.assertEqualsImpl(Assert.java:150)
at org.testng.Assert.assertEquals(Assert.java:132)
at org.testng.Assert.assertEquals(Assert.java:656)
at org.testng.Assert.assertEquals(Assert.java:666)
at defenitions.arraysd.user_should_be_directed_to_arrays_page(arraysd.java:139)
at ✽.User should be directed to arrays page(file:///C:/Manju/SDET/ds-algoproject/src/test/resources/features/Arrays.feature:99)
]]>
    </failure>
  </testcase> <!-- runScenario -->
  <testcase classname="io.cucumber.testng.AbstractTestNGCucumberTests" name="runScenario" time="4.114">
    <failure type="java.lang.AssertionError" message="expected [https://dsportalapp.herokuapp.com/array/] but found [https://dsportalapp.herokuapp.com/home]">
      <![CDATA[java.lang.AssertionError: expected [https://dsportalapp.herokuapp.com/array/] but found [https://dsportalapp.herokuapp.com/home]
at org.testng.Assert.fail(Assert.java:111)
at org.testng.Assert.failNotEquals(Assert.java:1578)
at org.testng.Assert.assertEqualsImpl(Assert.java:150)
at org.testng.Assert.assertEquals(Assert.java:132)
at org.testng.Assert.assertEquals(Assert.java:656)
at org.testng.Assert.assertEquals(Assert.java:666)
at defenitions.arraysd.user_should_be_directed_to_arrays_page(arraysd.java:139)
at ✽.User should be directed to arrays page(file:///C:/Manju/SDET/ds-algoproject/src/test/resources/features/Arrays.feature:99)
]]>
    </failure>
  </testcase> <!-- runScenario -->
  <testcase classname="io.cucumber.testng.AbstractTestNGCucumberTests" name="runScenario" time="3.819">
    <failure type="java.lang.AssertionError" message="expected [https://dsportalapp.herokuapp.com/array/] but found [https://dsportalapp.herokuapp.com/home]">
      <![CDATA[java.lang.AssertionError: expected [https://dsportalapp.herokuapp.com/array/] but found [https://dsportalapp.herokuapp.com/home]
at org.testng.Assert.fail(Assert.java:111)
at org.testng.Assert.failNotEquals(Assert.java:1578)
at org.testng.Assert.assertEqualsImpl(Assert.java:150)
at org.testng.Assert.assertEquals(Assert.java:132)
at org.testng.Assert.assertEquals(Assert.java:656)
at org.testng.Assert.assertEquals(Assert.java:666)
at defenitions.arraysd.user_should_be_directed_to_arrays_page(arraysd.java:139)
at ✽.User should be directed to arrays page(file:///C:/Manju/SDET/ds-algoproject/src/test/resources/features/Arrays.feature:99)
]]>
    </failure>
  </testcase> <!-- runScenario -->
  <testcase classname="io.cucumber.testng.AbstractTestNGCucumberTests" name="runScenario" time="3.843">
    <failure type="java.lang.AssertionError" message="expected [https://dsportalapp.herokuapp.com/array/] but found [https://dsportalapp.herokuapp.com/home]">
      <![CDATA[java.lang.AssertionError: expected [https://dsportalapp.herokuapp.com/array/] but found [https://dsportalapp.herokuapp.com/home]
at org.testng.Assert.fail(Assert.java:111)
at org.testng.Assert.failNotEquals(Assert.java:1578)
at org.testng.Assert.assertEqualsImpl(Assert.java:150)
at org.testng.Assert.assertEquals(Assert.java:132)
at org.testng.Assert.assertEquals(Assert.java:656)
at org.testng.Assert.assertEquals(Assert.java:666)
at defenitions.arraysd.user_should_be_directed_to_arrays_page(arraysd.java:139)
at ✽.User should be directed to arrays page(file:///C:/Manju/SDET/ds-algoproject/src/test/resources/features/Arrays.feature:99)
]]>
    </failure>
  </testcase> <!-- runScenario -->
  <testcase classname="io.cucumber.testng.AbstractTestNGCucumberTests" name="runScenario" time="3.646">
    <failure type="java.lang.AssertionError" message="expected [https://dsportalapp.herokuapp.com/array/] but found [https://dsportalapp.herokuapp.com/home]">
      <![CDATA[java.lang.AssertionError: expected [https://dsportalapp.herokuapp.com/array/] but found [https://dsportalapp.herokuapp.com/home]
at org.testng.Assert.fail(Assert.java:111)
at org.testng.Assert.failNotEquals(Assert.java:1578)
at org.testng.Assert.assertEqualsImpl(Assert.java:150)
at org.testng.Assert.assertEquals(Assert.java:132)
at org.testng.Assert.assertEquals(Assert.java:656)
at org.testng.Assert.assertEquals(Assert.java:666)
at defenitions.arraysd.user_should_be_directed_to_arrays_page(arraysd.java:139)
at ✽.User should be directed to arrays page(file:///C:/Manju/SDET/ds-algoproject/src/test/resources/features/Arrays.feature:99)
]]>
    </failure>
  </testcase> <!-- runScenario -->
  <testcase classname="io.cucumber.testng.AbstractTestNGCucumberTests" name="runScenario" time="3.959">
    <failure type="java.lang.AssertionError" message="expected [https://dsportalapp.herokuapp.com/array/] but found [https://dsportalapp.herokuapp.com/home]">
      <![CDATA[java.lang.AssertionError: expected [https://dsportalapp.herokuapp.com/array/] but found [https://dsportalapp.herokuapp.com/home]
at org.testng.Assert.fail(Assert.java:111)
at org.testng.Assert.failNotEquals(Assert.java:1578)
at org.testng.Assert.assertEqualsImpl(Assert.java:150)
at org.testng.Assert.assertEquals(Assert.java:132)
at org.testng.Assert.assertEquals(Assert.java:656)
at org.testng.Assert.assertEquals(Assert.java:666)
at defenitions.arraysd.user_should_be_directed_to_arrays_page(arraysd.java:139)
at ✽.User should be directed to arrays page(file:///C:/Manju/SDET/ds-algoproject/src/test/resources/features/Arrays.feature:99)
]]>
    </failure>
  </testcase> <!-- runScenario -->
  <testcase classname="io.cucumber.testng.AbstractTestNGCucumberTests" name="runScenario" time="3.656">
    <failure type="java.lang.AssertionError" message="expected [https://dsportalapp.herokuapp.com/array/] but found [https://dsportalapp.herokuapp.com/home]">
      <![CDATA[java.lang.AssertionError: expected [https://dsportalapp.herokuapp.com/array/] but found [https://dsportalapp.herokuapp.com/home]
at org.testng.Assert.fail(Assert.java:111)
at org.testng.Assert.failNotEquals(Assert.java:1578)
at org.testng.Assert.assertEqualsImpl(Assert.java:150)
at org.testng.Assert.assertEquals(Assert.java:132)
at org.testng.Assert.assertEquals(Assert.java:656)
at org.testng.Assert.assertEquals(Assert.java:666)
at defenitions.arraysd.user_should_be_directed_to_arrays_page(arraysd.java:139)
at ✽.User should be directed to arrays page(file:///C:/Manju/SDET/ds-algoproject/src/test/resources/features/Arrays.feature:99)
]]>
    </failure>
  </testcase> <!-- runScenario -->
  <testcase classname="io.cucumber.testng.AbstractTestNGCucumberTests" name="runScenario" time="3.547">
    <failure type="java.lang.AssertionError" message="expected [https://dsportalapp.herokuapp.com/array/] but found [https://dsportalapp.herokuapp.com/home]">
      <![CDATA[java.lang.AssertionError: expected [https://dsportalapp.herokuapp.com/array/] but found [https://dsportalapp.herokuapp.com/home]
at org.testng.Assert.fail(Assert.java:111)
at org.testng.Assert.failNotEquals(Assert.java:1578)
at org.testng.Assert.assertEqualsImpl(Assert.java:150)
at org.testng.Assert.assertEquals(Assert.java:132)
at org.testng.Assert.assertEquals(Assert.java:656)
at org.testng.Assert.assertEquals(Assert.java:666)
at defenitions.arraysd.user_should_be_directed_to_arrays_page(arraysd.java:139)
at ✽.User should be directed to arrays page(file:///C:/Manju/SDET/ds-algoproject/src/test/resources/features/Arrays.feature:99)
]]>
    </failure>
  </testcase> <!-- runScenario -->
  <testcase classname="io.cucumber.testng.AbstractTestNGCucumberTests" name="runScenario" time="3.468">
    <failure type="java.lang.AssertionError" message="expected [https://dsportalapp.herokuapp.com/array/] but found [https://dsportalapp.herokuapp.com/home]">
      <![CDATA[java.lang.AssertionError: expected [https://dsportalapp.herokuapp.com/array/] but found [https://dsportalapp.herokuapp.com/home]
at org.testng.Assert.fail(Assert.java:111)
at org.testng.Assert.failNotEquals(Assert.java:1578)
at org.testng.Assert.assertEqualsImpl(Assert.java:150)
at org.testng.Assert.assertEquals(Assert.java:132)
at org.testng.Assert.assertEquals(Assert.java:656)
at org.testng.Assert.assertEquals(Assert.java:666)
at defenitions.arraysd.user_should_be_directed_to_arrays_page(arraysd.java:139)
at ✽.User should be directed to arrays page(file:///C:/Manju/SDET/ds-algoproject/src/test/resources/features/Arrays.feature:99)
]]>
    </failure>
  </testcase> <!-- runScenario -->
  <testcase classname="io.cucumber.testng.AbstractTestNGCucumberTests" name="runScenario" time="3.348">
    <failure type="java.lang.AssertionError" message="expected [https://dsportalapp.herokuapp.com/array/] but found [https://dsportalapp.herokuapp.com/home]">
      <![CDATA[java.lang.AssertionError: expected [https://dsportalapp.herokuapp.com/array/] but found [https://dsportalapp.herokuapp.com/home]
at org.testng.Assert.fail(Assert.java:111)
at org.testng.Assert.failNotEquals(Assert.java:1578)
at org.testng.Assert.assertEqualsImpl(Assert.java:150)
at org.testng.Assert.assertEquals(Assert.java:132)
at org.testng.Assert.assertEquals(Assert.java:656)
at org.testng.Assert.assertEquals(Assert.java:666)
at defenitions.arraysd.user_should_be_directed_to_arrays_page(arraysd.java:139)
at ✽.User should be directed to arrays page(file:///C:/Manju/SDET/ds-algoproject/src/test/resources/features/Arrays.feature:99)
]]>
    </failure>
  </testcase> <!-- runScenario -->
  <testcase classname="io.cucumber.testng.AbstractTestNGCucumberTests" name="runScenario" time="3.873">
    <failure type="java.lang.AssertionError" message="expected [https://dsportalapp.herokuapp.com/array/] but found [https://dsportalapp.herokuapp.com/home]">
      <![CDATA[java.lang.AssertionError: expected [https://dsportalapp.herokuapp.com/array/] but found [https://dsportalapp.herokuapp.com/home]
at org.testng.Assert.fail(Assert.java:111)
at org.testng.Assert.failNotEquals(Assert.java:1578)
at org.testng.Assert.assertEqualsImpl(Assert.java:150)
at org.testng.Assert.assertEquals(Assert.java:132)
at org.testng.Assert.assertEquals(Assert.java:656)
at org.testng.Assert.assertEquals(Assert.java:666)
at defenitions.arraysd.user_should_be_directed_to_array_page(arraysd.java:227)
at ✽.User should be directed to array page(file:///C:/Manju/SDET/ds-algoproject/src/test/resources/features/Arrays.feature:130)
]]>
    </failure>
  </testcase> <!-- runScenario -->
  <testcase classname="io.cucumber.testng.AbstractTestNGCucumberTests" name="runScenario" time="3.587">
    <failure type="java.lang.AssertionError" message="expected [https://dsportalapp.herokuapp.com/array/] but found [https://dsportalapp.herokuapp.com/home]">
      <![CDATA[java.lang.AssertionError: expected [https://dsportalapp.herokuapp.com/array/] but found [https://dsportalapp.herokuapp.com/home]
at org.testng.Assert.fail(Assert.java:111)
at org.testng.Assert.failNotEquals(Assert.java:1578)
at org.testng.Assert.assertEqualsImpl(Assert.java:150)
at org.testng.Assert.assertEquals(Assert.java:132)
at org.testng.Assert.assertEquals(Assert.java:656)
at org.testng.Assert.assertEquals(Assert.java:666)
at defenitions.arraysd.user_should_be_directed_to_array_page(arraysd.java:227)
at ✽.User should be directed to array page(file:///C:/Manju/SDET/ds-algoproject/src/test/resources/features/Arrays.feature:130)
]]>
    </failure>
  </testcase> <!-- runScenario -->
  <testcase classname="io.cucumber.testng.AbstractTestNGCucumberTests" name="runScenario" time="3.902">
    <failure type="java.lang.AssertionError" message="expected [https://dsportalapp.herokuapp.com/array/] but found [https://dsportalapp.herokuapp.com/home]">
      <![CDATA[java.lang.AssertionError: expected [https://dsportalapp.herokuapp.com/array/] but found [https://dsportalapp.herokuapp.com/home]
at org.testng.Assert.fail(Assert.java:111)
at org.testng.Assert.failNotEquals(Assert.java:1578)
at org.testng.Assert.assertEqualsImpl(Assert.java:150)
at org.testng.Assert.assertEquals(Assert.java:132)
at org.testng.Assert.assertEquals(Assert.java:656)
at org.testng.Assert.assertEquals(Assert.java:666)
at defenitions.arraysd.user_should_be_directed_to_array_page(arraysd.java:227)
at ✽.User should be directed to array page(file:///C:/Manju/SDET/ds-algoproject/src/test/resources/features/Arrays.feature:130)
]]>
    </failure>
  </testcase> <!-- runScenario -->
  <testcase classname="io.cucumber.testng.AbstractTestNGCucumberTests" name="runScenario" time="4.274">
    <failure type="java.lang.AssertionError" message="expected [https://dsportalapp.herokuapp.com/array/] but found [https://dsportalapp.herokuapp.com/home]">
      <![CDATA[java.lang.AssertionError: expected [https://dsportalapp.herokuapp.com/array/] but found [https://dsportalapp.herokuapp.com/home]
at org.testng.Assert.fail(Assert.java:111)
at org.testng.Assert.failNotEquals(Assert.java:1578)
at org.testng.Assert.assertEqualsImpl(Assert.java:150)
at org.testng.Assert.assertEquals(Assert.java:132)
at org.testng.Assert.assertEquals(Assert.java:656)
at org.testng.Assert.assertEquals(Assert.java:666)
at defenitions.arraysd.user_should_be_directed_to_array_page(arraysd.java:227)
at ✽.User should be directed to array page(file:///C:/Manju/SDET/ds-algoproject/src/test/resources/features/Arrays.feature:130)
]]>
    </failure>
  </testcase> <!-- runScenario -->
  <testcase classname="io.cucumber.testng.AbstractTestNGCucumberTests" name="runScenario" time="3.91">
    <failure type="java.lang.AssertionError" message="expected [https://dsportalapp.herokuapp.com/array/] but found [https://dsportalapp.herokuapp.com/home]">
      <![CDATA[java.lang.AssertionError: expected [https://dsportalapp.herokuapp.com/array/] but found [https://dsportalapp.herokuapp.com/home]
at org.testng.Assert.fail(Assert.java:111)
at org.testng.Assert.failNotEquals(Assert.java:1578)
at org.testng.Assert.assertEqualsImpl(Assert.java:150)
at org.testng.Assert.assertEquals(Assert.java:132)
at org.testng.Assert.assertEquals(Assert.java:656)
at org.testng.Assert.assertEquals(Assert.java:666)
at defenitions.arraysd.user_should_be_directed_to_array_page(arraysd.java:227)
at ✽.User should be directed to array page(file:///C:/Manju/SDET/ds-algoproject/src/test/resources/features/Arrays.feature:130)
]]>
    </failure>
  </testcase> <!-- runScenario -->
  <testcase classname="io.cucumber.testng.AbstractTestNGCucumberTests" name="runScenario" time="3.592">
    <failure type="java.lang.AssertionError" message="expected [https://dsportalapp.herokuapp.com/array/] but found [https://dsportalapp.herokuapp.com/home]">
      <![CDATA[java.lang.AssertionError: expected [https://dsportalapp.herokuapp.com/array/] but found [https://dsportalapp.herokuapp.com/home]
at org.testng.Assert.fail(Assert.java:111)
at org.testng.Assert.failNotEquals(Assert.java:1578)
at org.testng.Assert.assertEqualsImpl(Assert.java:150)
at org.testng.Assert.assertEquals(Assert.java:132)
at org.testng.Assert.assertEquals(Assert.java:656)
at org.testng.Assert.assertEquals(Assert.java:666)
at defenitions.arraysd.user_should_be_directed_to_array_page(arraysd.java:227)
at ✽.User should be directed to array page(file:///C:/Manju/SDET/ds-algoproject/src/test/resources/features/Arrays.feature:130)
]]>
    </failure>
  </testcase> <!-- runScenario -->
  <testcase classname="io.cucumber.testng.AbstractTestNGCucumberTests" name="runScenario" time="3.61">
    <failure type="java.lang.AssertionError" message="expected [https://dsportalapp.herokuapp.com/array/] but found [https://dsportalapp.herokuapp.com/home]">
      <![CDATA[java.lang.AssertionError: expected [https://dsportalapp.herokuapp.com/array/] but found [https://dsportalapp.herokuapp.com/home]
at org.testng.Assert.fail(Assert.java:111)
at org.testng.Assert.failNotEquals(Assert.java:1578)
at org.testng.Assert.assertEqualsImpl(Assert.java:150)
at org.testng.Assert.assertEquals(Assert.java:132)
at org.testng.Assert.assertEquals(Assert.java:656)
at org.testng.Assert.assertEquals(Assert.java:666)
at defenitions.arraysd.user_should_be_directed_to_array_page(arraysd.java:227)
at ✽.User should be directed to array page(file:///C:/Manju/SDET/ds-algoproject/src/test/resources/features/Arrays.feature:130)
]]>
    </failure>
  </testcase> <!-- runScenario -->
  <testcase classname="io.cucumber.testng.AbstractTestNGCucumberTests" name="runScenario" time="3.658">
    <failure type="java.lang.AssertionError" message="expected [https://dsportalapp.herokuapp.com/array/] but found [https://dsportalapp.herokuapp.com/home]">
      <![CDATA[java.lang.AssertionError: expected [https://dsportalapp.herokuapp.com/array/] but found [https://dsportalapp.herokuapp.com/home]
at org.testng.Assert.fail(Assert.java:111)
at org.testng.Assert.failNotEquals(Assert.java:1578)
at org.testng.Assert.assertEqualsImpl(Assert.java:150)
at org.testng.Assert.assertEquals(Assert.java:132)
at org.testng.Assert.assertEquals(Assert.java:656)
at org.testng.Assert.assertEquals(Assert.java:666)
at defenitions.arraysd.user_should_be_directed_to_array_page(arraysd.java:227)
at ✽.User should be directed to array page(file:///C:/Manju/SDET/ds-algoproject/src/test/resources/features/Arrays.feature:130)
]]>
    </failure>
  </testcase> <!-- runScenario -->
  <testcase classname="io.cucumber.testng.AbstractTestNGCucumberTests" name="runScenario" time="4.008">
    <failure type="java.lang.AssertionError" message="expected [https://dsportalapp.herokuapp.com/array/] but found [https://dsportalapp.herokuapp.com/home]">
      <![CDATA[java.lang.AssertionError: expected [https://dsportalapp.herokuapp.com/array/] but found [https://dsportalapp.herokuapp.com/home]
at org.testng.Assert.fail(Assert.java:111)
at org.testng.Assert.failNotEquals(Assert.java:1578)
at org.testng.Assert.assertEqualsImpl(Assert.java:150)
at org.testng.Assert.assertEquals(Assert.java:132)
at org.testng.Assert.assertEquals(Assert.java:656)
at org.testng.Assert.assertEquals(Assert.java:666)
at defenitions.arraysd.user_should_be_directed_to_array_page(arraysd.java:227)
at ✽.User should be directed to array page(file:///C:/Manju/SDET/ds-algoproject/src/test/resources/features/Arrays.feature:130)
]]>
    </failure>
  </testcase> <!-- runScenario -->
  <testcase classname="io.cucumber.testng.AbstractTestNGCucumberTests" name="runScenario" time="4.046">
    <failure type="java.lang.AssertionError" message="expected [https://dsportalapp.herokuapp.com/array/] but found [https://dsportalapp.herokuapp.com/home]">
      <![CDATA[java.lang.AssertionError: expected [https://dsportalapp.herokuapp.com/array/] but found [https://dsportalapp.herokuapp.com/home]
at org.testng.Assert.fail(Assert.java:111)
at org.testng.Assert.failNotEquals(Assert.java:1578)
at org.testng.Assert.assertEqualsImpl(Assert.java:150)
at org.testng.Assert.assertEquals(Assert.java:132)
at org.testng.Assert.assertEquals(Assert.java:656)
at org.testng.Assert.assertEquals(Assert.java:666)
at defenitions.arraysd.user_should_be_directed_to_array_page(arraysd.java:227)
at ✽.User should be directed to array page(file:///C:/Manju/SDET/ds-algoproject/src/test/resources/features/Arrays.feature:130)
]]>
    </failure>
  </testcase> <!-- runScenario -->
  <testcase classname="io.cucumber.testng.AbstractTestNGCucumberTests" name="runScenario" time="3.951">
    <failure type="java.lang.AssertionError" message="expected [https://dsportalapp.herokuapp.com/array/] but found [https://dsportalapp.herokuapp.com/home]">
      <![CDATA[java.lang.AssertionError: expected [https://dsportalapp.herokuapp.com/array/] but found [https://dsportalapp.herokuapp.com/home]
at org.testng.Assert.fail(Assert.java:111)
at org.testng.Assert.failNotEquals(Assert.java:1578)
at org.testng.Assert.assertEqualsImpl(Assert.java:150)
at org.testng.Assert.assertEquals(Assert.java:132)
at org.testng.Assert.assertEquals(Assert.java:656)
at org.testng.Assert.assertEquals(Assert.java:666)
at defenitions.arraysd.user_should_be_directed_to_array_page(arraysd.java:227)
at ✽.User should be directed to array page(file:///C:/Manju/SDET/ds-algoproject/src/test/resources/features/Arrays.feature:130)
]]>
    </failure>
  </testcase> <!-- runScenario -->
  <testcase classname="io.cucumber.testng.AbstractTestNGCucumberTests" name="runScenario" time="3.746">
    <failure type="java.lang.AssertionError" message="expected [https://dsportalapp.herokuapp.com/array/] but found [https://dsportalapp.herokuapp.com/home]">
      <![CDATA[java.lang.AssertionError: expected [https://dsportalapp.herokuapp.com/array/] but found [https://dsportalapp.herokuapp.com/home]
at org.testng.Assert.fail(Assert.java:111)
at org.testng.Assert.failNotEquals(Assert.java:1578)
at org.testng.Assert.assertEqualsImpl(Assert.java:150)
at org.testng.Assert.assertEquals(Assert.java:132)
at org.testng.Assert.assertEquals(Assert.java:656)
at org.testng.Assert.assertEquals(Assert.java:666)
at defenitions.arraysd.user_should_be_directed_to_array_page(arraysd.java:227)
at ✽.User should be directed to array page(file:///C:/Manju/SDET/ds-algoproject/src/test/resources/features/Arrays.feature:130)
]]>
    </failure>
  </testcase> <!-- runScenario -->
  <testcase classname="io.cucumber.testng.AbstractTestNGCucumberTests" name="runScenario" time="3.559">
    <failure type="java.lang.AssertionError" message="expected [https://dsportalapp.herokuapp.com/array/] but found [https://dsportalapp.herokuapp.com/home]">
      <![CDATA[java.lang.AssertionError: expected [https://dsportalapp.herokuapp.com/array/] but found [https://dsportalapp.herokuapp.com/home]
at org.testng.Assert.fail(Assert.java:111)
at org.testng.Assert.failNotEquals(Assert.java:1578)
at org.testng.Assert.assertEqualsImpl(Assert.java:150)
at org.testng.Assert.assertEquals(Assert.java:132)
at org.testng.Assert.assertEquals(Assert.java:656)
at org.testng.Assert.assertEquals(Assert.java:666)
at defenitions.arraysd.user_should_be_directed_to_array_page(arraysd.java:227)
at ✽.User should be directed to array page(file:///C:/Manju/SDET/ds-algoproject/src/test/resources/features/Arrays.feature:130)
]]>
    </failure>
  </testcase> <!-- runScenario -->
  <testcase classname="io.cucumber.testng.AbstractTestNGCucumberTests" name="runScenario" time="3.535">
    <failure type="java.lang.AssertionError" message="expected [https://dsportalapp.herokuapp.com/array/] but found [https://dsportalapp.herokuapp.com/home]">
      <![CDATA[java.lang.AssertionError: expected [https://dsportalapp.herokuapp.com/array/] but found [https://dsportalapp.herokuapp.com/home]
at org.testng.Assert.fail(Assert.java:111)
at org.testng.Assert.failNotEquals(Assert.java:1578)
at org.testng.Assert.assertEqualsImpl(Assert.java:150)
at org.testng.Assert.assertEquals(Assert.java:132)
at org.testng.Assert.assertEquals(Assert.java:656)
at org.testng.Assert.assertEquals(Assert.java:666)
at defenitions.arraysd.user_should_be_directed_to_array_page(arraysd.java:227)
at ✽.User should be directed to array page(file:///C:/Manju/SDET/ds-algoproject/src/test/resources/features/Arrays.feature:130)
]]>
    </failure>
  </testcase> <!-- runScenario -->
  <testcase classname="io.cucumber.testng.AbstractTestNGCucumberTests" name="runScenario" time="3.638">
    <failure type="java.lang.AssertionError" message="expected [https://dsportalapp.herokuapp.com/array/] but found [https://dsportalapp.herokuapp.com/home]">
      <![CDATA[java.lang.AssertionError: expected [https://dsportalapp.herokuapp.com/array/] but found [https://dsportalapp.herokuapp.com/home]
at org.testng.Assert.fail(Assert.java:111)
at org.testng.Assert.failNotEquals(Assert.java:1578)
at org.testng.Assert.assertEqualsImpl(Assert.java:150)
at org.testng.Assert.assertEquals(Assert.java:132)
at org.testng.Assert.assertEquals(Assert.java:656)
at org.testng.Assert.assertEquals(Assert.java:666)
at defenitions.arraysd.user_should_be_directed_to_array_page(arraysd.java:227)
at ✽.User should be directed to array page(file:///C:/Manju/SDET/ds-algoproject/src/test/resources/features/Arrays.feature:130)
]]>
    </failure>
  </testcase> <!-- runScenario -->
  <testcase classname="io.cucumber.testng.AbstractTestNGCucumberTests" name="runScenario" time="3.953">
    <failure type="java.lang.AssertionError" message="expected [https://dsportalapp.herokuapp.com/array/] but found [https://dsportalapp.herokuapp.com/home]">
      <![CDATA[java.lang.AssertionError: expected [https://dsportalapp.herokuapp.com/array/] but found [https://dsportalapp.herokuapp.com/home]
at org.testng.Assert.fail(Assert.java:111)
at org.testng.Assert.failNotEquals(Assert.java:1578)
at org.testng.Assert.assertEqualsImpl(Assert.java:150)
at org.testng.Assert.assertEquals(Assert.java:132)
at org.testng.Assert.assertEquals(Assert.java:656)
at org.testng.Assert.assertEquals(Assert.java:666)
at defenitions.arraysd.user_should_be_directed_to_array_page(arraysd.java:227)
at ✽.User should be directed to array page(file:///C:/Manju/SDET/ds-algoproject/src/test/resources/features/Arrays.feature:130)
]]>
    </failure>
  </testcase> <!-- runScenario -->
  <testcase classname="io.cucumber.testng.AbstractTestNGCucumberTests" name="runScenario" time="3.607">
    <failure type="java.lang.AssertionError" message="expected [https://dsportalapp.herokuapp.com/array/] but found [https://dsportalapp.herokuapp.com/home]">
      <![CDATA[java.lang.AssertionError: expected [https://dsportalapp.herokuapp.com/array/] but found [https://dsportalapp.herokuapp.com/home]
at org.testng.Assert.fail(Assert.java:111)
at org.testng.Assert.failNotEquals(Assert.java:1578)
at org.testng.Assert.assertEqualsImpl(Assert.java:150)
at org.testng.Assert.assertEquals(Assert.java:132)
at org.testng.Assert.assertEquals(Assert.java:656)
at org.testng.Assert.assertEquals(Assert.java:666)
at defenitions.arraysd.user_should_be_navigated_to_array_page(arraysd.java:284)
at ✽.User should be navigated to array page(file:///C:/Manju/SDET/ds-algoproject/src/test/resources/features/Arrays.feature:162)
]]>
    </failure>
  </testcase> <!-- runScenario -->
  <testcase classname="io.cucumber.testng.AbstractTestNGCucumberTests" name="runScenario" time="3.556">
    <failure type="java.lang.AssertionError" message="expected [https://dsportalapp.herokuapp.com/array/] but found [https://dsportalapp.herokuapp.com/home]">
      <![CDATA[java.lang.AssertionError: expected [https://dsportalapp.herokuapp.com/array/] but found [https://dsportalapp.herokuapp.com/home]
at org.testng.Assert.fail(Assert.java:111)
at org.testng.Assert.failNotEquals(Assert.java:1578)
at org.testng.Assert.assertEqualsImpl(Assert.java:150)
at org.testng.Assert.assertEquals(Assert.java:132)
at org.testng.Assert.assertEquals(Assert.java:656)
at org.testng.Assert.assertEquals(Assert.java:666)
at defenitions.arraysd.user_should_be_navigated_to_array_page(arraysd.java:284)
at ✽.User should be navigated to array page(file:///C:/Manju/SDET/ds-algoproject/src/test/resources/features/Arrays.feature:162)
]]>
    </failure>
  </testcase> <!-- runScenario -->
  <testcase classname="io.cucumber.testng.AbstractTestNGCucumberTests" name="runScenario" time="3.855">
    <failure type="java.lang.AssertionError" message="expected [https://dsportalapp.herokuapp.com/array/] but found [https://dsportalapp.herokuapp.com/home]">
      <![CDATA[java.lang.AssertionError: expected [https://dsportalapp.herokuapp.com/array/] but found [https://dsportalapp.herokuapp.com/home]
at org.testng.Assert.fail(Assert.java:111)
at org.testng.Assert.failNotEquals(Assert.java:1578)
at org.testng.Assert.assertEqualsImpl(Assert.java:150)
at org.testng.Assert.assertEquals(Assert.java:132)
at org.testng.Assert.assertEquals(Assert.java:656)
at org.testng.Assert.assertEquals(Assert.java:666)
at defenitions.arraysd.user_should_be_navigated_to_array_page(arraysd.java:284)
at ✽.User should be navigated to array page(file:///C:/Manju/SDET/ds-algoproject/src/test/resources/features/Arrays.feature:162)
]]>
    </failure>
  </testcase> <!-- runScenario -->
  <testcase classname="io.cucumber.testng.AbstractTestNGCucumberTests" name="runScenario" time="3.875">
    <failure type="java.lang.AssertionError" message="expected [https://dsportalapp.herokuapp.com/array/] but found [https://dsportalapp.herokuapp.com/home]">
      <![CDATA[java.lang.AssertionError: expected [https://dsportalapp.herokuapp.com/array/] but found [https://dsportalapp.herokuapp.com/home]
at org.testng.Assert.fail(Assert.java:111)
at org.testng.Assert.failNotEquals(Assert.java:1578)
at org.testng.Assert.assertEqualsImpl(Assert.java:150)
at org.testng.Assert.assertEquals(Assert.java:132)
at org.testng.Assert.assertEquals(Assert.java:656)
at org.testng.Assert.assertEquals(Assert.java:666)
at defenitions.arraysd.user_should_be_navigated_to_array_page(arraysd.java:284)
at ✽.User should be navigated to array page(file:///C:/Manju/SDET/ds-algoproject/src/test/resources/features/Arrays.feature:162)
]]>
    </failure>
  </testcase> <!-- runScenario -->
  <testcase classname="io.cucumber.testng.AbstractTestNGCucumberTests" name="runScenario" time="3.529">
    <failure type="java.lang.AssertionError" message="expected [https://dsportalapp.herokuapp.com/array/] but found [https://dsportalapp.herokuapp.com/home]">
      <![CDATA[java.lang.AssertionError: expected [https://dsportalapp.herokuapp.com/array/] but found [https://dsportalapp.herokuapp.com/home]
at org.testng.Assert.fail(Assert.java:111)
at org.testng.Assert.failNotEquals(Assert.java:1578)
at org.testng.Assert.assertEqualsImpl(Assert.java:150)
at org.testng.Assert.assertEquals(Assert.java:132)
at org.testng.Assert.assertEquals(Assert.java:656)
at org.testng.Assert.assertEquals(Assert.java:666)
at defenitions.arraysd.user_should_be_navigated_to_array_page(arraysd.java:284)
at ✽.User should be navigated to array page(file:///C:/Manju/SDET/ds-algoproject/src/test/resources/features/Arrays.feature:162)
]]>
    </failure>
  </testcase> <!-- runScenario -->
  <testcase classname="io.cucumber.testng.AbstractTestNGCucumberTests" name="runScenario" time="3.679">
    <failure type="java.lang.AssertionError" message="expected [https://dsportalapp.herokuapp.com/array/] but found [https://dsportalapp.herokuapp.com/home]">
      <![CDATA[java.lang.AssertionError: expected [https://dsportalapp.herokuapp.com/array/] but found [https://dsportalapp.herokuapp.com/home]
at org.testng.Assert.fail(Assert.java:111)
at org.testng.Assert.failNotEquals(Assert.java:1578)
at org.testng.Assert.assertEqualsImpl(Assert.java:150)
at org.testng.Assert.assertEquals(Assert.java:132)
at org.testng.Assert.assertEquals(Assert.java:656)
at org.testng.Assert.assertEquals(Assert.java:666)
at defenitions.arraysd.user_should_be_navigated_to_array_page(arraysd.java:284)
at ✽.User should be navigated to array page(file:///C:/Manju/SDET/ds-algoproject/src/test/resources/features/Arrays.feature:162)
]]>
    </failure>
  </testcase> <!-- runScenario -->
  <testcase classname="io.cucumber.testng.AbstractTestNGCucumberTests" name="runScenario" time="4.024">
    <failure type="java.lang.AssertionError" message="expected [https://dsportalapp.herokuapp.com/array/] but found [https://dsportalapp.herokuapp.com/home]">
      <![CDATA[java.lang.AssertionError: expected [https://dsportalapp.herokuapp.com/array/] but found [https://dsportalapp.herokuapp.com/home]
at org.testng.Assert.fail(Assert.java:111)
at org.testng.Assert.failNotEquals(Assert.java:1578)
at org.testng.Assert.assertEqualsImpl(Assert.java:150)
at org.testng.Assert.assertEquals(Assert.java:132)
at org.testng.Assert.assertEquals(Assert.java:656)
at org.testng.Assert.assertEquals(Assert.java:666)
at defenitions.arraysd.user_should_be_navigated_to_array_page(arraysd.java:284)
at ✽.User should be navigated to array page(file:///C:/Manju/SDET/ds-algoproject/src/test/resources/features/Arrays.feature:162)
]]>
    </failure>
  </testcase> <!-- runScenario -->
  <testcase classname="io.cucumber.testng.AbstractTestNGCucumberTests" name="runScenario" time="3.494">
    <failure type="java.lang.AssertionError" message="expected [https://dsportalapp.herokuapp.com/array/] but found [https://dsportalapp.herokuapp.com/home]">
      <![CDATA[java.lang.AssertionError: expected [https://dsportalapp.herokuapp.com/array/] but found [https://dsportalapp.herokuapp.com/home]
at org.testng.Assert.fail(Assert.java:111)
at org.testng.Assert.failNotEquals(Assert.java:1578)
at org.testng.Assert.assertEqualsImpl(Assert.java:150)
at org.testng.Assert.assertEquals(Assert.java:132)
at org.testng.Assert.assertEquals(Assert.java:656)
at org.testng.Assert.assertEquals(Assert.java:666)
at defenitions.arraysd.user_should_be_navigated_to_array_page(arraysd.java:284)
at ✽.User should be navigated to array page(file:///C:/Manju/SDET/ds-algoproject/src/test/resources/features/Arrays.feature:162)
]]>
    </failure>
  </testcase> <!-- runScenario -->
  <testcase classname="io.cucumber.testng.AbstractTestNGCucumberTests" name="runScenario" time="3.567">
    <failure type="java.lang.AssertionError" message="expected [https://dsportalapp.herokuapp.com/array/] but found [https://dsportalapp.herokuapp.com/home]">
      <![CDATA[java.lang.AssertionError: expected [https://dsportalapp.herokuapp.com/array/] but found [https://dsportalapp.herokuapp.com/home]
at org.testng.Assert.fail(Assert.java:111)
at org.testng.Assert.failNotEquals(Assert.java:1578)
at org.testng.Assert.assertEqualsImpl(Assert.java:150)
at org.testng.Assert.assertEquals(Assert.java:132)
at org.testng.Assert.assertEquals(Assert.java:656)
at org.testng.Assert.assertEquals(Assert.java:666)
at defenitions.arraysd.user_should_be_navigated_to_array_page(arraysd.java:284)
at ✽.User should be navigated to array page(file:///C:/Manju/SDET/ds-algoproject/src/test/resources/features/Arrays.feature:162)
]]>
    </failure>
  </testcase> <!-- runScenario -->
  <testcase classname="io.cucumber.testng.AbstractTestNGCucumberTests" name="runScenario" time="3.776">
    <failure type="java.lang.AssertionError" message="expected [https://dsportalapp.herokuapp.com/array/] but found [https://dsportalapp.herokuapp.com/home]">
      <![CDATA[java.lang.AssertionError: expected [https://dsportalapp.herokuapp.com/array/] but found [https://dsportalapp.herokuapp.com/home]
at org.testng.Assert.fail(Assert.java:111)
at org.testng.Assert.failNotEquals(Assert.java:1578)
at org.testng.Assert.assertEqualsImpl(Assert.java:150)
at org.testng.Assert.assertEquals(Assert.java:132)
at org.testng.Assert.assertEquals(Assert.java:656)
at org.testng.Assert.assertEquals(Assert.java:666)
at defenitions.arraysd.user_should_be_navigated_to_array_page(arraysd.java:284)
at ✽.User should be navigated to array page(file:///C:/Manju/SDET/ds-algoproject/src/test/resources/features/Arrays.feature:162)
]]>
    </failure>
  </testcase> <!-- runScenario -->
  <testcase classname="io.cucumber.testng.AbstractTestNGCucumberTests" name="runScenario" time="3.524">
    <failure type="java.lang.AssertionError" message="expected [https://dsportalapp.herokuapp.com/array/] but found [https://dsportalapp.herokuapp.com/home]">
      <![CDATA[java.lang.AssertionError: expected [https://dsportalapp.herokuapp.com/array/] but found [https://dsportalapp.herokuapp.com/home]
at org.testng.Assert.fail(Assert.java:111)
at org.testng.Assert.failNotEquals(Assert.java:1578)
at org.testng.Assert.assertEqualsImpl(Assert.java:150)
at org.testng.Assert.assertEquals(Assert.java:132)
at org.testng.Assert.assertEquals(Assert.java:656)
at org.testng.Assert.assertEquals(Assert.java:666)
at defenitions.arraysd.user_should_be_navigated_to_array_page(arraysd.java:284)
at ✽.User should be navigated to array page(file:///C:/Manju/SDET/ds-algoproject/src/test/resources/features/Arrays.feature:162)
]]>
    </failure>
  </testcase> <!-- runScenario -->
  <testcase classname="io.cucumber.testng.AbstractTestNGCucumberTests" name="runScenario" time="4.073">
    <failure type="java.lang.AssertionError" message="expected [https://dsportalapp.herokuapp.com/array/] but found [https://dsportalapp.herokuapp.com/home]">
      <![CDATA[java.lang.AssertionError: expected [https://dsportalapp.herokuapp.com/array/] but found [https://dsportalapp.herokuapp.com/home]
at org.testng.Assert.fail(Assert.java:111)
at org.testng.Assert.failNotEquals(Assert.java:1578)
at org.testng.Assert.assertEqualsImpl(Assert.java:150)
at org.testng.Assert.assertEquals(Assert.java:132)
at org.testng.Assert.assertEquals(Assert.java:656)
at org.testng.Assert.assertEquals(Assert.java:666)
at defenitions.arraysd.user_should_be_navigated_to_array_page(arraysd.java:284)
at ✽.User should be navigated to array page(file:///C:/Manju/SDET/ds-algoproject/src/test/resources/features/Arrays.feature:162)
]]>
    </failure>
  </testcase> <!-- runScenario -->
  <testcase classname="io.cucumber.testng.AbstractTestNGCucumberTests" name="runScenario" time="3.889">
    <failure type="java.lang.AssertionError" message="expected [https://dsportalapp.herokuapp.com/array/] but found [https://dsportalapp.herokuapp.com/home]">
      <![CDATA[java.lang.AssertionError: expected [https://dsportalapp.herokuapp.com/array/] but found [https://dsportalapp.herokuapp.com/home]
at org.testng.Assert.fail(Assert.java:111)
at org.testng.Assert.failNotEquals(Assert.java:1578)
at org.testng.Assert.assertEqualsImpl(Assert.java:150)
at org.testng.Assert.assertEquals(Assert.java:132)
at org.testng.Assert.assertEquals(Assert.java:656)
at org.testng.Assert.assertEquals(Assert.java:666)
at defenitions.arraysd.user_should_be_navigated_to_array_page(arraysd.java:284)
at ✽.User should be navigated to array page(file:///C:/Manju/SDET/ds-algoproject/src/test/resources/features/Arrays.feature:162)
]]>
    </failure>
  </testcase> <!-- runScenario -->
  <testcase classname="io.cucumber.testng.AbstractTestNGCucumberTests" name="runScenario" time="3.759">
    <failure type="java.lang.AssertionError" message="expected [https://dsportalapp.herokuapp.com/array/] but found [https://dsportalapp.herokuapp.com/home]">
      <![CDATA[java.lang.AssertionError: expected [https://dsportalapp.herokuapp.com/array/] but found [https://dsportalapp.herokuapp.com/home]
at org.testng.Assert.fail(Assert.java:111)
at org.testng.Assert.failNotEquals(Assert.java:1578)
at org.testng.Assert.assertEqualsImpl(Assert.java:150)
at org.testng.Assert.assertEquals(Assert.java:132)
at org.testng.Assert.assertEquals(Assert.java:656)
at org.testng.Assert.assertEquals(Assert.java:666)
at defenitions.arraysd.user_should_be_navigated_to_array_page(arraysd.java:284)
at ✽.User should be navigated to array page(file:///C:/Manju/SDET/ds-algoproject/src/test/resources/features/Arrays.feature:162)
]]>
    </failure>
  </testcase> <!-- runScenario -->
  <testcase classname="io.cucumber.testng.AbstractTestNGCucumberTests" name="runScenario" time="4.574">
    <failure type="java.lang.AssertionError" message="expected [https://dsportalapp.herokuapp.com/array/] but found [https://dsportalapp.herokuapp.com/home]">
      <![CDATA[java.lang.AssertionError: expected [https://dsportalapp.herokuapp.com/array/] but found [https://dsportalapp.herokuapp.com/home]
at org.testng.Assert.fail(Assert.java:111)
at org.testng.Assert.failNotEquals(Assert.java:1578)
at org.testng.Assert.assertEqualsImpl(Assert.java:150)
at org.testng.Assert.assertEquals(Assert.java:132)
at org.testng.Assert.assertEquals(Assert.java:656)
at org.testng.Assert.assertEquals(Assert.java:666)
at defenitions.arraysd.user_should_be_navigated_to_array_page(arraysd.java:284)
at ✽.User should be navigated to array page(file:///C:/Manju/SDET/ds-algoproject/src/test/resources/features/Arrays.feature:162)
]]>
    </failure>
  </testcase> <!-- runScenario -->
  <testcase classname="io.cucumber.testng.AbstractTestNGCucumberTests" name="runScenario" time="3.712">
    <failure type="java.lang.AssertionError" message="expected [https://dsportalapp.herokuapp.com/array/] but found [https://dsportalapp.herokuapp.com/home]">
      <![CDATA[java.lang.AssertionError: expected [https://dsportalapp.herokuapp.com/array/] but found [https://dsportalapp.herokuapp.com/home]
at org.testng.Assert.fail(Assert.java:111)
at org.testng.Assert.failNotEquals(Assert.java:1578)
at org.testng.Assert.assertEqualsImpl(Assert.java:150)
at org.testng.Assert.assertEquals(Assert.java:132)
at org.testng.Assert.assertEquals(Assert.java:656)
at org.testng.Assert.assertEquals(Assert.java:666)
at defenitions.arraysd.user_should_be_navigated_to_array_page(arraysd.java:284)
at ✽.User should be navigated to array page(file:///C:/Manju/SDET/ds-algoproject/src/test/resources/features/Arrays.feature:162)
]]>
    </failure>
  </testcase> <!-- runScenario -->
</testsuite> <!-- Default test -->
