<!DOCTYPE html PUBLIC "-//W3C//DTD XHTML 1.1//EN" "https://www.w3.org/TR/xhtml11/DTD/xhtml11.dtd">
<html xmlns="https://www.w3.org/1999/xhtml">
<head>
<meta http-equiv="content-type" content="text/html; charset=UTF-8"/>
<title>TestNG Report</title>
<style type="text/css">table {margin-bottom:10px;border-collapse:collapse;empty-cells:show}th,td {border:1px solid #009;padding:.25em .5em}th {vertical-align:bottom}td {vertical-align:top}table a {font-weight:bold}.stripe td {background-color: #E6EBF9}.num {text-align:right}.passedodd td {background-color: #3F3}.passedeven td {background-color: #0A0}.skippedodd td {background-color: #DDD}.skippedeven td {background-color: #CCC}.failedodd td,.attn {background-color: #F33}.failedeven td,.stripe .attn {background-color: #D00}.stacktrace {white-space:pre;font-family:monospace}.totop {font-size:85%;text-align:center;border-bottom:2px solid #000}.invisible {display:none}</style>
</head>
<body>
<table>
<tr><th>Test</th><th># Passed</th><th># Skipped</th><th># Retried</th><th># Failed</th><th>Time (ms)</th><th>Included Groups</th><th>Excluded Groups</th></tr>
<tr><th colspan="8">Default suite</th></tr>
<tr><td><a href="#t0">Default test</a></td><td class="num">0</td><td class="num">0</td><td class="num">0</td><td class="num attn">73</td><td class="num">288,527</td><td></td><td></td></tr>
</table>
<table id='summary'><thead><tr><th>Class</th><th>Method</th><th>Start</th><th>Time (ms)</th></tr></thead><tbody><tr><th colspan="4">Default suite</th></tr></tbody><tbody id="t0"><tr><th colspan="4">Default test &#8212; failed</th></tr><tr class="failedeven"><td rowspan="73">runner.TestRunner</td><td><a href="#m0">runScenario</a></td><td rowspan="73">1692399587993</td><td rowspan="73">3843</td></tr><tr class="failedeven"><td><a href="#m1">runScenario</a></td></tr><tr class="failedeven"><td><a href="#m2">runScenario</a></td></tr><tr class="failedeven"><td><a href="#m3">runScenario</a></td></tr><tr class="failedeven"><td><a href="#m4">runScenario</a></td></tr><tr class="failedeven"><td><a href="#m5">runScenario</a></td></tr><tr class="failedeven"><td><a href="#m6">runScenario</a></td></tr><tr class="failedeven"><td><a href="#m7">runScenario</a></td></tr><tr class="failedeven"><td><a href="#m8">runScenario</a></td></tr><tr class="failedeven"><td><a href="#m9">runScenario</a></td></tr><tr class="failedeven"><td><a href="#m10">runScenario</a></td></tr><tr class="failedeven"><td><a href="#m11">runScenario</a></td></tr><tr class="failedeven"><td><a href="#m12">runScenario</a></td></tr><tr class="failedeven"><td><a href="#m13">runScenario</a></td></tr><tr class="failedeven"><td><a href="#m14">runScenario</a></td></tr><tr class="failedeven"><td><a href="#m15">runScenario</a></td></tr><tr class="failedeven"><td><a href="#m16">runScenario</a></td></tr><tr class="failedeven"><td><a href="#m17">runScenario</a></td></tr><tr class="failedeven"><td><a href="#m18">runScenario</a></td></tr><tr class="failedeven"><td><a href="#m19">runScenario</a></td></tr><tr class="failedeven"><td><a href="#m20">runScenario</a></td></tr><tr class="failedeven"><td><a href="#m21">runScenario</a></td></tr><tr class="failedeven"><td><a href="#m22">runScenario</a></td></tr><tr class="failedeven"><td><a href="#m23">runScenario</a></td></tr><tr class="failedeven"><td><a href="#m24">runScenario</a></td></tr><tr class="failedeven"><td><a href="#m25">runScenario</a></td></tr><tr class="failedeven"><td><a href="#m26">runScenario</a></td></tr><tr class="failedeven"><td><a href="#m27">runScenario</a></td></tr><tr class="failedeven"><td><a href="#m28">runScenario</a></td></tr><tr class="failedeven"><td><a href="#m29">runScenario</a></td></tr><tr class="failedeven"><td><a href="#m30">runScenario</a></td></tr><tr class="failedeven"><td><a href="#m31">runScenario</a></td></tr><tr class="failedeven"><td><a href="#m32">runScenario</a></td></tr><tr class="failedeven"><td><a href="#m33">runScenario</a></td></tr><tr class="failedeven"><td><a href="#m34">runScenario</a></td></tr><tr class="failedeven"><td><a href="#m35">runScenario</a></td></tr><tr class="failedeven"><td><a href="#m36">runScenario</a></td></tr><tr class="failedeven"><td><a href="#m37">runScenario</a></td></tr><tr class="failedeven"><td><a href="#m38">runScenario</a></td></tr><tr class="failedeven"><td><a href="#m39">runScenario</a></td></tr><tr class="failedeven"><td><a href="#m40">runScenario</a></td></tr><tr class="failedeven"><td><a href="#m41">runScenario</a></td></tr><tr class="failedeven"><td><a href="#m42">runScenario</a></td></tr><tr class="failedeven"><td><a href="#m43">runScenario</a></td></tr><tr class="failedeven"><td><a href="#m44">runScenario</a></td></tr><tr class="failedeven"><td><a href="#m45">runScenario</a></td></tr><tr class="failedeven"><td><a href="#m46">runScenario</a></td></tr><tr class="failedeven"><td><a href="#m47">runScenario</a></td></tr><tr class="failedeven"><td><a href="#m48">runScenario</a></td></tr><tr class="failedeven"><td><a href="#m49">runScenario</a></td></tr><tr class="failedeven"><td><a href="#m50">runScenario</a></td></tr><tr class="failedeven"><td><a href="#m51">runScenario</a></td></tr><tr class="failedeven"><td><a href="#m52">runScenario</a></td></tr><tr class="failedeven"><td><a href="#m53">runScenario</a></td></tr><tr class="failedeven"><td><a href="#m54">runScenario</a></td></tr><tr class="failedeven"><td><a href="#m55">runScenario</a></td></tr><tr class="failedeven"><td><a href="#m56">runScenario</a></td></tr><tr class="failedeven"><td><a href="#m57">runScenario</a></td></tr><tr class="failedeven"><td><a href="#m58">runScenario</a></td></tr><tr class="failedeven"><td><a href="#m59">runScenario</a></td></tr><tr class="failedeven"><td><a href="#m60">runScenario</a></td></tr><tr class="failedeven"><td><a href="#m61">runScenario</a></td></tr><tr class="failedeven"><td><a href="#m62">runScenario</a></td></tr><tr class="failedeven"><td><a href="#m63">runScenario</a></td></tr><tr class="failedeven"><td><a href="#m64">runScenario</a></td></tr><tr class="failedeven"><td><a href="#m65">runScenario</a></td></tr><tr class="failedeven"><td><a href="#m66">runScenario</a></td></tr><tr class="failedeven"><td><a href="#m67">runScenario</a></td></tr><tr class="failedeven"><td><a href="#m68">runScenario</a></td></tr><tr class="failedeven"><td><a href="#m69">runScenario</a></td></tr><tr class="failedeven"><td><a href="#m70">runScenario</a></td></tr><tr class="failedeven"><td><a href="#m71">runScenario</a></td></tr><tr class="failedeven"><td><a href="#m72">runScenario</a></td></tr></tbody>
</table>
<h2>Default test</h2><h3 id="m0">runner.TestRunner#runScenario</h3><table class="result"><tr class="param"><th>Parameter #1</th><th>Parameter #2</th></tr><tr class="param stripe"><td>&quot;TryEditor in each links with invalid code&quot;</td><td>&quot;Array verification&quot;</td></tr><tr><th colspan="2">Exception</th></tr><tr><td colspan="2"><div class="stacktrace">java.lang.AssertionError: expected [https://dsportalapp.herokuapp.com/array/] but found [https://dsportalapp.herokuapp.com/home]
	at org.testng.Assert.fail(Assert.java:111)
	at org.testng.Assert.failNotEquals(Assert.java:1578)
	at org.testng.Assert.assertEqualsImpl(Assert.java:150)
	at org.testng.Assert.assertEquals(Assert.java:132)
	at org.testng.Assert.assertEquals(Assert.java:656)
	at org.testng.Assert.assertEquals(Assert.java:666)
	at defenitions.arraysd.user_should_be_directed_to_arrays_page(arraysd.java:139)
	at ✽.User should be directed to arrays page(file:///C:/Manju/SDET/ds-algoproject/src/test/resources/features/Arrays.feature:99)
</div></td></tr></table><p class="totop"><a href="#summary">back to summary</a></p>
<h3 id="m1">runner.TestRunner#runScenario</h3><table class="result"><tr class="param"><th>Parameter #1</th><th>Parameter #2</th></tr><tr class="param stripe"><td>&quot;TryEditor in each links with invalid code&quot;</td><td>&quot;Array verification&quot;</td></tr><tr><th colspan="2">Exception</th></tr><tr><td colspan="2"><div class="stacktrace">java.lang.AssertionError: expected [https://dsportalapp.herokuapp.com/array/] but found [https://dsportalapp.herokuapp.com/home]
	at org.testng.Assert.fail(Assert.java:111)
	at org.testng.Assert.failNotEquals(Assert.java:1578)
	at org.testng.Assert.assertEqualsImpl(Assert.java:150)
	at org.testng.Assert.assertEquals(Assert.java:132)
	at org.testng.Assert.assertEquals(Assert.java:656)
	at org.testng.Assert.assertEquals(Assert.java:666)
	at defenitions.arraysd.user_should_be_directed_to_arrays_page(arraysd.java:139)
	at ✽.User should be directed to arrays page(file:///C:/Manju/SDET/ds-algoproject/src/test/resources/features/Arrays.feature:99)
</div></td></tr></table><p class="totop"><a href="#summary">back to summary</a></p>
<h3 id="m2">runner.TestRunner#runScenario</h3><table class="result"><tr class="param"><th>Parameter #1</th><th>Parameter #2</th></tr><tr class="param stripe"><td>&quot;practice link verification&quot;</td><td>&quot;Array verification&quot;</td></tr><tr><th colspan="2">Exception</th></tr><tr><td colspan="2"><div class="stacktrace">java.lang.AssertionError: expected [https://dsportalapp.herokuapp.com/array/] but found [https://dsportalapp.herokuapp.com/home]
	at org.testng.Assert.fail(Assert.java:111)
	at org.testng.Assert.failNotEquals(Assert.java:1578)
	at org.testng.Assert.assertEqualsImpl(Assert.java:150)
	at org.testng.Assert.assertEquals(Assert.java:132)
	at org.testng.Assert.assertEquals(Assert.java:656)
	at org.testng.Assert.assertEquals(Assert.java:666)
	at defenitions.arraysd.user_should_be_directed_to_array_page(arraysd.java:227)
	at ✽.User should be directed to array page(file:///C:/Manju/SDET/ds-algoproject/src/test/resources/features/Arrays.feature:130)
</div></td></tr></table><p class="totop"><a href="#summary">back to summary</a></p>
<h3 id="m3">runner.TestRunner#runScenario</h3><table class="result"><tr class="param"><th>Parameter #1</th><th>Parameter #2</th></tr><tr class="param stripe"><td>&quot;practice link verification&quot;</td><td>&quot;Array verification&quot;</td></tr><tr><th colspan="2">Exception</th></tr><tr><td colspan="2"><div class="stacktrace">java.lang.AssertionError: expected [https://dsportalapp.herokuapp.com/array/] but found [https://dsportalapp.herokuapp.com/home]
	at org.testng.Assert.fail(Assert.java:111)
	at org.testng.Assert.failNotEquals(Assert.java:1578)
	at org.testng.Assert.assertEqualsImpl(Assert.java:150)
	at org.testng.Assert.assertEquals(Assert.java:132)
	at org.testng.Assert.assertEquals(Assert.java:656)
	at org.testng.Assert.assertEquals(Assert.java:666)
	at defenitions.arraysd.user_should_be_directed_to_array_page(arraysd.java:227)
	at ✽.User should be directed to array page(file:///C:/Manju/SDET/ds-algoproject/src/test/resources/features/Arrays.feature:130)
</div></td></tr></table><p class="totop"><a href="#summary">back to summary</a></p>
<h3 id="m4">runner.TestRunner#runScenario</h3><table class="result"><tr class="param"><th>Parameter #1</th><th>Parameter #2</th></tr><tr class="param stripe"><td>&quot;practice link verification&quot;</td><td>&quot;Array verification&quot;</td></tr><tr><th colspan="2">Exception</th></tr><tr><td colspan="2"><div class="stacktrace">java.lang.AssertionError: expected [https://dsportalapp.herokuapp.com/array/] but found [https://dsportalapp.herokuapp.com/home]
	at org.testng.Assert.fail(Assert.java:111)
	at org.testng.Assert.failNotEquals(Assert.java:1578)
	at org.testng.Assert.assertEqualsImpl(Assert.java:150)
	at org.testng.Assert.assertEquals(Assert.java:132)
	at org.testng.Assert.assertEquals(Assert.java:656)
	at org.testng.Assert.assertEquals(Assert.java:666)
	at defenitions.arraysd.user_should_be_navigated_to_array_page(arraysd.java:284)
	at ✽.User should be navigated to array page(file:///C:/Manju/SDET/ds-algoproject/src/test/resources/features/Arrays.feature:162)
</div></td></tr></table><p class="totop"><a href="#summary">back to summary</a></p>
<h3 id="m5">runner.TestRunner#runScenario</h3><table class="result"><tr class="param"><th>Parameter #1</th><th>Parameter #2</th></tr><tr class="param stripe"><td>&quot;practice link verification&quot;</td><td>&quot;Array verification&quot;</td></tr><tr><th colspan="2">Exception</th></tr><tr><td colspan="2"><div class="stacktrace">java.lang.AssertionError: expected [https://dsportalapp.herokuapp.com/array/] but found [https://dsportalapp.herokuapp.com/home]
	at org.testng.Assert.fail(Assert.java:111)
	at org.testng.Assert.failNotEquals(Assert.java:1578)
	at org.testng.Assert.assertEqualsImpl(Assert.java:150)
	at org.testng.Assert.assertEquals(Assert.java:132)
	at org.testng.Assert.assertEquals(Assert.java:656)
	at org.testng.Assert.assertEquals(Assert.java:666)
	at defenitions.arraysd.user_should_be_navigated_to_array_page(arraysd.java:284)
	at ✽.User should be navigated to array page(file:///C:/Manju/SDET/ds-algoproject/src/test/resources/features/Arrays.feature:162)
</div></td></tr></table><p class="totop"><a href="#summary">back to summary</a></p>
<h3 id="m6">runner.TestRunner#runScenario</h3><table class="result"><tr class="param"><th>Parameter #1</th><th>Parameter #2</th></tr><tr class="param stripe"><td>&quot;TryEditor link with valid code  in each page&quot;</td><td>&quot;Array verification&quot;</td></tr><tr><th colspan="2">Exception</th></tr><tr><td colspan="2"><div class="stacktrace">java.lang.AssertionError: expected [https://dsportalapp.herokuapp.com/array/] but found [https://dsportalapp.herokuapp.com/home]
	at org.testng.Assert.fail(Assert.java:111)
	at org.testng.Assert.failNotEquals(Assert.java:1578)
	at org.testng.Assert.assertEqualsImpl(Assert.java:150)
	at org.testng.Assert.assertEquals(Assert.java:132)
	at org.testng.Assert.assertEquals(Assert.java:656)
	at org.testng.Assert.assertEquals(Assert.java:666)
	at defenitions.arraysd.user_should_navigated_to_arrays_page(arraysd.java:39)
	at ✽.User should navigated to arrays page(file:///C:/Manju/SDET/ds-algoproject/src/test/resources/features/Arrays.feature:50)
</div></td></tr></table><p class="totop"><a href="#summary">back to summary</a></p>
<h3 id="m7">runner.TestRunner#runScenario</h3><table class="result"><tr class="param"><th>Parameter #1</th><th>Parameter #2</th></tr><tr class="param stripe"><td>&quot;practice link verification&quot;</td><td>&quot;Array verification&quot;</td></tr><tr><th colspan="2">Exception</th></tr><tr><td colspan="2"><div class="stacktrace">java.lang.AssertionError: expected [https://dsportalapp.herokuapp.com/array/] but found [https://dsportalapp.herokuapp.com/home]
	at org.testng.Assert.fail(Assert.java:111)
	at org.testng.Assert.failNotEquals(Assert.java:1578)
	at org.testng.Assert.assertEqualsImpl(Assert.java:150)
	at org.testng.Assert.assertEquals(Assert.java:132)
	at org.testng.Assert.assertEquals(Assert.java:656)
	at org.testng.Assert.assertEquals(Assert.java:666)
	at defenitions.arraysd.user_should_be_directed_to_array_page(arraysd.java:227)
	at ✽.User should be directed to array page(file:///C:/Manju/SDET/ds-algoproject/src/test/resources/features/Arrays.feature:130)
</div></td></tr></table><p class="totop"><a href="#summary">back to summary</a></p>
<h3 id="m8">runner.TestRunner#runScenario</h3><table class="result"><tr class="param"><th>Parameter #1</th><th>Parameter #2</th></tr><tr class="param stripe"><td>&quot;practice link verification&quot;</td><td>&quot;Array verification&quot;</td></tr><tr><th colspan="2">Exception</th></tr><tr><td colspan="2"><div class="stacktrace">java.lang.AssertionError: expected [https://dsportalapp.herokuapp.com/array/] but found [https://dsportalapp.herokuapp.com/home]
	at org.testng.Assert.fail(Assert.java:111)
	at org.testng.Assert.failNotEquals(Assert.java:1578)
	at org.testng.Assert.assertEqualsImpl(Assert.java:150)
	at org.testng.Assert.assertEquals(Assert.java:132)
	at org.testng.Assert.assertEquals(Assert.java:656)
	at org.testng.Assert.assertEquals(Assert.java:666)
	at defenitions.arraysd.user_should_be_navigated_to_array_page(arraysd.java:284)
	at ✽.User should be navigated to array page(file:///C:/Manju/SDET/ds-algoproject/src/test/resources/features/Arrays.feature:162)
</div></td></tr></table><p class="totop"><a href="#summary">back to summary</a></p>
<h3 id="m9">runner.TestRunner#runScenario</h3><table class="result"><tr class="param"><th>Parameter #1</th><th>Parameter #2</th></tr><tr class="param stripe"><td>&quot;TryEditor in each links with valid code&quot;</td><td>&quot;Array verification&quot;</td></tr><tr><th colspan="2">Exception</th></tr><tr><td colspan="2"><div class="stacktrace">java.lang.AssertionError: expected [https://dsportalapp.herokuapp.com/array/] but found [https://dsportalapp.herokuapp.com/home]
	at org.testng.Assert.fail(Assert.java:111)
	at org.testng.Assert.failNotEquals(Assert.java:1578)
	at org.testng.Assert.assertEqualsImpl(Assert.java:150)
	at org.testng.Assert.assertEquals(Assert.java:132)
	at org.testng.Assert.assertEquals(Assert.java:656)
	at org.testng.Assert.assertEquals(Assert.java:666)
	at defenitions.arraysd.user_should_be_directed_to_arrays_page(arraysd.java:139)
	at ✽.User should be directed to arrays page(file:///C:/Manju/SDET/ds-algoproject/src/test/resources/features/Arrays.feature:68)
</div></td></tr></table><p class="totop"><a href="#summary">back to summary</a></p>
<h3 id="m10">runner.TestRunner#runScenario</h3><table class="result"><tr class="param"><th>Parameter #1</th><th>Parameter #2</th></tr><tr class="param stripe"><td>&quot;practice link verification&quot;</td><td>&quot;Array verification&quot;</td></tr><tr><th colspan="2">Exception</th></tr><tr><td colspan="2"><div class="stacktrace">java.lang.AssertionError: expected [https://dsportalapp.herokuapp.com/array/] but found [https://dsportalapp.herokuapp.com/home]
	at org.testng.Assert.fail(Assert.java:111)
	at org.testng.Assert.failNotEquals(Assert.java:1578)
	at org.testng.Assert.assertEqualsImpl(Assert.java:150)
	at org.testng.Assert.assertEquals(Assert.java:132)
	at org.testng.Assert.assertEquals(Assert.java:656)
	at org.testng.Assert.assertEquals(Assert.java:666)
	at defenitions.arraysd.user_should_be_directed_to_array_page(arraysd.java:227)
	at ✽.User should be directed to array page(file:///C:/Manju/SDET/ds-algoproject/src/test/resources/features/Arrays.feature:130)
</div></td></tr></table><p class="totop"><a href="#summary">back to summary</a></p>
<h3 id="m11">runner.TestRunner#runScenario</h3><table class="result"><tr class="param"><th>Parameter #1</th><th>Parameter #2</th></tr><tr class="param stripe"><td>&quot;TryEditor in each links with valid code&quot;</td><td>&quot;Array verification&quot;</td></tr><tr><th colspan="2">Exception</th></tr><tr><td colspan="2"><div class="stacktrace">java.lang.AssertionError: expected [https://dsportalapp.herokuapp.com/array/] but found [https://dsportalapp.herokuapp.com/home]
	at org.testng.Assert.fail(Assert.java:111)
	at org.testng.Assert.failNotEquals(Assert.java:1578)
	at org.testng.Assert.assertEqualsImpl(Assert.java:150)
	at org.testng.Assert.assertEquals(Assert.java:132)
	at org.testng.Assert.assertEquals(Assert.java:656)
	at org.testng.Assert.assertEquals(Assert.java:666)
	at defenitions.arraysd.user_should_be_directed_to_arrays_page(arraysd.java:139)
	at ✽.User should be directed to arrays page(file:///C:/Manju/SDET/ds-algoproject/src/test/resources/features/Arrays.feature:68)
</div></td></tr></table><p class="totop"><a href="#summary">back to summary</a></p>
<h3 id="m12">runner.TestRunner#runScenario</h3><table class="result"><tr class="param"><th>Parameter #1</th><th>Parameter #2</th></tr><tr class="param stripe"><td>&quot;TryEditor in each links with valid code&quot;</td><td>&quot;Array verification&quot;</td></tr><tr><th colspan="2">Exception</th></tr><tr><td colspan="2"><div class="stacktrace">java.lang.AssertionError: expected [https://dsportalapp.herokuapp.com/array/] but found [https://dsportalapp.herokuapp.com/home]
	at org.testng.Assert.fail(Assert.java:111)
	at org.testng.Assert.failNotEquals(Assert.java:1578)
	at org.testng.Assert.assertEqualsImpl(Assert.java:150)
	at org.testng.Assert.assertEquals(Assert.java:132)
	at org.testng.Assert.assertEquals(Assert.java:656)
	at org.testng.Assert.assertEquals(Assert.java:666)
	at defenitions.arraysd.user_should_be_directed_to_arrays_page(arraysd.java:139)
	at ✽.User should be directed to arrays page(file:///C:/Manju/SDET/ds-algoproject/src/test/resources/features/Arrays.feature:68)
</div></td></tr></table><p class="totop"><a href="#summary">back to summary</a></p>
<h3 id="m13">runner.TestRunner#runScenario</h3><table class="result"><tr class="param"><th>Parameter #1</th><th>Parameter #2</th></tr><tr class="param stripe"><td>&quot;TryEditor in each links with invalid code&quot;</td><td>&quot;Array verification&quot;</td></tr><tr><th colspan="2">Exception</th></tr><tr><td colspan="2"><div class="stacktrace">java.lang.AssertionError: expected [https://dsportalapp.herokuapp.com/array/] but found [https://dsportalapp.herokuapp.com/home]
	at org.testng.Assert.fail(Assert.java:111)
	at org.testng.Assert.failNotEquals(Assert.java:1578)
	at org.testng.Assert.assertEqualsImpl(Assert.java:150)
	at org.testng.Assert.assertEquals(Assert.java:132)
	at org.testng.Assert.assertEquals(Assert.java:656)
	at org.testng.Assert.assertEquals(Assert.java:666)
	at defenitions.arraysd.user_should_be_directed_to_arrays_page(arraysd.java:139)
	at ✽.User should be directed to arrays page(file:///C:/Manju/SDET/ds-algoproject/src/test/resources/features/Arrays.feature:99)
</div></td></tr></table><p class="totop"><a href="#summary">back to summary</a></p>
<h3 id="m14">runner.TestRunner#runScenario</h3><table class="result"><tr class="param"><th>Parameter #1</th><th>Parameter #2</th></tr><tr class="param stripe"><td>&quot;User enters arrays Page&quot;</td><td>&quot;Array verification&quot;</td></tr><tr><th colspan="2">Exception</th></tr><tr><td colspan="2"><div class="stacktrace">java.lang.AssertionError: expected [https://dsportalapp.herokuapp.com/array/] but found [https://dsportalapp.herokuapp.com/home]
	at org.testng.Assert.fail(Assert.java:111)
	at org.testng.Assert.failNotEquals(Assert.java:1578)
	at org.testng.Assert.assertEqualsImpl(Assert.java:150)
	at org.testng.Assert.assertEquals(Assert.java:132)
	at org.testng.Assert.assertEquals(Assert.java:656)
	at org.testng.Assert.assertEquals(Assert.java:666)
	at defenitions.arraysd.user_should_navigated_to_arrays_page(arraysd.java:39)
	at ✽.User should navigated to arrays page(file:///C:/Manju/SDET/ds-algoproject/src/test/resources/features/Arrays.feature:24)
</div></td></tr></table><p class="totop"><a href="#summary">back to summary</a></p>
<h3 id="m15">runner.TestRunner#runScenario</h3><table class="result"><tr class="param"><th>Parameter #1</th><th>Parameter #2</th></tr><tr class="param stripe"><td>&quot;practice link verification&quot;</td><td>&quot;Array verification&quot;</td></tr><tr><th colspan="2">Exception</th></tr><tr><td colspan="2"><div class="stacktrace">java.lang.AssertionError: expected [https://dsportalapp.herokuapp.com/array/] but found [https://dsportalapp.herokuapp.com/home]
	at org.testng.Assert.fail(Assert.java:111)
	at org.testng.Assert.failNotEquals(Assert.java:1578)
	at org.testng.Assert.assertEqualsImpl(Assert.java:150)
	at org.testng.Assert.assertEquals(Assert.java:132)
	at org.testng.Assert.assertEquals(Assert.java:656)
	at org.testng.Assert.assertEquals(Assert.java:666)
	at defenitions.arraysd.user_should_be_directed_to_array_page(arraysd.java:227)
	at ✽.User should be directed to array page(file:///C:/Manju/SDET/ds-algoproject/src/test/resources/features/Arrays.feature:130)
</div></td></tr></table><p class="totop"><a href="#summary">back to summary</a></p>
<h3 id="m16">runner.TestRunner#runScenario</h3><table class="result"><tr class="param"><th>Parameter #1</th><th>Parameter #2</th></tr><tr class="param stripe"><td>&quot;practice link verification&quot;</td><td>&quot;Array verification&quot;</td></tr><tr><th colspan="2">Exception</th></tr><tr><td colspan="2"><div class="stacktrace">java.lang.AssertionError: expected [https://dsportalapp.herokuapp.com/array/] but found [https://dsportalapp.herokuapp.com/home]
	at org.testng.Assert.fail(Assert.java:111)
	at org.testng.Assert.failNotEquals(Assert.java:1578)
	at org.testng.Assert.assertEqualsImpl(Assert.java:150)
	at org.testng.Assert.assertEquals(Assert.java:132)
	at org.testng.Assert.assertEquals(Assert.java:656)
	at org.testng.Assert.assertEquals(Assert.java:666)
	at defenitions.arraysd.user_should_be_navigated_to_array_page(arraysd.java:284)
	at ✽.User should be navigated to array page(file:///C:/Manju/SDET/ds-algoproject/src/test/resources/features/Arrays.feature:162)
</div></td></tr></table><p class="totop"><a href="#summary">back to summary</a></p>
<h3 id="m17">runner.TestRunner#runScenario</h3><table class="result"><tr class="param"><th>Parameter #1</th><th>Parameter #2</th></tr><tr class="param stripe"><td>&quot;TryEditor in each links with valid code&quot;</td><td>&quot;Array verification&quot;</td></tr><tr><th colspan="2">Exception</th></tr><tr><td colspan="2"><div class="stacktrace">java.lang.AssertionError: expected [https://dsportalapp.herokuapp.com/array/] but found [https://dsportalapp.herokuapp.com/home]
	at org.testng.Assert.fail(Assert.java:111)
	at org.testng.Assert.failNotEquals(Assert.java:1578)
	at org.testng.Assert.assertEqualsImpl(Assert.java:150)
	at org.testng.Assert.assertEquals(Assert.java:132)
	at org.testng.Assert.assertEquals(Assert.java:656)
	at org.testng.Assert.assertEquals(Assert.java:666)
	at defenitions.arraysd.user_should_be_directed_to_arrays_page(arraysd.java:139)
	at ✽.User should be directed to arrays page(file:///C:/Manju/SDET/ds-algoproject/src/test/resources/features/Arrays.feature:68)
</div></td></tr></table><p class="totop"><a href="#summary">back to summary</a></p>
<h3 id="m18">runner.TestRunner#runScenario</h3><table class="result"><tr class="param"><th>Parameter #1</th><th>Parameter #2</th></tr><tr class="param stripe"><td>&quot;TryEditor in each links with invalid code&quot;</td><td>&quot;Array verification&quot;</td></tr><tr><th colspan="2">Exception</th></tr><tr><td colspan="2"><div class="stacktrace">java.lang.AssertionError: expected [https://dsportalapp.herokuapp.com/array/] but found [https://dsportalapp.herokuapp.com/home]
	at org.testng.Assert.fail(Assert.java:111)
	at org.testng.Assert.failNotEquals(Assert.java:1578)
	at org.testng.Assert.assertEqualsImpl(Assert.java:150)
	at org.testng.Assert.assertEquals(Assert.java:132)
	at org.testng.Assert.assertEquals(Assert.java:656)
	at org.testng.Assert.assertEquals(Assert.java:666)
	at defenitions.arraysd.user_should_be_directed_to_arrays_page(arraysd.java:139)
	at ✽.User should be directed to arrays page(file:///C:/Manju/SDET/ds-algoproject/src/test/resources/features/Arrays.feature:99)
</div></td></tr></table><p class="totop"><a href="#summary">back to summary</a></p>
<h3 id="m19">runner.TestRunner#runScenario</h3><table class="result"><tr class="param"><th>Parameter #1</th><th>Parameter #2</th></tr><tr class="param stripe"><td>&quot;practice link verification&quot;</td><td>&quot;Array verification&quot;</td></tr><tr><th colspan="2">Exception</th></tr><tr><td colspan="2"><div class="stacktrace">java.lang.AssertionError: expected [https://dsportalapp.herokuapp.com/array/] but found [https://dsportalapp.herokuapp.com/home]
	at org.testng.Assert.fail(Assert.java:111)
	at org.testng.Assert.failNotEquals(Assert.java:1578)
	at org.testng.Assert.assertEqualsImpl(Assert.java:150)
	at org.testng.Assert.assertEquals(Assert.java:132)
	at org.testng.Assert.assertEquals(Assert.java:656)
	at org.testng.Assert.assertEquals(Assert.java:666)
	at defenitions.arraysd.user_should_be_navigated_to_array_page(arraysd.java:284)
	at ✽.User should be navigated to array page(file:///C:/Manju/SDET/ds-algoproject/src/test/resources/features/Arrays.feature:162)
</div></td></tr></table><p class="totop"><a href="#summary">back to summary</a></p>
<h3 id="m20">runner.TestRunner#runScenario</h3><table class="result"><tr class="param"><th>Parameter #1</th><th>Parameter #2</th></tr><tr class="param stripe"><td>&quot;practice link verification&quot;</td><td>&quot;Array verification&quot;</td></tr><tr><th colspan="2">Exception</th></tr><tr><td colspan="2"><div class="stacktrace">java.lang.AssertionError: expected [https://dsportalapp.herokuapp.com/array/] but found [https://dsportalapp.herokuapp.com/home]
	at org.testng.Assert.fail(Assert.java:111)
	at org.testng.Assert.failNotEquals(Assert.java:1578)
	at org.testng.Assert.assertEqualsImpl(Assert.java:150)
	at org.testng.Assert.assertEquals(Assert.java:132)
	at org.testng.Assert.assertEquals(Assert.java:656)
	at org.testng.Assert.assertEquals(Assert.java:666)
	at defenitions.arraysd.user_should_be_navigated_to_array_page(arraysd.java:284)
	at ✽.User should be navigated to array page(file:///C:/Manju/SDET/ds-algoproject/src/test/resources/features/Arrays.feature:162)
</div></td></tr></table><p class="totop"><a href="#summary">back to summary</a></p>
<h3 id="m21">runner.TestRunner#runScenario</h3><table class="result"><tr class="param"><th>Parameter #1</th><th>Parameter #2</th></tr><tr class="param stripe"><td>&quot;practice link verification&quot;</td><td>&quot;Array verification&quot;</td></tr><tr><th colspan="2">Exception</th></tr><tr><td colspan="2"><div class="stacktrace">java.lang.AssertionError: expected [https://dsportalapp.herokuapp.com/array/] but found [https://dsportalapp.herokuapp.com/home]
	at org.testng.Assert.fail(Assert.java:111)
	at org.testng.Assert.failNotEquals(Assert.java:1578)
	at org.testng.Assert.assertEqualsImpl(Assert.java:150)
	at org.testng.Assert.assertEquals(Assert.java:132)
	at org.testng.Assert.assertEquals(Assert.java:656)
	at org.testng.Assert.assertEquals(Assert.java:666)
	at defenitions.arraysd.user_should_be_navigated_to_array_page(arraysd.java:284)
	at ✽.User should be navigated to array page(file:///C:/Manju/SDET/ds-algoproject/src/test/resources/features/Arrays.feature:162)
</div></td></tr></table><p class="totop"><a href="#summary">back to summary</a></p>
<h3 id="m22">runner.TestRunner#runScenario</h3><table class="result"><tr class="param"><th>Parameter #1</th><th>Parameter #2</th></tr><tr class="param stripe"><td>&quot;TryEditor in each links with valid code&quot;</td><td>&quot;Array verification&quot;</td></tr><tr><th colspan="2">Exception</th></tr><tr><td colspan="2"><div class="stacktrace">java.lang.AssertionError: expected [https://dsportalapp.herokuapp.com/array/] but found [https://dsportalapp.herokuapp.com/home]
	at org.testng.Assert.fail(Assert.java:111)
	at org.testng.Assert.failNotEquals(Assert.java:1578)
	at org.testng.Assert.assertEqualsImpl(Assert.java:150)
	at org.testng.Assert.assertEquals(Assert.java:132)
	at org.testng.Assert.assertEquals(Assert.java:656)
	at org.testng.Assert.assertEquals(Assert.java:666)
	at defenitions.arraysd.user_should_be_directed_to_arrays_page(arraysd.java:139)
	at ✽.User should be directed to arrays page(file:///C:/Manju/SDET/ds-algoproject/src/test/resources/features/Arrays.feature:68)
</div></td></tr></table><p class="totop"><a href="#summary">back to summary</a></p>
<h3 id="m23">runner.TestRunner#runScenario</h3><table class="result"><tr class="param"><th>Parameter #1</th><th>Parameter #2</th></tr><tr class="param stripe"><td>&quot;TryEditor in each links with invalid code&quot;</td><td>&quot;Array verification&quot;</td></tr><tr><th colspan="2">Exception</th></tr><tr><td colspan="2"><div class="stacktrace">java.lang.AssertionError: expected [https://dsportalapp.herokuapp.com/array/] but found [https://dsportalapp.herokuapp.com/home]
	at org.testng.Assert.fail(Assert.java:111)
	at org.testng.Assert.failNotEquals(Assert.java:1578)
	at org.testng.Assert.assertEqualsImpl(Assert.java:150)
	at org.testng.Assert.assertEquals(Assert.java:132)
	at org.testng.Assert.assertEquals(Assert.java:656)
	at org.testng.Assert.assertEquals(Assert.java:666)
	at defenitions.arraysd.user_should_be_directed_to_arrays_page(arraysd.java:139)
	at ✽.User should be directed to arrays page(file:///C:/Manju/SDET/ds-algoproject/src/test/resources/features/Arrays.feature:99)
</div></td></tr></table><p class="totop"><a href="#summary">back to summary</a></p>
<h3 id="m24">runner.TestRunner#runScenario</h3><table class="result"><tr class="param"><th>Parameter #1</th><th>Parameter #2</th></tr><tr class="param stripe"><td>&quot;TryEditor link with valid code  in each page&quot;</td><td>&quot;Array verification&quot;</td></tr><tr><th colspan="2">Exception</th></tr><tr><td colspan="2"><div class="stacktrace">java.lang.AssertionError: expected [https://dsportalapp.herokuapp.com/array/] but found [https://dsportalapp.herokuapp.com/home]
	at org.testng.Assert.fail(Assert.java:111)
	at org.testng.Assert.failNotEquals(Assert.java:1578)
	at org.testng.Assert.assertEqualsImpl(Assert.java:150)
	at org.testng.Assert.assertEquals(Assert.java:132)
	at org.testng.Assert.assertEquals(Assert.java:656)
	at org.testng.Assert.assertEquals(Assert.java:666)
	at defenitions.arraysd.user_should_navigated_to_arrays_page(arraysd.java:39)
	at ✽.User should navigated to arrays page(file:///C:/Manju/SDET/ds-algoproject/src/test/resources/features/Arrays.feature:31)
</div></td></tr></table><p class="totop"><a href="#summary">back to summary</a></p>
<h3 id="m25">runner.TestRunner#runScenario</h3><table class="result"><tr class="param"><th>Parameter #1</th><th>Parameter #2</th></tr><tr class="param stripe"><td>&quot;TryEditor in each links with valid code&quot;</td><td>&quot;Array verification&quot;</td></tr><tr><th colspan="2">Exception</th></tr><tr><td colspan="2"><div class="stacktrace">java.lang.AssertionError: expected [https://dsportalapp.herokuapp.com/array/] but found [https://dsportalapp.herokuapp.com/home]
	at org.testng.Assert.fail(Assert.java:111)
	at org.testng.Assert.failNotEquals(Assert.java:1578)
	at org.testng.Assert.assertEqualsImpl(Assert.java:150)
	at org.testng.Assert.assertEquals(Assert.java:132)
	at org.testng.Assert.assertEquals(Assert.java:656)
	at org.testng.Assert.assertEquals(Assert.java:666)
	at defenitions.arraysd.user_should_be_directed_to_arrays_page(arraysd.java:139)
	at ✽.User should be directed to arrays page(file:///C:/Manju/SDET/ds-algoproject/src/test/resources/features/Arrays.feature:68)
</div></td></tr></table><p class="totop"><a href="#summary">back to summary</a></p>
<h3 id="m26">runner.TestRunner#runScenario</h3><table class="result"><tr class="param"><th>Parameter #1</th><th>Parameter #2</th></tr><tr class="param stripe"><td>&quot;practice link verification&quot;</td><td>&quot;Array verification&quot;</td></tr><tr><th colspan="2">Exception</th></tr><tr><td colspan="2"><div class="stacktrace">java.lang.AssertionError: expected [https://dsportalapp.herokuapp.com/array/] but found [https://dsportalapp.herokuapp.com/home]
	at org.testng.Assert.fail(Assert.java:111)
	at org.testng.Assert.failNotEquals(Assert.java:1578)
	at org.testng.Assert.assertEqualsImpl(Assert.java:150)
	at org.testng.Assert.assertEquals(Assert.java:132)
	at org.testng.Assert.assertEquals(Assert.java:656)
	at org.testng.Assert.assertEquals(Assert.java:666)
	at defenitions.arraysd.user_should_be_directed_to_array_page(arraysd.java:227)
	at ✽.User should be directed to array page(file:///C:/Manju/SDET/ds-algoproject/src/test/resources/features/Arrays.feature:130)
</div></td></tr></table><p class="totop"><a href="#summary">back to summary</a></p>
<h3 id="m27">runner.TestRunner#runScenario</h3><table class="result"><tr class="param"><th>Parameter #1</th><th>Parameter #2</th></tr><tr class="param stripe"><td>&quot;TryEditor in each links with invalid code&quot;</td><td>&quot;Array verification&quot;</td></tr><tr><th colspan="2">Exception</th></tr><tr><td colspan="2"><div class="stacktrace">java.lang.AssertionError: expected [https://dsportalapp.herokuapp.com/array/] but found [https://dsportalapp.herokuapp.com/home]
	at org.testng.Assert.fail(Assert.java:111)
	at org.testng.Assert.failNotEquals(Assert.java:1578)
	at org.testng.Assert.assertEqualsImpl(Assert.java:150)
	at org.testng.Assert.assertEquals(Assert.java:132)
	at org.testng.Assert.assertEquals(Assert.java:656)
	at org.testng.Assert.assertEquals(Assert.java:666)
	at defenitions.arraysd.user_should_be_directed_to_arrays_page(arraysd.java:139)
	at ✽.User should be directed to arrays page(file:///C:/Manju/SDET/ds-algoproject/src/test/resources/features/Arrays.feature:99)
</div></td></tr></table><p class="totop"><a href="#summary">back to summary</a></p>
<h3 id="m28">runner.TestRunner#runScenario</h3><table class="result"><tr class="param"><th>Parameter #1</th><th>Parameter #2</th></tr><tr class="param stripe"><td>&quot;TryEditor link with valid code  in each page&quot;</td><td>&quot;Array verification&quot;</td></tr><tr><th colspan="2">Exception</th></tr><tr><td colspan="2"><div class="stacktrace">java.lang.AssertionError: expected [https://dsportalapp.herokuapp.com/array/] but found [https://dsportalapp.herokuapp.com/home]
	at org.testng.Assert.fail(Assert.java:111)
	at org.testng.Assert.failNotEquals(Assert.java:1578)
	at org.testng.Assert.assertEqualsImpl(Assert.java:150)
	at org.testng.Assert.assertEquals(Assert.java:132)
	at org.testng.Assert.assertEquals(Assert.java:656)
	at org.testng.Assert.assertEquals(Assert.java:666)
	at defenitions.arraysd.user_should_navigated_to_arrays_page(arraysd.java:39)
	at ✽.User should navigated to arrays page(file:///C:/Manju/SDET/ds-algoproject/src/test/resources/features/Arrays.feature:31)
</div></td></tr></table><p class="totop"><a href="#summary">back to summary</a></p>
<h3 id="m29">runner.TestRunner#runScenario</h3><table class="result"><tr class="param"><th>Parameter #1</th><th>Parameter #2</th></tr><tr class="param stripe"><td>&quot;TryEditor in each links with invalid code&quot;</td><td>&quot;Array verification&quot;</td></tr><tr><th colspan="2">Exception</th></tr><tr><td colspan="2"><div class="stacktrace">java.lang.AssertionError: expected [https://dsportalapp.herokuapp.com/array/] but found [https://dsportalapp.herokuapp.com/home]
	at org.testng.Assert.fail(Assert.java:111)
	at org.testng.Assert.failNotEquals(Assert.java:1578)
	at org.testng.Assert.assertEqualsImpl(Assert.java:150)
	at org.testng.Assert.assertEquals(Assert.java:132)
	at org.testng.Assert.assertEquals(Assert.java:656)
	at org.testng.Assert.assertEquals(Assert.java:666)
	at defenitions.arraysd.user_should_be_directed_to_arrays_page(arraysd.java:139)
	at ✽.User should be directed to arrays page(file:///C:/Manju/SDET/ds-algoproject/src/test/resources/features/Arrays.feature:99)
</div></td></tr></table><p class="totop"><a href="#summary">back to summary</a></p>
<h3 id="m30">runner.TestRunner#runScenario</h3><table class="result"><tr class="param"><th>Parameter #1</th><th>Parameter #2</th></tr><tr class="param stripe"><td>&quot;TryEditor in each links with valid code&quot;</td><td>&quot;Array verification&quot;</td></tr><tr><th colspan="2">Exception</th></tr><tr><td colspan="2"><div class="stacktrace">java.lang.AssertionError: expected [https://dsportalapp.herokuapp.com/array/] but found [https://dsportalapp.herokuapp.com/home]
	at org.testng.Assert.fail(Assert.java:111)
	at org.testng.Assert.failNotEquals(Assert.java:1578)
	at org.testng.Assert.assertEqualsImpl(Assert.java:150)
	at org.testng.Assert.assertEquals(Assert.java:132)
	at org.testng.Assert.assertEquals(Assert.java:656)
	at org.testng.Assert.assertEquals(Assert.java:666)
	at defenitions.arraysd.user_should_be_directed_to_arrays_page(arraysd.java:139)
	at ✽.User should be directed to arrays page(file:///C:/Manju/SDET/ds-algoproject/src/test/resources/features/Arrays.feature:68)
</div></td></tr></table><p class="totop"><a href="#summary">back to summary</a></p>
<h3 id="m31">runner.TestRunner#runScenario</h3><table class="result"><tr class="param"><th>Parameter #1</th><th>Parameter #2</th></tr><tr class="param stripe"><td>&quot;TryEditor in each links with invalid code&quot;</td><td>&quot;Array verification&quot;</td></tr><tr><th colspan="2">Exception</th></tr><tr><td colspan="2"><div class="stacktrace">java.lang.AssertionError: expected [https://dsportalapp.herokuapp.com/array/] but found [https://dsportalapp.herokuapp.com/home]
	at org.testng.Assert.fail(Assert.java:111)
	at org.testng.Assert.failNotEquals(Assert.java:1578)
	at org.testng.Assert.assertEqualsImpl(Assert.java:150)
	at org.testng.Assert.assertEquals(Assert.java:132)
	at org.testng.Assert.assertEquals(Assert.java:656)
	at org.testng.Assert.assertEquals(Assert.java:666)
	at defenitions.arraysd.user_should_be_directed_to_arrays_page(arraysd.java:139)
	at ✽.User should be directed to arrays page(file:///C:/Manju/SDET/ds-algoproject/src/test/resources/features/Arrays.feature:99)
</div></td></tr></table><p class="totop"><a href="#summary">back to summary</a></p>
<h3 id="m32">runner.TestRunner#runScenario</h3><table class="result"><tr class="param"><th>Parameter #1</th><th>Parameter #2</th></tr><tr class="param stripe"><td>&quot;practice link verification&quot;</td><td>&quot;Array verification&quot;</td></tr><tr><th colspan="2">Exception</th></tr><tr><td colspan="2"><div class="stacktrace">java.lang.AssertionError: expected [https://dsportalapp.herokuapp.com/array/] but found [https://dsportalapp.herokuapp.com/home]
	at org.testng.Assert.fail(Assert.java:111)
	at org.testng.Assert.failNotEquals(Assert.java:1578)
	at org.testng.Assert.assertEqualsImpl(Assert.java:150)
	at org.testng.Assert.assertEquals(Assert.java:132)
	at org.testng.Assert.assertEquals(Assert.java:656)
	at org.testng.Assert.assertEquals(Assert.java:666)
	at defenitions.arraysd.user_should_be_directed_to_array_page(arraysd.java:227)
	at ✽.User should be directed to array page(file:///C:/Manju/SDET/ds-algoproject/src/test/resources/features/Arrays.feature:130)
</div></td></tr></table><p class="totop"><a href="#summary">back to summary</a></p>
<h3 id="m33">runner.TestRunner#runScenario</h3><table class="result"><tr class="param"><th>Parameter #1</th><th>Parameter #2</th></tr><tr class="param stripe"><td>&quot;practice link verification&quot;</td><td>&quot;Array verification&quot;</td></tr><tr><th colspan="2">Exception</th></tr><tr><td colspan="2"><div class="stacktrace">java.lang.AssertionError: expected [https://dsportalapp.herokuapp.com/array/] but found [https://dsportalapp.herokuapp.com/home]
	at org.testng.Assert.fail(Assert.java:111)
	at org.testng.Assert.failNotEquals(Assert.java:1578)
	at org.testng.Assert.assertEqualsImpl(Assert.java:150)
	at org.testng.Assert.assertEquals(Assert.java:132)
	at org.testng.Assert.assertEquals(Assert.java:656)
	at org.testng.Assert.assertEquals(Assert.java:666)
	at defenitions.arraysd.user_should_be_navigated_to_array_page(arraysd.java:284)
	at ✽.User should be navigated to array page(file:///C:/Manju/SDET/ds-algoproject/src/test/resources/features/Arrays.feature:162)
</div></td></tr></table><p class="totop"><a href="#summary">back to summary</a></p>
<h3 id="m34">runner.TestRunner#runScenario</h3><table class="result"><tr class="param"><th>Parameter #1</th><th>Parameter #2</th></tr><tr class="param stripe"><td>&quot;TryEditor in each links with invalid code&quot;</td><td>&quot;Array verification&quot;</td></tr><tr><th colspan="2">Exception</th></tr><tr><td colspan="2"><div class="stacktrace">java.lang.AssertionError: expected [https://dsportalapp.herokuapp.com/array/] but found [https://dsportalapp.herokuapp.com/home]
	at org.testng.Assert.fail(Assert.java:111)
	at org.testng.Assert.failNotEquals(Assert.java:1578)
	at org.testng.Assert.assertEqualsImpl(Assert.java:150)
	at org.testng.Assert.assertEquals(Assert.java:132)
	at org.testng.Assert.assertEquals(Assert.java:656)
	at org.testng.Assert.assertEquals(Assert.java:666)
	at defenitions.arraysd.user_should_be_directed_to_arrays_page(arraysd.java:139)
	at ✽.User should be directed to arrays page(file:///C:/Manju/SDET/ds-algoproject/src/test/resources/features/Arrays.feature:99)
</div></td></tr></table><p class="totop"><a href="#summary">back to summary</a></p>
<h3 id="m35">runner.TestRunner#runScenario</h3><table class="result"><tr class="param"><th>Parameter #1</th><th>Parameter #2</th></tr><tr class="param stripe"><td>&quot;TryEditor link with valid code  in each page&quot;</td><td>&quot;Array verification&quot;</td></tr><tr><th colspan="2">Exception</th></tr><tr><td colspan="2"><div class="stacktrace">java.lang.AssertionError: expected [https://dsportalapp.herokuapp.com/array/] but found [https://dsportalapp.herokuapp.com/home]
	at org.testng.Assert.fail(Assert.java:111)
	at org.testng.Assert.failNotEquals(Assert.java:1578)
	at org.testng.Assert.assertEqualsImpl(Assert.java:150)
	at org.testng.Assert.assertEquals(Assert.java:132)
	at org.testng.Assert.assertEquals(Assert.java:656)
	at org.testng.Assert.assertEquals(Assert.java:666)
	at defenitions.arraysd.user_should_navigated_to_arrays_page(arraysd.java:39)
	at ✽.User should navigated to arrays page(file:///C:/Manju/SDET/ds-algoproject/src/test/resources/features/Arrays.feature:50)
</div></td></tr></table><p class="totop"><a href="#summary">back to summary</a></p>
<h3 id="m36">runner.TestRunner#runScenario</h3><table class="result"><tr class="param"><th>Parameter #1</th><th>Parameter #2</th></tr><tr class="param stripe"><td>&quot;TryEditor in each links with invalid code&quot;</td><td>&quot;Array verification&quot;</td></tr><tr><th colspan="2">Exception</th></tr><tr><td colspan="2"><div class="stacktrace">java.lang.AssertionError: expected [https://dsportalapp.herokuapp.com/array/] but found [https://dsportalapp.herokuapp.com/home]
	at org.testng.Assert.fail(Assert.java:111)
	at org.testng.Assert.failNotEquals(Assert.java:1578)
	at org.testng.Assert.assertEqualsImpl(Assert.java:150)
	at org.testng.Assert.assertEquals(Assert.java:132)
	at org.testng.Assert.assertEquals(Assert.java:656)
	at org.testng.Assert.assertEquals(Assert.java:666)
	at defenitions.arraysd.user_should_be_directed_to_arrays_page(arraysd.java:139)
	at ✽.User should be directed to arrays page(file:///C:/Manju/SDET/ds-algoproject/src/test/resources/features/Arrays.feature:99)
</div></td></tr></table><p class="totop"><a href="#summary">back to summary</a></p>
<h3 id="m37">runner.TestRunner#runScenario</h3><table class="result"><tr class="param"><th>Parameter #1</th><th>Parameter #2</th></tr><tr class="param stripe"><td>&quot;TryEditor in each links with invalid code&quot;</td><td>&quot;Array verification&quot;</td></tr><tr><th colspan="2">Exception</th></tr><tr><td colspan="2"><div class="stacktrace">java.lang.AssertionError: expected [https://dsportalapp.herokuapp.com/array/] but found [https://dsportalapp.herokuapp.com/home]
	at org.testng.Assert.fail(Assert.java:111)
	at org.testng.Assert.failNotEquals(Assert.java:1578)
	at org.testng.Assert.assertEqualsImpl(Assert.java:150)
	at org.testng.Assert.assertEquals(Assert.java:132)
	at org.testng.Assert.assertEquals(Assert.java:656)
	at org.testng.Assert.assertEquals(Assert.java:666)
	at defenitions.arraysd.user_should_be_directed_to_arrays_page(arraysd.java:139)
	at ✽.User should be directed to arrays page(file:///C:/Manju/SDET/ds-algoproject/src/test/resources/features/Arrays.feature:99)
</div></td></tr></table><p class="totop"><a href="#summary">back to summary</a></p>
<h3 id="m38">runner.TestRunner#runScenario</h3><table class="result"><tr class="param"><th>Parameter #1</th><th>Parameter #2</th></tr><tr class="param stripe"><td>&quot;practice link verification&quot;</td><td>&quot;Array verification&quot;</td></tr><tr><th colspan="2">Exception</th></tr><tr><td colspan="2"><div class="stacktrace">java.lang.AssertionError: expected [https://dsportalapp.herokuapp.com/array/] but found [https://dsportalapp.herokuapp.com/home]
	at org.testng.Assert.fail(Assert.java:111)
	at org.testng.Assert.failNotEquals(Assert.java:1578)
	at org.testng.Assert.assertEqualsImpl(Assert.java:150)
	at org.testng.Assert.assertEquals(Assert.java:132)
	at org.testng.Assert.assertEquals(Assert.java:656)
	at org.testng.Assert.assertEquals(Assert.java:666)
	at defenitions.arraysd.user_should_be_navigated_to_array_page(arraysd.java:284)
	at ✽.User should be navigated to array page(file:///C:/Manju/SDET/ds-algoproject/src/test/resources/features/Arrays.feature:162)
</div></td></tr></table><p class="totop"><a href="#summary">back to summary</a></p>
<h3 id="m39">runner.TestRunner#runScenario</h3><table class="result"><tr class="param"><th>Parameter #1</th><th>Parameter #2</th></tr><tr class="param stripe"><td>&quot;TryEditor in each links with valid code&quot;</td><td>&quot;Array verification&quot;</td></tr><tr><th colspan="2">Exception</th></tr><tr><td colspan="2"><div class="stacktrace">java.lang.AssertionError: expected [https://dsportalapp.herokuapp.com/array/] but found [https://dsportalapp.herokuapp.com/home]
	at org.testng.Assert.fail(Assert.java:111)
	at org.testng.Assert.failNotEquals(Assert.java:1578)
	at org.testng.Assert.assertEqualsImpl(Assert.java:150)
	at org.testng.Assert.assertEquals(Assert.java:132)
	at org.testng.Assert.assertEquals(Assert.java:656)
	at org.testng.Assert.assertEquals(Assert.java:666)
	at defenitions.arraysd.user_should_be_directed_to_arrays_page(arraysd.java:139)
	at ✽.User should be directed to arrays page(file:///C:/Manju/SDET/ds-algoproject/src/test/resources/features/Arrays.feature:68)
</div></td></tr></table><p class="totop"><a href="#summary">back to summary</a></p>
<h3 id="m40">runner.TestRunner#runScenario</h3><table class="result"><tr class="param"><th>Parameter #1</th><th>Parameter #2</th></tr><tr class="param stripe"><td>&quot;TryEditor in each links with valid code&quot;</td><td>&quot;Array verification&quot;</td></tr><tr><th colspan="2">Exception</th></tr><tr><td colspan="2"><div class="stacktrace">java.lang.AssertionError: expected [https://dsportalapp.herokuapp.com/array/] but found [https://dsportalapp.herokuapp.com/home]
	at org.testng.Assert.fail(Assert.java:111)
	at org.testng.Assert.failNotEquals(Assert.java:1578)
	at org.testng.Assert.assertEqualsImpl(Assert.java:150)
	at org.testng.Assert.assertEquals(Assert.java:132)
	at org.testng.Assert.assertEquals(Assert.java:656)
	at org.testng.Assert.assertEquals(Assert.java:666)
	at defenitions.arraysd.user_should_be_directed_to_arrays_page(arraysd.java:139)
	at ✽.User should be directed to arrays page(file:///C:/Manju/SDET/ds-algoproject/src/test/resources/features/Arrays.feature:68)
</div></td></tr></table><p class="totop"><a href="#summary">back to summary</a></p>
<h3 id="m41">runner.TestRunner#runScenario</h3><table class="result"><tr class="param"><th>Parameter #1</th><th>Parameter #2</th></tr><tr class="param stripe"><td>&quot;TryEditor in each links with valid code&quot;</td><td>&quot;Array verification&quot;</td></tr><tr><th colspan="2">Exception</th></tr><tr><td colspan="2"><div class="stacktrace">java.lang.AssertionError: expected [https://dsportalapp.herokuapp.com/array/] but found [https://dsportalapp.herokuapp.com/home]
	at org.testng.Assert.fail(Assert.java:111)
	at org.testng.Assert.failNotEquals(Assert.java:1578)
	at org.testng.Assert.assertEqualsImpl(Assert.java:150)
	at org.testng.Assert.assertEquals(Assert.java:132)
	at org.testng.Assert.assertEquals(Assert.java:656)
	at org.testng.Assert.assertEquals(Assert.java:666)
	at defenitions.arraysd.user_should_be_directed_to_arrays_page(arraysd.java:139)
	at ✽.User should be directed to arrays page(file:///C:/Manju/SDET/ds-algoproject/src/test/resources/features/Arrays.feature:68)
</div></td></tr></table><p class="totop"><a href="#summary">back to summary</a></p>
<h3 id="m42">runner.TestRunner#runScenario</h3><table class="result"><tr class="param"><th>Parameter #1</th><th>Parameter #2</th></tr><tr class="param stripe"><td>&quot;TryEditor in each links with invalid code&quot;</td><td>&quot;Array verification&quot;</td></tr><tr><th colspan="2">Exception</th></tr><tr><td colspan="2"><div class="stacktrace">java.lang.AssertionError: expected [https://dsportalapp.herokuapp.com/array/] but found [https://dsportalapp.herokuapp.com/home]
	at org.testng.Assert.fail(Assert.java:111)
	at org.testng.Assert.failNotEquals(Assert.java:1578)
	at org.testng.Assert.assertEqualsImpl(Assert.java:150)
	at org.testng.Assert.assertEquals(Assert.java:132)
	at org.testng.Assert.assertEquals(Assert.java:656)
	at org.testng.Assert.assertEquals(Assert.java:666)
	at defenitions.arraysd.user_should_be_directed_to_arrays_page(arraysd.java:139)
	at ✽.User should be directed to arrays page(file:///C:/Manju/SDET/ds-algoproject/src/test/resources/features/Arrays.feature:99)
</div></td></tr></table><p class="totop"><a href="#summary">back to summary</a></p>
<h3 id="m43">runner.TestRunner#runScenario</h3><table class="result"><tr class="param"><th>Parameter #1</th><th>Parameter #2</th></tr><tr class="param stripe"><td>&quot;practice link verification&quot;</td><td>&quot;Array verification&quot;</td></tr><tr><th colspan="2">Exception</th></tr><tr><td colspan="2"><div class="stacktrace">java.lang.AssertionError: expected [https://dsportalapp.herokuapp.com/array/] but found [https://dsportalapp.herokuapp.com/home]
	at org.testng.Assert.fail(Assert.java:111)
	at org.testng.Assert.failNotEquals(Assert.java:1578)
	at org.testng.Assert.assertEqualsImpl(Assert.java:150)
	at org.testng.Assert.assertEquals(Assert.java:132)
	at org.testng.Assert.assertEquals(Assert.java:656)
	at org.testng.Assert.assertEquals(Assert.java:666)
	at defenitions.arraysd.user_should_be_navigated_to_array_page(arraysd.java:284)
	at ✽.User should be navigated to array page(file:///C:/Manju/SDET/ds-algoproject/src/test/resources/features/Arrays.feature:162)
</div></td></tr></table><p class="totop"><a href="#summary">back to summary</a></p>
<h3 id="m44">runner.TestRunner#runScenario</h3><table class="result"><tr class="param"><th>Parameter #1</th><th>Parameter #2</th></tr><tr class="param stripe"><td>&quot;TryEditor in each links with invalid code&quot;</td><td>&quot;Array verification&quot;</td></tr><tr><th colspan="2">Exception</th></tr><tr><td colspan="2"><div class="stacktrace">java.lang.AssertionError: expected [https://dsportalapp.herokuapp.com/array/] but found [https://dsportalapp.herokuapp.com/home]
	at org.testng.Assert.fail(Assert.java:111)
	at org.testng.Assert.failNotEquals(Assert.java:1578)
	at org.testng.Assert.assertEqualsImpl(Assert.java:150)
	at org.testng.Assert.assertEquals(Assert.java:132)
	at org.testng.Assert.assertEquals(Assert.java:656)
	at org.testng.Assert.assertEquals(Assert.java:666)
	at defenitions.arraysd.user_should_be_directed_to_arrays_page(arraysd.java:139)
	at ✽.User should be directed to arrays page(file:///C:/Manju/SDET/ds-algoproject/src/test/resources/features/Arrays.feature:99)
</div></td></tr></table><p class="totop"><a href="#summary">back to summary</a></p>
<h3 id="m45">runner.TestRunner#runScenario</h3><table class="result"><tr class="param"><th>Parameter #1</th><th>Parameter #2</th></tr><tr class="param stripe"><td>&quot;practice link verification&quot;</td><td>&quot;Array verification&quot;</td></tr><tr><th colspan="2">Exception</th></tr><tr><td colspan="2"><div class="stacktrace">java.lang.AssertionError: expected [https://dsportalapp.herokuapp.com/array/] but found [https://dsportalapp.herokuapp.com/home]
	at org.testng.Assert.fail(Assert.java:111)
	at org.testng.Assert.failNotEquals(Assert.java:1578)
	at org.testng.Assert.assertEqualsImpl(Assert.java:150)
	at org.testng.Assert.assertEquals(Assert.java:132)
	at org.testng.Assert.assertEquals(Assert.java:656)
	at org.testng.Assert.assertEquals(Assert.java:666)
	at defenitions.arraysd.user_should_be_navigated_to_array_page(arraysd.java:284)
	at ✽.User should be navigated to array page(file:///C:/Manju/SDET/ds-algoproject/src/test/resources/features/Arrays.feature:162)
</div></td></tr></table><p class="totop"><a href="#summary">back to summary</a></p>
<h3 id="m46">runner.TestRunner#runScenario</h3><table class="result"><tr class="param"><th>Parameter #1</th><th>Parameter #2</th></tr><tr class="param stripe"><td>&quot;TryEditor in each links with valid code&quot;</td><td>&quot;Array verification&quot;</td></tr><tr><th colspan="2">Exception</th></tr><tr><td colspan="2"><div class="stacktrace">java.lang.AssertionError: expected [https://dsportalapp.herokuapp.com/array/] but found [https://dsportalapp.herokuapp.com/home]
	at org.testng.Assert.fail(Assert.java:111)
	at org.testng.Assert.failNotEquals(Assert.java:1578)
	at org.testng.Assert.assertEqualsImpl(Assert.java:150)
	at org.testng.Assert.assertEquals(Assert.java:132)
	at org.testng.Assert.assertEquals(Assert.java:656)
	at org.testng.Assert.assertEquals(Assert.java:666)
	at defenitions.arraysd.user_should_be_directed_to_arrays_page(arraysd.java:139)
	at ✽.User should be directed to arrays page(file:///C:/Manju/SDET/ds-algoproject/src/test/resources/features/Arrays.feature:68)
</div></td></tr></table><p class="totop"><a href="#summary">back to summary</a></p>
<h3 id="m47">runner.TestRunner#runScenario</h3><table class="result"><tr class="param"><th>Parameter #1</th><th>Parameter #2</th></tr><tr class="param stripe"><td>&quot;practice link verification&quot;</td><td>&quot;Array verification&quot;</td></tr><tr><th colspan="2">Exception</th></tr><tr><td colspan="2"><div class="stacktrace">java.lang.AssertionError: expected [https://dsportalapp.herokuapp.com/array/] but found [https://dsportalapp.herokuapp.com/home]
	at org.testng.Assert.fail(Assert.java:111)
	at org.testng.Assert.failNotEquals(Assert.java:1578)
	at org.testng.Assert.assertEqualsImpl(Assert.java:150)
	at org.testng.Assert.assertEquals(Assert.java:132)
	at org.testng.Assert.assertEquals(Assert.java:656)
	at org.testng.Assert.assertEquals(Assert.java:666)
	at defenitions.arraysd.user_should_be_directed_to_array_page(arraysd.java:227)
	at ✽.User should be directed to array page(file:///C:/Manju/SDET/ds-algoproject/src/test/resources/features/Arrays.feature:130)
</div></td></tr></table><p class="totop"><a href="#summary">back to summary</a></p>
<h3 id="m48">runner.TestRunner#runScenario</h3><table class="result"><tr class="param"><th>Parameter #1</th><th>Parameter #2</th></tr><tr class="param stripe"><td>&quot;TryEditor link with valid code  in each page&quot;</td><td>&quot;Array verification&quot;</td></tr><tr><th colspan="2">Exception</th></tr><tr><td colspan="2"><div class="stacktrace">java.lang.AssertionError: expected [https://dsportalapp.herokuapp.com/array/] but found [https://dsportalapp.herokuapp.com/home]
	at org.testng.Assert.fail(Assert.java:111)
	at org.testng.Assert.failNotEquals(Assert.java:1578)
	at org.testng.Assert.assertEqualsImpl(Assert.java:150)
	at org.testng.Assert.assertEquals(Assert.java:132)
	at org.testng.Assert.assertEquals(Assert.java:656)
	at org.testng.Assert.assertEquals(Assert.java:666)
	at defenitions.arraysd.user_should_navigated_to_arrays_page(arraysd.java:39)
	at ✽.User should navigated to arrays page(file:///C:/Manju/SDET/ds-algoproject/src/test/resources/features/Arrays.feature:31)
</div></td></tr></table><p class="totop"><a href="#summary">back to summary</a></p>
<h3 id="m49">runner.TestRunner#runScenario</h3><table class="result"><tr class="param"><th>Parameter #1</th><th>Parameter #2</th></tr><tr class="param stripe"><td>&quot;TryEditor in each links with invalid code&quot;</td><td>&quot;Array verification&quot;</td></tr><tr><th colspan="2">Exception</th></tr><tr><td colspan="2"><div class="stacktrace">java.lang.AssertionError: expected [https://dsportalapp.herokuapp.com/array/] but found [https://dsportalapp.herokuapp.com/home]
	at org.testng.Assert.fail(Assert.java:111)
	at org.testng.Assert.failNotEquals(Assert.java:1578)
	at org.testng.Assert.assertEqualsImpl(Assert.java:150)
	at org.testng.Assert.assertEquals(Assert.java:132)
	at org.testng.Assert.assertEquals(Assert.java:656)
	at org.testng.Assert.assertEquals(Assert.java:666)
	at defenitions.arraysd.user_should_be_directed_to_arrays_page(arraysd.java:139)
	at ✽.User should be directed to arrays page(file:///C:/Manju/SDET/ds-algoproject/src/test/resources/features/Arrays.feature:99)
</div></td></tr></table><p class="totop"><a href="#summary">back to summary</a></p>
<h3 id="m50">runner.TestRunner#runScenario</h3><table class="result"><tr class="param"><th>Parameter #1</th><th>Parameter #2</th></tr><tr class="param stripe"><td>&quot;TryEditor link with valid code  in each page&quot;</td><td>&quot;Array verification&quot;</td></tr><tr><th colspan="2">Exception</th></tr><tr><td colspan="2"><div class="stacktrace">java.lang.AssertionError: expected [https://dsportalapp.herokuapp.com/array/] but found [https://dsportalapp.herokuapp.com/home]
	at org.testng.Assert.fail(Assert.java:111)
	at org.testng.Assert.failNotEquals(Assert.java:1578)
	at org.testng.Assert.assertEqualsImpl(Assert.java:150)
	at org.testng.Assert.assertEquals(Assert.java:132)
	at org.testng.Assert.assertEquals(Assert.java:656)
	at org.testng.Assert.assertEquals(Assert.java:666)
	at defenitions.arraysd.user_should_navigated_to_arrays_page(arraysd.java:39)
	at ✽.User should navigated to arrays page(file:///C:/Manju/SDET/ds-algoproject/src/test/resources/features/Arrays.feature:50)
</div></td></tr></table><p class="totop"><a href="#summary">back to summary</a></p>
<h3 id="m51">runner.TestRunner#runScenario</h3><table class="result"><tr class="param"><th>Parameter #1</th><th>Parameter #2</th></tr><tr class="param stripe"><td>&quot;practice link verification&quot;</td><td>&quot;Array verification&quot;</td></tr><tr><th colspan="2">Exception</th></tr><tr><td colspan="2"><div class="stacktrace">java.lang.AssertionError: expected [https://dsportalapp.herokuapp.com/array/] but found [https://dsportalapp.herokuapp.com/home]
	at org.testng.Assert.fail(Assert.java:111)
	at org.testng.Assert.failNotEquals(Assert.java:1578)
	at org.testng.Assert.assertEqualsImpl(Assert.java:150)
	at org.testng.Assert.assertEquals(Assert.java:132)
	at org.testng.Assert.assertEquals(Assert.java:656)
	at org.testng.Assert.assertEquals(Assert.java:666)
	at defenitions.arraysd.user_should_be_directed_to_array_page(arraysd.java:227)
	at ✽.User should be directed to array page(file:///C:/Manju/SDET/ds-algoproject/src/test/resources/features/Arrays.feature:130)
</div></td></tr></table><p class="totop"><a href="#summary">back to summary</a></p>
<h3 id="m52">runner.TestRunner#runScenario</h3><table class="result"><tr class="param"><th>Parameter #1</th><th>Parameter #2</th></tr><tr class="param stripe"><td>&quot;practice link verification&quot;</td><td>&quot;Array verification&quot;</td></tr><tr><th colspan="2">Exception</th></tr><tr><td colspan="2"><div class="stacktrace">java.lang.AssertionError: expected [https://dsportalapp.herokuapp.com/array/] but found [https://dsportalapp.herokuapp.com/home]
	at org.testng.Assert.fail(Assert.java:111)
	at org.testng.Assert.failNotEquals(Assert.java:1578)
	at org.testng.Assert.assertEqualsImpl(Assert.java:150)
	at org.testng.Assert.assertEquals(Assert.java:132)
	at org.testng.Assert.assertEquals(Assert.java:656)
	at org.testng.Assert.assertEquals(Assert.java:666)
	at defenitions.arraysd.user_should_be_directed_to_array_page(arraysd.java:227)
	at ✽.User should be directed to array page(file:///C:/Manju/SDET/ds-algoproject/src/test/resources/features/Arrays.feature:130)
</div></td></tr></table><p class="totop"><a href="#summary">back to summary</a></p>
<h3 id="m53">runner.TestRunner#runScenario</h3><table class="result"><tr class="param"><th>Parameter #1</th><th>Parameter #2</th></tr><tr class="param stripe"><td>&quot;practice link verification&quot;</td><td>&quot;Array verification&quot;</td></tr><tr><th colspan="2">Exception</th></tr><tr><td colspan="2"><div class="stacktrace">java.lang.AssertionError: expected [https://dsportalapp.herokuapp.com/array/] but found [https://dsportalapp.herokuapp.com/home]
	at org.testng.Assert.fail(Assert.java:111)
	at org.testng.Assert.failNotEquals(Assert.java:1578)
	at org.testng.Assert.assertEqualsImpl(Assert.java:150)
	at org.testng.Assert.assertEquals(Assert.java:132)
	at org.testng.Assert.assertEquals(Assert.java:656)
	at org.testng.Assert.assertEquals(Assert.java:666)
	at defenitions.arraysd.user_should_be_directed_to_array_page(arraysd.java:227)
	at ✽.User should be directed to array page(file:///C:/Manju/SDET/ds-algoproject/src/test/resources/features/Arrays.feature:130)
</div></td></tr></table><p class="totop"><a href="#summary">back to summary</a></p>
<h3 id="m54">runner.TestRunner#runScenario</h3><table class="result"><tr class="param"><th>Parameter #1</th><th>Parameter #2</th></tr><tr class="param stripe"><td>&quot;TryEditor in each links with valid code&quot;</td><td>&quot;Array verification&quot;</td></tr><tr><th colspan="2">Exception</th></tr><tr><td colspan="2"><div class="stacktrace">java.lang.AssertionError: expected [https://dsportalapp.herokuapp.com/array/] but found [https://dsportalapp.herokuapp.com/home]
	at org.testng.Assert.fail(Assert.java:111)
	at org.testng.Assert.failNotEquals(Assert.java:1578)
	at org.testng.Assert.assertEqualsImpl(Assert.java:150)
	at org.testng.Assert.assertEquals(Assert.java:132)
	at org.testng.Assert.assertEquals(Assert.java:656)
	at org.testng.Assert.assertEquals(Assert.java:666)
	at defenitions.arraysd.user_should_be_directed_to_arrays_page(arraysd.java:139)
	at ✽.User should be directed to arrays page(file:///C:/Manju/SDET/ds-algoproject/src/test/resources/features/Arrays.feature:68)
</div></td></tr></table><p class="totop"><a href="#summary">back to summary</a></p>
<h3 id="m55">runner.TestRunner#runScenario</h3><table class="result"><tr class="param"><th>Parameter #1</th><th>Parameter #2</th></tr><tr class="param stripe"><td>&quot;TryEditor in each links with invalid code&quot;</td><td>&quot;Array verification&quot;</td></tr><tr><th colspan="2">Exception</th></tr><tr><td colspan="2"><div class="stacktrace">java.lang.AssertionError: expected [https://dsportalapp.herokuapp.com/array/] but found [https://dsportalapp.herokuapp.com/home]
	at org.testng.Assert.fail(Assert.java:111)
	at org.testng.Assert.failNotEquals(Assert.java:1578)
	at org.testng.Assert.assertEqualsImpl(Assert.java:150)
	at org.testng.Assert.assertEquals(Assert.java:132)
	at org.testng.Assert.assertEquals(Assert.java:656)
	at org.testng.Assert.assertEquals(Assert.java:666)
	at defenitions.arraysd.user_should_be_directed_to_arrays_page(arraysd.java:139)
	at ✽.User should be directed to arrays page(file:///C:/Manju/SDET/ds-algoproject/src/test/resources/features/Arrays.feature:99)
</div></td></tr></table><p class="totop"><a href="#summary">back to summary</a></p>
<h3 id="m56">runner.TestRunner#runScenario</h3><table class="result"><tr class="param"><th>Parameter #1</th><th>Parameter #2</th></tr><tr class="param stripe"><td>&quot;practice link verification&quot;</td><td>&quot;Array verification&quot;</td></tr><tr><th colspan="2">Exception</th></tr><tr><td colspan="2"><div class="stacktrace">java.lang.AssertionError: expected [https://dsportalapp.herokuapp.com/array/] but found [https://dsportalapp.herokuapp.com/home]
	at org.testng.Assert.fail(Assert.java:111)
	at org.testng.Assert.failNotEquals(Assert.java:1578)
	at org.testng.Assert.assertEqualsImpl(Assert.java:150)
	at org.testng.Assert.assertEquals(Assert.java:132)
	at org.testng.Assert.assertEquals(Assert.java:656)
	at org.testng.Assert.assertEquals(Assert.java:666)
	at defenitions.arraysd.user_should_be_directed_to_array_page(arraysd.java:227)
	at ✽.User should be directed to array page(file:///C:/Manju/SDET/ds-algoproject/src/test/resources/features/Arrays.feature:130)
</div></td></tr></table><p class="totop"><a href="#summary">back to summary</a></p>
<h3 id="m57">runner.TestRunner#runScenario</h3><table class="result"><tr class="param"><th>Parameter #1</th><th>Parameter #2</th></tr><tr class="param stripe"><td>&quot;TryEditor in each links with valid code&quot;</td><td>&quot;Array verification&quot;</td></tr><tr><th colspan="2">Exception</th></tr><tr><td colspan="2"><div class="stacktrace">java.lang.AssertionError: expected [https://dsportalapp.herokuapp.com/array/] but found [https://dsportalapp.herokuapp.com/home]
	at org.testng.Assert.fail(Assert.java:111)
	at org.testng.Assert.failNotEquals(Assert.java:1578)
	at org.testng.Assert.assertEqualsImpl(Assert.java:150)
	at org.testng.Assert.assertEquals(Assert.java:132)
	at org.testng.Assert.assertEquals(Assert.java:656)
	at org.testng.Assert.assertEquals(Assert.java:666)
	at defenitions.arraysd.user_should_be_directed_to_arrays_page(arraysd.java:139)
	at ✽.User should be directed to arrays page(file:///C:/Manju/SDET/ds-algoproject/src/test/resources/features/Arrays.feature:68)
</div></td></tr></table><p class="totop"><a href="#summary">back to summary</a></p>
<h3 id="m58">runner.TestRunner#runScenario</h3><table class="result"><tr class="param"><th>Parameter #1</th><th>Parameter #2</th></tr><tr class="param stripe"><td>&quot;TryEditor in each links with valid code&quot;</td><td>&quot;Array verification&quot;</td></tr><tr><th colspan="2">Exception</th></tr><tr><td colspan="2"><div class="stacktrace">java.lang.AssertionError: expected [https://dsportalapp.herokuapp.com/array/] but found [https://dsportalapp.herokuapp.com/home]
	at org.testng.Assert.fail(Assert.java:111)
	at org.testng.Assert.failNotEquals(Assert.java:1578)
	at org.testng.Assert.assertEqualsImpl(Assert.java:150)
	at org.testng.Assert.assertEquals(Assert.java:132)
	at org.testng.Assert.assertEquals(Assert.java:656)
	at org.testng.Assert.assertEquals(Assert.java:666)
	at defenitions.arraysd.user_should_be_directed_to_arrays_page(arraysd.java:139)
	at ✽.User should be directed to arrays page(file:///C:/Manju/SDET/ds-algoproject/src/test/resources/features/Arrays.feature:68)
</div></td></tr></table><p class="totop"><a href="#summary">back to summary</a></p>
<h3 id="m59">runner.TestRunner#runScenario</h3><table class="result"><tr class="param"><th>Parameter #1</th><th>Parameter #2</th></tr><tr class="param stripe"><td>&quot;practice link verification&quot;</td><td>&quot;Array verification&quot;</td></tr><tr><th colspan="2">Exception</th></tr><tr><td colspan="2"><div class="stacktrace">java.lang.AssertionError: expected [https://dsportalapp.herokuapp.com/array/] but found [https://dsportalapp.herokuapp.com/home]
	at org.testng.Assert.fail(Assert.java:111)
	at org.testng.Assert.failNotEquals(Assert.java:1578)
	at org.testng.Assert.assertEqualsImpl(Assert.java:150)
	at org.testng.Assert.assertEquals(Assert.java:132)
	at org.testng.Assert.assertEquals(Assert.java:656)
	at org.testng.Assert.assertEquals(Assert.java:666)
	at defenitions.arraysd.user_should_be_navigated_to_array_page(arraysd.java:284)
	at ✽.User should be navigated to array page(file:///C:/Manju/SDET/ds-algoproject/src/test/resources/features/Arrays.feature:162)
</div></td></tr></table><p class="totop"><a href="#summary">back to summary</a></p>
<h3 id="m60">runner.TestRunner#runScenario</h3><table class="result"><tr class="param"><th>Parameter #1</th><th>Parameter #2</th></tr><tr class="param stripe"><td>&quot;practice link verification&quot;</td><td>&quot;Array verification&quot;</td></tr><tr><th colspan="2">Exception</th></tr><tr><td colspan="2"><div class="stacktrace">java.lang.AssertionError: expected [https://dsportalapp.herokuapp.com/array/] but found [https://dsportalapp.herokuapp.com/home]
	at org.testng.Assert.fail(Assert.java:111)
	at org.testng.Assert.failNotEquals(Assert.java:1578)
	at org.testng.Assert.assertEqualsImpl(Assert.java:150)
	at org.testng.Assert.assertEquals(Assert.java:132)
	at org.testng.Assert.assertEquals(Assert.java:656)
	at org.testng.Assert.assertEquals(Assert.java:666)
	at defenitions.arraysd.user_should_be_directed_to_array_page(arraysd.java:227)
	at ✽.User should be directed to array page(file:///C:/Manju/SDET/ds-algoproject/src/test/resources/features/Arrays.feature:130)
</div></td></tr></table><p class="totop"><a href="#summary">back to summary</a></p>
<h3 id="m61">runner.TestRunner#runScenario</h3><table class="result"><tr class="param"><th>Parameter #1</th><th>Parameter #2</th></tr><tr class="param stripe"><td>&quot;practice link verification&quot;</td><td>&quot;Array verification&quot;</td></tr><tr><th colspan="2">Exception</th></tr><tr><td colspan="2"><div class="stacktrace">java.lang.AssertionError: expected [https://dsportalapp.herokuapp.com/array/] but found [https://dsportalapp.herokuapp.com/home]
	at org.testng.Assert.fail(Assert.java:111)
	at org.testng.Assert.failNotEquals(Assert.java:1578)
	at org.testng.Assert.assertEqualsImpl(Assert.java:150)
	at org.testng.Assert.assertEquals(Assert.java:132)
	at org.testng.Assert.assertEquals(Assert.java:656)
	at org.testng.Assert.assertEquals(Assert.java:666)
	at defenitions.arraysd.user_should_be_navigated_to_array_page(arraysd.java:284)
	at ✽.User should be navigated to array page(file:///C:/Manju/SDET/ds-algoproject/src/test/resources/features/Arrays.feature:162)
</div></td></tr></table><p class="totop"><a href="#summary">back to summary</a></p>
<h3 id="m62">runner.TestRunner#runScenario</h3><table class="result"><tr class="param"><th>Parameter #1</th><th>Parameter #2</th></tr><tr class="param stripe"><td>&quot;TryEditor link with valid code  in each page&quot;</td><td>&quot;Array verification&quot;</td></tr><tr><th colspan="2">Exception</th></tr><tr><td colspan="2"><div class="stacktrace">java.lang.AssertionError: expected [https://dsportalapp.herokuapp.com/array/] but found [https://dsportalapp.herokuapp.com/home]
	at org.testng.Assert.fail(Assert.java:111)
	at org.testng.Assert.failNotEquals(Assert.java:1578)
	at org.testng.Assert.assertEqualsImpl(Assert.java:150)
	at org.testng.Assert.assertEquals(Assert.java:132)
	at org.testng.Assert.assertEquals(Assert.java:656)
	at org.testng.Assert.assertEquals(Assert.java:666)
	at defenitions.arraysd.user_should_navigated_to_arrays_page(arraysd.java:39)
	at ✽.User should navigated to arrays page(file:///C:/Manju/SDET/ds-algoproject/src/test/resources/features/Arrays.feature:31)
</div></td></tr></table><p class="totop"><a href="#summary">back to summary</a></p>
<h3 id="m63">runner.TestRunner#runScenario</h3><table class="result"><tr class="param"><th>Parameter #1</th><th>Parameter #2</th></tr><tr class="param stripe"><td>&quot;TryEditor in each links with valid code&quot;</td><td>&quot;Array verification&quot;</td></tr><tr><th colspan="2">Exception</th></tr><tr><td colspan="2"><div class="stacktrace">java.lang.AssertionError: expected [https://dsportalapp.herokuapp.com/array/] but found [https://dsportalapp.herokuapp.com/home]
	at org.testng.Assert.fail(Assert.java:111)
	at org.testng.Assert.failNotEquals(Assert.java:1578)
	at org.testng.Assert.assertEqualsImpl(Assert.java:150)
	at org.testng.Assert.assertEquals(Assert.java:132)
	at org.testng.Assert.assertEquals(Assert.java:656)
	at org.testng.Assert.assertEquals(Assert.java:666)
	at defenitions.arraysd.user_should_be_directed_to_arrays_page(arraysd.java:139)
	at ✽.User should be directed to arrays page(file:///C:/Manju/SDET/ds-algoproject/src/test/resources/features/Arrays.feature:68)
</div></td></tr></table><p class="totop"><a href="#summary">back to summary</a></p>
<h3 id="m64">runner.TestRunner#runScenario</h3><table class="result"><tr class="param"><th>Parameter #1</th><th>Parameter #2</th></tr><tr class="param stripe"><td>&quot;TryEditor in each links with invalid code&quot;</td><td>&quot;Array verification&quot;</td></tr><tr><th colspan="2">Exception</th></tr><tr><td colspan="2"><div class="stacktrace">java.lang.AssertionError: expected [https://dsportalapp.herokuapp.com/array/] but found [https://dsportalapp.herokuapp.com/home]
	at org.testng.Assert.fail(Assert.java:111)
	at org.testng.Assert.failNotEquals(Assert.java:1578)
	at org.testng.Assert.assertEqualsImpl(Assert.java:150)
	at org.testng.Assert.assertEquals(Assert.java:132)
	at org.testng.Assert.assertEquals(Assert.java:656)
	at org.testng.Assert.assertEquals(Assert.java:666)
	at defenitions.arraysd.user_should_be_directed_to_arrays_page(arraysd.java:139)
	at ✽.User should be directed to arrays page(file:///C:/Manju/SDET/ds-algoproject/src/test/resources/features/Arrays.feature:99)
</div></td></tr></table><p class="totop"><a href="#summary">back to summary</a></p>
<h3 id="m65">runner.TestRunner#runScenario</h3><table class="result"><tr class="param"><th>Parameter #1</th><th>Parameter #2</th></tr><tr class="param stripe"><td>&quot;TryEditor link with valid code  in each page&quot;</td><td>&quot;Array verification&quot;</td></tr><tr><th colspan="2">Exception</th></tr><tr><td colspan="2"><div class="stacktrace">java.lang.AssertionError: expected [https://dsportalapp.herokuapp.com/array/] but found [https://dsportalapp.herokuapp.com/home]
	at org.testng.Assert.fail(Assert.java:111)
	at org.testng.Assert.failNotEquals(Assert.java:1578)
	at org.testng.Assert.assertEqualsImpl(Assert.java:150)
	at org.testng.Assert.assertEquals(Assert.java:132)
	at org.testng.Assert.assertEquals(Assert.java:656)
	at org.testng.Assert.assertEquals(Assert.java:666)
	at defenitions.arraysd.user_should_navigated_to_arrays_page(arraysd.java:39)
	at ✽.User should navigated to arrays page(file:///C:/Manju/SDET/ds-algoproject/src/test/resources/features/Arrays.feature:50)
</div></td></tr></table><p class="totop"><a href="#summary">back to summary</a></p>
<h3 id="m66">runner.TestRunner#runScenario</h3><table class="result"><tr class="param"><th>Parameter #1</th><th>Parameter #2</th></tr><tr class="param stripe"><td>&quot;practice link verification&quot;</td><td>&quot;Array verification&quot;</td></tr><tr><th colspan="2">Exception</th></tr><tr><td colspan="2"><div class="stacktrace">java.lang.AssertionError: expected [https://dsportalapp.herokuapp.com/array/] but found [https://dsportalapp.herokuapp.com/home]
	at org.testng.Assert.fail(Assert.java:111)
	at org.testng.Assert.failNotEquals(Assert.java:1578)
	at org.testng.Assert.assertEqualsImpl(Assert.java:150)
	at org.testng.Assert.assertEquals(Assert.java:132)
	at org.testng.Assert.assertEquals(Assert.java:656)
	at org.testng.Assert.assertEquals(Assert.java:666)
	at defenitions.arraysd.user_should_be_directed_to_array_page(arraysd.java:227)
	at ✽.User should be directed to array page(file:///C:/Manju/SDET/ds-algoproject/src/test/resources/features/Arrays.feature:130)
</div></td></tr></table><p class="totop"><a href="#summary">back to summary</a></p>
<h3 id="m67">runner.TestRunner#runScenario</h3><table class="result"><tr class="param"><th>Parameter #1</th><th>Parameter #2</th></tr><tr class="param stripe"><td>&quot;practice link verification&quot;</td><td>&quot;Array verification&quot;</td></tr><tr><th colspan="2">Exception</th></tr><tr><td colspan="2"><div class="stacktrace">java.lang.AssertionError: expected [https://dsportalapp.herokuapp.com/array/] but found [https://dsportalapp.herokuapp.com/home]
	at org.testng.Assert.fail(Assert.java:111)
	at org.testng.Assert.failNotEquals(Assert.java:1578)
	at org.testng.Assert.assertEqualsImpl(Assert.java:150)
	at org.testng.Assert.assertEquals(Assert.java:132)
	at org.testng.Assert.assertEquals(Assert.java:656)
	at org.testng.Assert.assertEquals(Assert.java:666)
	at defenitions.arraysd.user_should_be_directed_to_array_page(arraysd.java:227)
	at ✽.User should be directed to array page(file:///C:/Manju/SDET/ds-algoproject/src/test/resources/features/Arrays.feature:130)
</div></td></tr></table><p class="totop"><a href="#summary">back to summary</a></p>
<h3 id="m68">runner.TestRunner#runScenario</h3><table class="result"><tr class="param"><th>Parameter #1</th><th>Parameter #2</th></tr><tr class="param stripe"><td>&quot;practice link verification&quot;</td><td>&quot;Array verification&quot;</td></tr><tr><th colspan="2">Exception</th></tr><tr><td colspan="2"><div class="stacktrace">java.lang.AssertionError: expected [https://dsportalapp.herokuapp.com/array/] but found [https://dsportalapp.herokuapp.com/home]
	at org.testng.Assert.fail(Assert.java:111)
	at org.testng.Assert.failNotEquals(Assert.java:1578)
	at org.testng.Assert.assertEqualsImpl(Assert.java:150)
	at org.testng.Assert.assertEquals(Assert.java:132)
	at org.testng.Assert.assertEquals(Assert.java:656)
	at org.testng.Assert.assertEquals(Assert.java:666)
	at defenitions.arraysd.user_should_be_navigated_to_array_page(arraysd.java:284)
	at ✽.User should be navigated to array page(file:///C:/Manju/SDET/ds-algoproject/src/test/resources/features/Arrays.feature:162)
</div></td></tr></table><p class="totop"><a href="#summary">back to summary</a></p>
<h3 id="m69">runner.TestRunner#runScenario</h3><table class="result"><tr class="param"><th>Parameter #1</th><th>Parameter #2</th></tr><tr class="param stripe"><td>&quot;practice link verification&quot;</td><td>&quot;Array verification&quot;</td></tr><tr><th colspan="2">Exception</th></tr><tr><td colspan="2"><div class="stacktrace">java.lang.AssertionError: expected [https://dsportalapp.herokuapp.com/array/] but found [https://dsportalapp.herokuapp.com/home]
	at org.testng.Assert.fail(Assert.java:111)
	at org.testng.Assert.failNotEquals(Assert.java:1578)
	at org.testng.Assert.assertEqualsImpl(Assert.java:150)
	at org.testng.Assert.assertEquals(Assert.java:132)
	at org.testng.Assert.assertEquals(Assert.java:656)
	at org.testng.Assert.assertEquals(Assert.java:666)
	at defenitions.arraysd.user_should_be_directed_to_array_page(arraysd.java:227)
	at ✽.User should be directed to array page(file:///C:/Manju/SDET/ds-algoproject/src/test/resources/features/Arrays.feature:130)
</div></td></tr></table><p class="totop"><a href="#summary">back to summary</a></p>
<h3 id="m70">runner.TestRunner#runScenario</h3><table class="result"><tr class="param"><th>Parameter #1</th><th>Parameter #2</th></tr><tr class="param stripe"><td>&quot;TryEditor in each links with valid code&quot;</td><td>&quot;Array verification&quot;</td></tr><tr><th colspan="2">Exception</th></tr><tr><td colspan="2"><div class="stacktrace">java.lang.AssertionError: expected [https://dsportalapp.herokuapp.com/array/] but found [https://dsportalapp.herokuapp.com/home]
	at org.testng.Assert.fail(Assert.java:111)
	at org.testng.Assert.failNotEquals(Assert.java:1578)
	at org.testng.Assert.assertEqualsImpl(Assert.java:150)
	at org.testng.Assert.assertEquals(Assert.java:132)
	at org.testng.Assert.assertEquals(Assert.java:656)
	at org.testng.Assert.assertEquals(Assert.java:666)
	at defenitions.arraysd.user_should_be_directed_to_arrays_page(arraysd.java:139)
	at ✽.User should be directed to arrays page(file:///C:/Manju/SDET/ds-algoproject/src/test/resources/features/Arrays.feature:68)
</div></td></tr></table><p class="totop"><a href="#summary">back to summary</a></p>
<h3 id="m71">runner.TestRunner#runScenario</h3><table class="result"><tr class="param"><th>Parameter #1</th><th>Parameter #2</th></tr><tr class="param stripe"><td>&quot;practice link verification&quot;</td><td>&quot;Array verification&quot;</td></tr><tr><th colspan="2">Exception</th></tr><tr><td colspan="2"><div class="stacktrace">java.lang.AssertionError: expected [https://dsportalapp.herokuapp.com/array/] but found [https://dsportalapp.herokuapp.com/home]
	at org.testng.Assert.fail(Assert.java:111)
	at org.testng.Assert.failNotEquals(Assert.java:1578)
	at org.testng.Assert.assertEqualsImpl(Assert.java:150)
	at org.testng.Assert.assertEquals(Assert.java:132)
	at org.testng.Assert.assertEquals(Assert.java:656)
	at org.testng.Assert.assertEquals(Assert.java:666)
	at defenitions.arraysd.user_should_be_navigated_to_array_page(arraysd.java:284)
	at ✽.User should be navigated to array page(file:///C:/Manju/SDET/ds-algoproject/src/test/resources/features/Arrays.feature:162)
</div></td></tr></table><p class="totop"><a href="#summary">back to summary</a></p>
<h3 id="m72">runner.TestRunner#runScenario</h3><table class="result"><tr class="param"><th>Parameter #1</th><th>Parameter #2</th></tr><tr class="param stripe"><td>&quot;practice link verification&quot;</td><td>&quot;Array verification&quot;</td></tr><tr><th colspan="2">Exception</th></tr><tr><td colspan="2"><div class="stacktrace">java.lang.AssertionError: expected [https://dsportalapp.herokuapp.com/array/] but found [https://dsportalapp.herokuapp.com/home]
	at org.testng.Assert.fail(Assert.java:111)
	at org.testng.Assert.failNotEquals(Assert.java:1578)
	at org.testng.Assert.assertEqualsImpl(Assert.java:150)
	at org.testng.Assert.assertEquals(Assert.java:132)
	at org.testng.Assert.assertEquals(Assert.java:656)
	at org.testng.Assert.assertEquals(Assert.java:666)
	at defenitions.arraysd.user_should_be_navigated_to_array_page(arraysd.java:284)
	at ✽.User should be navigated to array page(file:///C:/Manju/SDET/ds-algoproject/src/test/resources/features/Arrays.feature:162)
</div></td></tr></table><p class="totop"><a href="#summary">back to summary</a></p>
</body>
</html>
