<!DOCTYPE html>

<html>
  <head>
  <meta charset='utf-8'>
  <title>TestNG reports</title>

    <link type="text/css" href="testng-reports1.css" rel="stylesheet" id="ultra" />
    <link type="text/css" href="testng-reports.css" rel="stylesheet" id="retro" disabled="false"/>
    <script type="text/javascript" src="jquery-3.6.0.min.js"></script>
    <script type="text/javascript" src="testng-reports.js"></script>
    <script type="text/javascript" src="https://www.google.com/jsapi"></script>
    <script type='text/javascript'>
      google.load('visualization', '1', {packages:['table']});
      google.setOnLoadCallback(drawTable);
      var suiteTableInitFunctions = new Array();
      var suiteTableData = new Array();
    </script>
    <!--
      <script type="text/javascript" src="jquery-ui/js/jquery-ui-1.8.16.custom.min.js"></script>
     -->
  </head>

  <body>    <div class="top-banner-root">
      <span class="top-banner-title-font">Test results</span>
      <button id="button" class="button">Switch Retro Theme</button> <!-- button -->
      <br/>
      <span class="top-banner-font-1">1 suite, 73 failed tests</span>
    </div> <!-- top-banner-root -->
    <div class="navigator-root">
      <div class="navigator-suite-header">
        <span>All suites</span>
        <a href="#" title="Collapse/expand all the suites" class="collapse-all-link">
          <img src="collapseall.gif" class="collapse-all-icon">
          </img> <!-- collapse-all-icon -->
        </a> <!-- collapse-all-link -->
      </div> <!-- navigator-suite-header -->
      <div class="suite">
        <div class="rounded-window">
          <div class="suite-header light-rounded-window-top">
            <a href="#" panel-name="suite-Default_suite" class="navigator-link">
              <span class="suite-name border-failed">Default suite</span>
            </a> <!-- navigator-link -->
          </div> <!-- suite-header light-rounded-window-top -->
          <div class="navigator-suite-content">
            <div class="suite-section-title">
              <span>Info</span>
            </div> <!-- suite-section-title -->
            <div class="suite-section-content">
              <ul>
                <li>
                  <a href="#" panel-name="test-xml-Default_suite" class="navigator-link ">
                    <span>C:\Users\rassa\AppData\Local\Temp\testng-eclipse--1376759329\testng-customsuite.xml</span>
                  </a> <!-- navigator-link  -->
                </li>
                <li>
                  <a href="#" panel-name="testlist-Default_suite" class="navigator-link ">
                    <span class="test-stats">1 test</span>
                  </a> <!-- navigator-link  -->
                </li>
                <li>
                  <a href="#" panel-name="group-Default_suite" class="navigator-link ">
                    <span>1 group</span>
                  </a> <!-- navigator-link  -->
                </li>
                <li>
                  <a href="#" panel-name="times-Default_suite" class="navigator-link ">
                    <span>Times</span>
                  </a> <!-- navigator-link  -->
                </li>
                <li>
                  <a href="#" panel-name="reporter-Default_suite" class="navigator-link ">
                    <span>Reporter output</span>
                  </a> <!-- navigator-link  -->
                </li>
                <li>
                  <a href="#" panel-name="ignored-methods-Default_suite" class="navigator-link ">
                    <span>Ignored methods</span>
                  </a> <!-- navigator-link  -->
                </li>
                <li>
                  <a href="#" panel-name="chronological-Default_suite" class="navigator-link ">
                    <span>Chronological view</span>
                  </a> <!-- navigator-link  -->
                </li>
              </ul>
            </div> <!-- suite-section-content -->
            <div class="result-section">
              <div class="suite-section-title">
                <span>Results</span>
              </div> <!-- suite-section-title -->
              <div class="suite-section-content">
                <ul>
                  <li>
                    <span class="method-stats">73 methods, 73 failed,   </span>
                  </li>
                  <li>
                    <span class="method-list-title failed">Failed methods</span>
                    <span class="show-or-hide-methods failed">
                      <a href="#" panel-name="suite-Default_suite" class="hide-methods failed suite-Default_suite"> (hide)</a> <!-- hide-methods failed suite-Default_suite -->
                      <a href="#" panel-name="suite-Default_suite" class="show-methods failed suite-Default_suite"> (show)</a> <!-- show-methods failed suite-Default_suite -->
                    </span>
                    <div class="method-list-content failed suite-Default_suite">
                      <span>
                        <img src="failed.png" width="3%"/>
                        <a href="#" panel-name="suite-Default_suite" title="runner.TestRunner" class="method navigator-link" hash-for-method="runScenario(&quot;TryEditor in each links with invalid code&quot;, &quot;Array verification&quot;)">runScenario("TryEditor in each links with invalid code", "Array verification")</a> <!-- method navigator-link -->
                      </span>
                      <br/>
                      <span>
                        <img src="failed.png" width="3%"/>
                        <a href="#" panel-name="suite-Default_suite" title="runner.TestRunner" class="method navigator-link" hash-for-method="runScenario(&quot;TryEditor in each links with invalid code&quot;, &quot;Array verification&quot;)">runScenario("TryEditor in each links with invalid code", "Array verification")</a> <!-- method navigator-link -->
                      </span>
                      <br/>
                      <span>
                        <img src="failed.png" width="3%"/>
                        <a href="#" panel-name="suite-Default_suite" title="runner.TestRunner" class="method navigator-link" hash-for-method="runScenario(&quot;practice link verification&quot;, &quot;Array verification&quot;)">runScenario("practice link verification", "Array verification")</a> <!-- method navigator-link -->
                      </span>
                      <br/>
                      <span>
                        <img src="failed.png" width="3%"/>
                        <a href="#" panel-name="suite-Default_suite" title="runner.TestRunner" class="method navigator-link" hash-for-method="runScenario(&quot;practice link verification&quot;, &quot;Array verification&quot;)">runScenario("practice link verification", "Array verification")</a> <!-- method navigator-link -->
                      </span>
                      <br/>
                      <span>
                        <img src="failed.png" width="3%"/>
                        <a href="#" panel-name="suite-Default_suite" title="runner.TestRunner" class="method navigator-link" hash-for-method="runScenario(&quot;practice link verification&quot;, &quot;Array verification&quot;)">runScenario("practice link verification", "Array verification")</a> <!-- method navigator-link -->
                      </span>
                      <br/>
                      <span>
                        <img src="failed.png" width="3%"/>
                        <a href="#" panel-name="suite-Default_suite" title="runner.TestRunner" class="method navigator-link" hash-for-method="runScenario(&quot;practice link verification&quot;, &quot;Array verification&quot;)">runScenario("practice link verification", "Array verification")</a> <!-- method navigator-link -->
                      </span>
                      <br/>
                      <span>
                        <img src="failed.png" width="3%"/>
                        <a href="#" panel-name="suite-Default_suite" title="runner.TestRunner" class="method navigator-link" hash-for-method="runScenario(&quot;TryEditor link with valid code  in each page&quot;, &quot;Array verification&quot;)">runScenario("TryEditor link with valid code  in each page", "Array verification")</a> <!-- method navigator-link -->
                      </span>
                      <br/>
                      <span>
                        <img src="failed.png" width="3%"/>
                        <a href="#" panel-name="suite-Default_suite" title="runner.TestRunner" class="method navigator-link" hash-for-method="runScenario(&quot;practice link verification&quot;, &quot;Array verification&quot;)">runScenario("practice link verification", "Array verification")</a> <!-- method navigator-link -->
                      </span>
                      <br/>
                      <span>
                        <img src="failed.png" width="3%"/>
                        <a href="#" panel-name="suite-Default_suite" title="runner.TestRunner" class="method navigator-link" hash-for-method="runScenario(&quot;practice link verification&quot;, &quot;Array verification&quot;)">runScenario("practice link verification", "Array verification")</a> <!-- method navigator-link -->
                      </span>
                      <br/>
                      <span>
                        <img src="failed.png" width="3%"/>
                        <a href="#" panel-name="suite-Default_suite" title="runner.TestRunner" class="method navigator-link" hash-for-method="runScenario(&quot;TryEditor in each links with valid code&quot;, &quot;Array verification&quot;)">runScenario("TryEditor in each links with valid code", "Array verification")</a> <!-- method navigator-link -->
                      </span>
                      <br/>
                      <span>
                        <img src="failed.png" width="3%"/>
                        <a href="#" panel-name="suite-Default_suite" title="runner.TestRunner" class="method navigator-link" hash-for-method="runScenario(&quot;practice link verification&quot;, &quot;Array verification&quot;)">runScenario("practice link verification", "Array verification")</a> <!-- method navigator-link -->
                      </span>
                      <br/>
                      <span>
                        <img src="failed.png" width="3%"/>
                        <a href="#" panel-name="suite-Default_suite" title="runner.TestRunner" class="method navigator-link" hash-for-method="runScenario(&quot;TryEditor in each links with valid code&quot;, &quot;Array verification&quot;)">runScenario("TryEditor in each links with valid code", "Array verification")</a> <!-- method navigator-link -->
                      </span>
                      <br/>
                      <span>
                        <img src="failed.png" width="3%"/>
                        <a href="#" panel-name="suite-Default_suite" title="runner.TestRunner" class="method navigator-link" hash-for-method="runScenario(&quot;TryEditor in each links with valid code&quot;, &quot;Array verification&quot;)">runScenario("TryEditor in each links with valid code", "Array verification")</a> <!-- method navigator-link -->
                      </span>
                      <br/>
                      <span>
                        <img src="failed.png" width="3%"/>
                        <a href="#" panel-name="suite-Default_suite" title="runner.TestRunner" class="method navigator-link" hash-for-method="runScenario(&quot;TryEditor in each links with invalid code&quot;, &quot;Array verification&quot;)">runScenario("TryEditor in each links with invalid code", "Array verification")</a> <!-- method navigator-link -->
                      </span>
                      <br/>
                      <span>
                        <img src="failed.png" width="3%"/>
                        <a href="#" panel-name="suite-Default_suite" title="runner.TestRunner" class="method navigator-link" hash-for-method="runScenario(&quot;User enters arrays Page&quot;, &quot;Array verification&quot;)">runScenario("User enters arrays Page", "Array verification")</a> <!-- method navigator-link -->
                      </span>
                      <br/>
                      <span>
                        <img src="failed.png" width="3%"/>
                        <a href="#" panel-name="suite-Default_suite" title="runner.TestRunner" class="method navigator-link" hash-for-method="runScenario(&quot;practice link verification&quot;, &quot;Array verification&quot;)">runScenario("practice link verification", "Array verification")</a> <!-- method navigator-link -->
                      </span>
                      <br/>
                      <span>
                        <img src="failed.png" width="3%"/>
                        <a href="#" panel-name="suite-Default_suite" title="runner.TestRunner" class="method navigator-link" hash-for-method="runScenario(&quot;practice link verification&quot;, &quot;Array verification&quot;)">runScenario("practice link verification", "Array verification")</a> <!-- method navigator-link -->
                      </span>
                      <br/>
                      <span>
                        <img src="failed.png" width="3%"/>
                        <a href="#" panel-name="suite-Default_suite" title="runner.TestRunner" class="method navigator-link" hash-for-method="runScenario(&quot;TryEditor in each links with valid code&quot;, &quot;Array verification&quot;)">runScenario("TryEditor in each links with valid code", "Array verification")</a> <!-- method navigator-link -->
                      </span>
                      <br/>
                      <span>
                        <img src="failed.png" width="3%"/>
                        <a href="#" panel-name="suite-Default_suite" title="runner.TestRunner" class="method navigator-link" hash-for-method="runScenario(&quot;TryEditor in each links with invalid code&quot;, &quot;Array verification&quot;)">runScenario("TryEditor in each links with invalid code", "Array verification")</a> <!-- method navigator-link -->
                      </span>
                      <br/>
                      <span>
                        <img src="failed.png" width="3%"/>
                        <a href="#" panel-name="suite-Default_suite" title="runner.TestRunner" class="method navigator-link" hash-for-method="runScenario(&quot;practice link verification&quot;, &quot;Array verification&quot;)">runScenario("practice link verification", "Array verification")</a> <!-- method navigator-link -->
                      </span>
                      <br/>
                      <span>
                        <img src="failed.png" width="3%"/>
                        <a href="#" panel-name="suite-Default_suite" title="runner.TestRunner" class="method navigator-link" hash-for-method="runScenario(&quot;practice link verification&quot;, &quot;Array verification&quot;)">runScenario("practice link verification", "Array verification")</a> <!-- method navigator-link -->
                      </span>
                      <br/>
                      <span>
                        <img src="failed.png" width="3%"/>
                        <a href="#" panel-name="suite-Default_suite" title="runner.TestRunner" class="method navigator-link" hash-for-method="runScenario(&quot;practice link verification&quot;, &quot;Array verification&quot;)">runScenario("practice link verification", "Array verification")</a> <!-- method navigator-link -->
                      </span>
                      <br/>
                      <span>
                        <img src="failed.png" width="3%"/>
                        <a href="#" panel-name="suite-Default_suite" title="runner.TestRunner" class="method navigator-link" hash-for-method="runScenario(&quot;TryEditor in each links with valid code&quot;, &quot;Array verification&quot;)">runScenario("TryEditor in each links with valid code", "Array verification")</a> <!-- method navigator-link -->
                      </span>
                      <br/>
                      <span>
                        <img src="failed.png" width="3%"/>
                        <a href="#" panel-name="suite-Default_suite" title="runner.TestRunner" class="method navigator-link" hash-for-method="runScenario(&quot;TryEditor in each links with invalid code&quot;, &quot;Array verification&quot;)">runScenario("TryEditor in each links with invalid code", "Array verification")</a> <!-- method navigator-link -->
                      </span>
                      <br/>
                      <span>
                        <img src="failed.png" width="3%"/>
                        <a href="#" panel-name="suite-Default_suite" title="runner.TestRunner" class="method navigator-link" hash-for-method="runScenario(&quot;TryEditor link with valid code  in each page&quot;, &quot;Array verification&quot;)">runScenario("TryEditor link with valid code  in each page", "Array verification")</a> <!-- method navigator-link -->
                      </span>
                      <br/>
                      <span>
                        <img src="failed.png" width="3%"/>
                        <a href="#" panel-name="suite-Default_suite" title="runner.TestRunner" class="method navigator-link" hash-for-method="runScenario(&quot;TryEditor in each links with valid code&quot;, &quot;Array verification&quot;)">runScenario("TryEditor in each links with valid code", "Array verification")</a> <!-- method navigator-link -->
                      </span>
                      <br/>
                      <span>
                        <img src="failed.png" width="3%"/>
                        <a href="#" panel-name="suite-Default_suite" title="runner.TestRunner" class="method navigator-link" hash-for-method="runScenario(&quot;practice link verification&quot;, &quot;Array verification&quot;)">runScenario("practice link verification", "Array verification")</a> <!-- method navigator-link -->
                      </span>
                      <br/>
                      <span>
                        <img src="failed.png" width="3%"/>
                        <a href="#" panel-name="suite-Default_suite" title="runner.TestRunner" class="method navigator-link" hash-for-method="runScenario(&quot;TryEditor in each links with invalid code&quot;, &quot;Array verification&quot;)">runScenario("TryEditor in each links with invalid code", "Array verification")</a> <!-- method navigator-link -->
                      </span>
                      <br/>
                      <span>
                        <img src="failed.png" width="3%"/>
                        <a href="#" panel-name="suite-Default_suite" title="runner.TestRunner" class="method navigator-link" hash-for-method="runScenario(&quot;TryEditor link with valid code  in each page&quot;, &quot;Array verification&quot;)">runScenario("TryEditor link with valid code  in each page", "Array verification")</a> <!-- method navigator-link -->
                      </span>
                      <br/>
                      <span>
                        <img src="failed.png" width="3%"/>
                        <a href="#" panel-name="suite-Default_suite" title="runner.TestRunner" class="method navigator-link" hash-for-method="runScenario(&quot;TryEditor in each links with invalid code&quot;, &quot;Array verification&quot;)">runScenario("TryEditor in each links with invalid code", "Array verification")</a> <!-- method navigator-link -->
                      </span>
                      <br/>
                      <span>
                        <img src="failed.png" width="3%"/>
                        <a href="#" panel-name="suite-Default_suite" title="runner.TestRunner" class="method navigator-link" hash-for-method="runScenario(&quot;TryEditor in each links with valid code&quot;, &quot;Array verification&quot;)">runScenario("TryEditor in each links with valid code", "Array verification")</a> <!-- method navigator-link -->
                      </span>
                      <br/>
                      <span>
                        <img src="failed.png" width="3%"/>
                        <a href="#" panel-name="suite-Default_suite" title="runner.TestRunner" class="method navigator-link" hash-for-method="runScenario(&quot;TryEditor in each links with invalid code&quot;, &quot;Array verification&quot;)">runScenario("TryEditor in each links with invalid code", "Array verification")</a> <!-- method navigator-link -->
                      </span>
                      <br/>
                      <span>
                        <img src="failed.png" width="3%"/>
                        <a href="#" panel-name="suite-Default_suite" title="runner.TestRunner" class="method navigator-link" hash-for-method="runScenario(&quot;practice link verification&quot;, &quot;Array verification&quot;)">runScenario("practice link verification", "Array verification")</a> <!-- method navigator-link -->
                      </span>
                      <br/>
                      <span>
                        <img src="failed.png" width="3%"/>
                        <a href="#" panel-name="suite-Default_suite" title="runner.TestRunner" class="method navigator-link" hash-for-method="runScenario(&quot;practice link verification&quot;, &quot;Array verification&quot;)">runScenario("practice link verification", "Array verification")</a> <!-- method navigator-link -->
                      </span>
                      <br/>
                      <span>
                        <img src="failed.png" width="3%"/>
                        <a href="#" panel-name="suite-Default_suite" title="runner.TestRunner" class="method navigator-link" hash-for-method="runScenario(&quot;TryEditor in each links with invalid code&quot;, &quot;Array verification&quot;)">runScenario("TryEditor in each links with invalid code", "Array verification")</a> <!-- method navigator-link -->
                      </span>
                      <br/>
                      <span>
                        <img src="failed.png" width="3%"/>
                        <a href="#" panel-name="suite-Default_suite" title="runner.TestRunner" class="method navigator-link" hash-for-method="runScenario(&quot;TryEditor link with valid code  in each page&quot;, &quot;Array verification&quot;)">runScenario("TryEditor link with valid code  in each page", "Array verification")</a> <!-- method navigator-link -->
                      </span>
                      <br/>
                      <span>
                        <img src="failed.png" width="3%"/>
                        <a href="#" panel-name="suite-Default_suite" title="runner.TestRunner" class="method navigator-link" hash-for-method="runScenario(&quot;TryEditor in each links with invalid code&quot;, &quot;Array verification&quot;)">runScenario("TryEditor in each links with invalid code", "Array verification")</a> <!-- method navigator-link -->
                      </span>
                      <br/>
                      <span>
                        <img src="failed.png" width="3%"/>
                        <a href="#" panel-name="suite-Default_suite" title="runner.TestRunner" class="method navigator-link" hash-for-method="runScenario(&quot;TryEditor in each links with invalid code&quot;, &quot;Array verification&quot;)">runScenario("TryEditor in each links with invalid code", "Array verification")</a> <!-- method navigator-link -->
                      </span>
                      <br/>
                      <span>
                        <img src="failed.png" width="3%"/>
                        <a href="#" panel-name="suite-Default_suite" title="runner.TestRunner" class="method navigator-link" hash-for-method="runScenario(&quot;practice link verification&quot;, &quot;Array verification&quot;)">runScenario("practice link verification", "Array verification")</a> <!-- method navigator-link -->
                      </span>
                      <br/>
                      <span>
                        <img src="failed.png" width="3%"/>
                        <a href="#" panel-name="suite-Default_suite" title="runner.TestRunner" class="method navigator-link" hash-for-method="runScenario(&quot;TryEditor in each links with valid code&quot;, &quot;Array verification&quot;)">runScenario("TryEditor in each links with valid code", "Array verification")</a> <!-- method navigator-link -->
                      </span>
                      <br/>
                      <span>
                        <img src="failed.png" width="3%"/>
                        <a href="#" panel-name="suite-Default_suite" title="runner.TestRunner" class="method navigator-link" hash-for-method="runScenario(&quot;TryEditor in each links with valid code&quot;, &quot;Array verification&quot;)">runScenario("TryEditor in each links with valid code", "Array verification")</a> <!-- method navigator-link -->
                      </span>
                      <br/>
                      <span>
                        <img src="failed.png" width="3%"/>
                        <a href="#" panel-name="suite-Default_suite" title="runner.TestRunner" class="method navigator-link" hash-for-method="runScenario(&quot;TryEditor in each links with valid code&quot;, &quot;Array verification&quot;)">runScenario("TryEditor in each links with valid code", "Array verification")</a> <!-- method navigator-link -->
                      </span>
                      <br/>
                      <span>
                        <img src="failed.png" width="3%"/>
                        <a href="#" panel-name="suite-Default_suite" title="runner.TestRunner" class="method navigator-link" hash-for-method="runScenario(&quot;TryEditor in each links with invalid code&quot;, &quot;Array verification&quot;)">runScenario("TryEditor in each links with invalid code", "Array verification")</a> <!-- method navigator-link -->
                      </span>
                      <br/>
                      <span>
                        <img src="failed.png" width="3%"/>
                        <a href="#" panel-name="suite-Default_suite" title="runner.TestRunner" class="method navigator-link" hash-for-method="runScenario(&quot;practice link verification&quot;, &quot;Array verification&quot;)">runScenario("practice link verification", "Array verification")</a> <!-- method navigator-link -->
                      </span>
                      <br/>
                      <span>
                        <img src="failed.png" width="3%"/>
                        <a href="#" panel-name="suite-Default_suite" title="runner.TestRunner" class="method navigator-link" hash-for-method="runScenario(&quot;TryEditor in each links with invalid code&quot;, &quot;Array verification&quot;)">runScenario("TryEditor in each links with invalid code", "Array verification")</a> <!-- method navigator-link -->
                      </span>
                      <br/>
                      <span>
                        <img src="failed.png" width="3%"/>
                        <a href="#" panel-name="suite-Default_suite" title="runner.TestRunner" class="method navigator-link" hash-for-method="runScenario(&quot;practice link verification&quot;, &quot;Array verification&quot;)">runScenario("practice link verification", "Array verification")</a> <!-- method navigator-link -->
                      </span>
                      <br/>
                      <span>
                        <img src="failed.png" width="3%"/>
                        <a href="#" panel-name="suite-Default_suite" title="runner.TestRunner" class="method navigator-link" hash-for-method="runScenario(&quot;TryEditor in each links with valid code&quot;, &quot;Array verification&quot;)">runScenario("TryEditor in each links with valid code", "Array verification")</a> <!-- method navigator-link -->
                      </span>
                      <br/>
                      <span>
                        <img src="failed.png" width="3%"/>
                        <a href="#" panel-name="suite-Default_suite" title="runner.TestRunner" class="method navigator-link" hash-for-method="runScenario(&quot;practice link verification&quot;, &quot;Array verification&quot;)">runScenario("practice link verification", "Array verification")</a> <!-- method navigator-link -->
                      </span>
                      <br/>
                      <span>
                        <img src="failed.png" width="3%"/>
                        <a href="#" panel-name="suite-Default_suite" title="runner.TestRunner" class="method navigator-link" hash-for-method="runScenario(&quot;TryEditor link with valid code  in each page&quot;, &quot;Array verification&quot;)">runScenario("TryEditor link with valid code  in each page", "Array verification")</a> <!-- method navigator-link -->
                      </span>
                      <br/>
                      <span>
                        <img src="failed.png" width="3%"/>
                        <a href="#" panel-name="suite-Default_suite" title="runner.TestRunner" class="method navigator-link" hash-for-method="runScenario(&quot;TryEditor in each links with invalid code&quot;, &quot;Array verification&quot;)">runScenario("TryEditor in each links with invalid code", "Array verification")</a> <!-- method navigator-link -->
                      </span>
                      <br/>
                      <span>
                        <img src="failed.png" width="3%"/>
                        <a href="#" panel-name="suite-Default_suite" title="runner.TestRunner" class="method navigator-link" hash-for-method="runScenario(&quot;TryEditor link with valid code  in each page&quot;, &quot;Array verification&quot;)">runScenario("TryEditor link with valid code  in each page", "Array verification")</a> <!-- method navigator-link -->
                      </span>
                      <br/>
                      <span>
                        <img src="failed.png" width="3%"/>
                        <a href="#" panel-name="suite-Default_suite" title="runner.TestRunner" class="method navigator-link" hash-for-method="runScenario(&quot;practice link verification&quot;, &quot;Array verification&quot;)">runScenario("practice link verification", "Array verification")</a> <!-- method navigator-link -->
                      </span>
                      <br/>
                      <span>
                        <img src="failed.png" width="3%"/>
                        <a href="#" panel-name="suite-Default_suite" title="runner.TestRunner" class="method navigator-link" hash-for-method="runScenario(&quot;practice link verification&quot;, &quot;Array verification&quot;)">runScenario("practice link verification", "Array verification")</a> <!-- method navigator-link -->
                      </span>
                      <br/>
                      <span>
                        <img src="failed.png" width="3%"/>
                        <a href="#" panel-name="suite-Default_suite" title="runner.TestRunner" class="method navigator-link" hash-for-method="runScenario(&quot;practice link verification&quot;, &quot;Array verification&quot;)">runScenario("practice link verification", "Array verification")</a> <!-- method navigator-link -->
                      </span>
                      <br/>
                      <span>
                        <img src="failed.png" width="3%"/>
                        <a href="#" panel-name="suite-Default_suite" title="runner.TestRunner" class="method navigator-link" hash-for-method="runScenario(&quot;TryEditor in each links with valid code&quot;, &quot;Array verification&quot;)">runScenario("TryEditor in each links with valid code", "Array verification")</a> <!-- method navigator-link -->
                      </span>
                      <br/>
                      <span>
                        <img src="failed.png" width="3%"/>
                        <a href="#" panel-name="suite-Default_suite" title="runner.TestRunner" class="method navigator-link" hash-for-method="runScenario(&quot;TryEditor in each links with invalid code&quot;, &quot;Array verification&quot;)">runScenario("TryEditor in each links with invalid code", "Array verification")</a> <!-- method navigator-link -->
                      </span>
                      <br/>
                      <span>
                        <img src="failed.png" width="3%"/>
                        <a href="#" panel-name="suite-Default_suite" title="runner.TestRunner" class="method navigator-link" hash-for-method="runScenario(&quot;practice link verification&quot;, &quot;Array verification&quot;)">runScenario("practice link verification", "Array verification")</a> <!-- method navigator-link -->
                      </span>
                      <br/>
                      <span>
                        <img src="failed.png" width="3%"/>
                        <a href="#" panel-name="suite-Default_suite" title="runner.TestRunner" class="method navigator-link" hash-for-method="runScenario(&quot;TryEditor in each links with valid code&quot;, &quot;Array verification&quot;)">runScenario("TryEditor in each links with valid code", "Array verification")</a> <!-- method navigator-link -->
                      </span>
                      <br/>
                      <span>
                        <img src="failed.png" width="3%"/>
                        <a href="#" panel-name="suite-Default_suite" title="runner.TestRunner" class="method navigator-link" hash-for-method="runScenario(&quot;TryEditor in each links with valid code&quot;, &quot;Array verification&quot;)">runScenario("TryEditor in each links with valid code", "Array verification")</a> <!-- method navigator-link -->
                      </span>
                      <br/>
                      <span>
                        <img src="failed.png" width="3%"/>
                        <a href="#" panel-name="suite-Default_suite" title="runner.TestRunner" class="method navigator-link" hash-for-method="runScenario(&quot;practice link verification&quot;, &quot;Array verification&quot;)">runScenario("practice link verification", "Array verification")</a> <!-- method navigator-link -->
                      </span>
                      <br/>
                      <span>
                        <img src="failed.png" width="3%"/>
                        <a href="#" panel-name="suite-Default_suite" title="runner.TestRunner" class="method navigator-link" hash-for-method="runScenario(&quot;practice link verification&quot;, &quot;Array verification&quot;)">runScenario("practice link verification", "Array verification")</a> <!-- method navigator-link -->
                      </span>
                      <br/>
                      <span>
                        <img src="failed.png" width="3%"/>
                        <a href="#" panel-name="suite-Default_suite" title="runner.TestRunner" class="method navigator-link" hash-for-method="runScenario(&quot;practice link verification&quot;, &quot;Array verification&quot;)">runScenario("practice link verification", "Array verification")</a> <!-- method navigator-link -->
                      </span>
                      <br/>
                      <span>
                        <img src="failed.png" width="3%"/>
                        <a href="#" panel-name="suite-Default_suite" title="runner.TestRunner" class="method navigator-link" hash-for-method="runScenario(&quot;TryEditor link with valid code  in each page&quot;, &quot;Array verification&quot;)">runScenario("TryEditor link with valid code  in each page", "Array verification")</a> <!-- method navigator-link -->
                      </span>
                      <br/>
                      <span>
                        <img src="failed.png" width="3%"/>
                        <a href="#" panel-name="suite-Default_suite" title="runner.TestRunner" class="method navigator-link" hash-for-method="runScenario(&quot;TryEditor in each links with valid code&quot;, &quot;Array verification&quot;)">runScenario("TryEditor in each links with valid code", "Array verification")</a> <!-- method navigator-link -->
                      </span>
                      <br/>
                      <span>
                        <img src="failed.png" width="3%"/>
                        <a href="#" panel-name="suite-Default_suite" title="runner.TestRunner" class="method navigator-link" hash-for-method="runScenario(&quot;TryEditor in each links with invalid code&quot;, &quot;Array verification&quot;)">runScenario("TryEditor in each links with invalid code", "Array verification")</a> <!-- method navigator-link -->
                      </span>
                      <br/>
                      <span>
                        <img src="failed.png" width="3%"/>
                        <a href="#" panel-name="suite-Default_suite" title="runner.TestRunner" class="method navigator-link" hash-for-method="runScenario(&quot;TryEditor link with valid code  in each page&quot;, &quot;Array verification&quot;)">runScenario("TryEditor link with valid code  in each page", "Array verification")</a> <!-- method navigator-link -->
                      </span>
                      <br/>
                      <span>
                        <img src="failed.png" width="3%"/>
                        <a href="#" panel-name="suite-Default_suite" title="runner.TestRunner" class="method navigator-link" hash-for-method="runScenario(&quot;practice link verification&quot;, &quot;Array verification&quot;)">runScenario("practice link verification", "Array verification")</a> <!-- method navigator-link -->
                      </span>
                      <br/>
                      <span>
                        <img src="failed.png" width="3%"/>
                        <a href="#" panel-name="suite-Default_suite" title="runner.TestRunner" class="method navigator-link" hash-for-method="runScenario(&quot;practice link verification&quot;, &quot;Array verification&quot;)">runScenario("practice link verification", "Array verification")</a> <!-- method navigator-link -->
                      </span>
                      <br/>
                      <span>
                        <img src="failed.png" width="3%"/>
                        <a href="#" panel-name="suite-Default_suite" title="runner.TestRunner" class="method navigator-link" hash-for-method="runScenario(&quot;practice link verification&quot;, &quot;Array verification&quot;)">runScenario("practice link verification", "Array verification")</a> <!-- method navigator-link -->
                      </span>
                      <br/>
                      <span>
                        <img src="failed.png" width="3%"/>
                        <a href="#" panel-name="suite-Default_suite" title="runner.TestRunner" class="method navigator-link" hash-for-method="runScenario(&quot;practice link verification&quot;, &quot;Array verification&quot;)">runScenario("practice link verification", "Array verification")</a> <!-- method navigator-link -->
                      </span>
                      <br/>
                      <span>
                        <img src="failed.png" width="3%"/>
                        <a href="#" panel-name="suite-Default_suite" title="runner.TestRunner" class="method navigator-link" hash-for-method="runScenario(&quot;TryEditor in each links with valid code&quot;, &quot;Array verification&quot;)">runScenario("TryEditor in each links with valid code", "Array verification")</a> <!-- method navigator-link -->
                      </span>
                      <br/>
                      <span>
                        <img src="failed.png" width="3%"/>
                        <a href="#" panel-name="suite-Default_suite" title="runner.TestRunner" class="method navigator-link" hash-for-method="runScenario(&quot;practice link verification&quot;, &quot;Array verification&quot;)">runScenario("practice link verification", "Array verification")</a> <!-- method navigator-link -->
                      </span>
                      <br/>
                      <span>
                        <img src="failed.png" width="3%"/>
                        <a href="#" panel-name="suite-Default_suite" title="runner.TestRunner" class="method navigator-link" hash-for-method="runScenario(&quot;practice link verification&quot;, &quot;Array verification&quot;)">runScenario("practice link verification", "Array verification")</a> <!-- method navigator-link -->
                      </span>
                      <br/>
                    </div> <!-- method-list-content failed suite-Default_suite -->
                  </li>
                </ul>
              </div> <!-- suite-section-content -->
            </div> <!-- result-section -->
          </div> <!-- navigator-suite-content -->
        </div> <!-- rounded-window -->
      </div> <!-- suite -->
    </div> <!-- navigator-root -->
    <div class="wrapper">
      <div class="main-panel-root">
        <div panel-name="suite-Default_suite" class="panel Default_suite">
          <div class="suite-Default_suite-class-failed">
            <div class="main-panel-header rounded-window-top">
              <img src="failed.png"/>
              <span class="class-name">runner.TestRunner</span>
            </div> <!-- main-panel-header rounded-window-top -->
            <div class="main-panel-content rounded-window-bottom">
              <div class="method">
                <div class="method-content">
                  <a name="runScenario(&quot;TryEditor in each links with invalid code&quot;, &quot;Array verification&quot;)">
                  </a> <!-- runScenario("TryEditor in each links with invalid code", "Array verification") -->
                  <span class="method-name">runScenario</span>
                  <span class="parameters">("TryEditor in each links with invalid code","Array verification")</span>
                  <div class="stack-trace">java.lang.AssertionError: expected [https://dsportalapp.herokuapp.com/array/] but found [https://dsportalapp.herokuapp.com/home]
	at org.testng.Assert.fail(Assert.java:111)
	at org.testng.Assert.failNotEquals(Assert.java:1578)
	at org.testng.Assert.assertEqualsImpl(Assert.java:150)
	at org.testng.Assert.assertEquals(Assert.java:132)
	at org.testng.Assert.assertEquals(Assert.java:656)
	at org.testng.Assert.assertEquals(Assert.java:666)
	at defenitions.arraysd.user_should_be_directed_to_arrays_page(arraysd.java:139)
	at ✽.User should be directed to arrays page(file:///C:/Manju/SDET/ds-algoproject/src/test/resources/features/Arrays.feature:99)

</div> <!-- stack-trace -->
                  <em>
(Runs Cucumber Scenarios)                  </em>
                </div> <!-- method-content -->
              </div> <!-- method -->
              <div class="method">
                <div class="method-content">
                  <a name="runScenario(&quot;TryEditor in each links with invalid code&quot;, &quot;Array verification&quot;)">
                  </a> <!-- runScenario("TryEditor in each links with invalid code", "Array verification") -->
                  <span class="method-name">runScenario</span>
                  <span class="parameters">("TryEditor in each links with invalid code","Array verification")</span>
                  <div class="stack-trace">java.lang.AssertionError: expected [https://dsportalapp.herokuapp.com/array/] but found [https://dsportalapp.herokuapp.com/home]
	at org.testng.Assert.fail(Assert.java:111)
	at org.testng.Assert.failNotEquals(Assert.java:1578)
	at org.testng.Assert.assertEqualsImpl(Assert.java:150)
	at org.testng.Assert.assertEquals(Assert.java:132)
	at org.testng.Assert.assertEquals(Assert.java:656)
	at org.testng.Assert.assertEquals(Assert.java:666)
	at defenitions.arraysd.user_should_be_directed_to_arrays_page(arraysd.java:139)
	at ✽.User should be directed to arrays page(file:///C:/Manju/SDET/ds-algoproject/src/test/resources/features/Arrays.feature:99)

</div> <!-- stack-trace -->
                  <em>
(Runs Cucumber Scenarios)                  </em>
                </div> <!-- method-content -->
              </div> <!-- method -->
              <div class="method">
                <div class="method-content">
                  <a name="runScenario(&quot;practice link verification&quot;, &quot;Array verification&quot;)">
                  </a> <!-- runScenario("practice link verification", "Array verification") -->
                  <span class="method-name">runScenario</span>
                  <span class="parameters">("practice link verification","Array verification")</span>
                  <div class="stack-trace">java.lang.AssertionError: expected [https://dsportalapp.herokuapp.com/array/] but found [https://dsportalapp.herokuapp.com/home]
	at org.testng.Assert.fail(Assert.java:111)
	at org.testng.Assert.failNotEquals(Assert.java:1578)
	at org.testng.Assert.assertEqualsImpl(Assert.java:150)
	at org.testng.Assert.assertEquals(Assert.java:132)
	at org.testng.Assert.assertEquals(Assert.java:656)
	at org.testng.Assert.assertEquals(Assert.java:666)
	at defenitions.arraysd.user_should_be_directed_to_array_page(arraysd.java:227)
	at ✽.User should be directed to array page(file:///C:/Manju/SDET/ds-algoproject/src/test/resources/features/Arrays.feature:130)

</div> <!-- stack-trace -->
                  <em>
(Runs Cucumber Scenarios)                  </em>
                </div> <!-- method-content -->
              </div> <!-- method -->
              <div class="method">
                <div class="method-content">
                  <a name="runScenario(&quot;practice link verification&quot;, &quot;Array verification&quot;)">
                  </a> <!-- runScenario("practice link verification", "Array verification") -->
                  <span class="method-name">runScenario</span>
                  <span class="parameters">("practice link verification","Array verification")</span>
                  <div class="stack-trace">java.lang.AssertionError: expected [https://dsportalapp.herokuapp.com/array/] but found [https://dsportalapp.herokuapp.com/home]
	at org.testng.Assert.fail(Assert.java:111)
	at org.testng.Assert.failNotEquals(Assert.java:1578)
	at org.testng.Assert.assertEqualsImpl(Assert.java:150)
	at org.testng.Assert.assertEquals(Assert.java:132)
	at org.testng.Assert.assertEquals(Assert.java:656)
	at org.testng.Assert.assertEquals(Assert.java:666)
	at defenitions.arraysd.user_should_be_directed_to_array_page(arraysd.java:227)
	at ✽.User should be directed to array page(file:///C:/Manju/SDET/ds-algoproject/src/test/resources/features/Arrays.feature:130)

</div> <!-- stack-trace -->
                  <em>
(Runs Cucumber Scenarios)                  </em>
                </div> <!-- method-content -->
              </div> <!-- method -->
              <div class="method">
                <div class="method-content">
                  <a name="runScenario(&quot;practice link verification&quot;, &quot;Array verification&quot;)">
                  </a> <!-- runScenario("practice link verification", "Array verification") -->
                  <span class="method-name">runScenario</span>
                  <span class="parameters">("practice link verification","Array verification")</span>
                  <div class="stack-trace">java.lang.AssertionError: expected [https://dsportalapp.herokuapp.com/array/] but found [https://dsportalapp.herokuapp.com/home]
	at org.testng.Assert.fail(Assert.java:111)
	at org.testng.Assert.failNotEquals(Assert.java:1578)
	at org.testng.Assert.assertEqualsImpl(Assert.java:150)
	at org.testng.Assert.assertEquals(Assert.java:132)
	at org.testng.Assert.assertEquals(Assert.java:656)
	at org.testng.Assert.assertEquals(Assert.java:666)
	at defenitions.arraysd.user_should_be_navigated_to_array_page(arraysd.java:284)
	at ✽.User should be navigated to array page(file:///C:/Manju/SDET/ds-algoproject/src/test/resources/features/Arrays.feature:162)

</div> <!-- stack-trace -->
                  <em>
(Runs Cucumber Scenarios)                  </em>
                </div> <!-- method-content -->
              </div> <!-- method -->
              <div class="method">
                <div class="method-content">
                  <a name="runScenario(&quot;practice link verification&quot;, &quot;Array verification&quot;)">
                  </a> <!-- runScenario("practice link verification", "Array verification") -->
                  <span class="method-name">runScenario</span>
                  <span class="parameters">("practice link verification","Array verification")</span>
                  <div class="stack-trace">java.lang.AssertionError: expected [https://dsportalapp.herokuapp.com/array/] but found [https://dsportalapp.herokuapp.com/home]
	at org.testng.Assert.fail(Assert.java:111)
	at org.testng.Assert.failNotEquals(Assert.java:1578)
	at org.testng.Assert.assertEqualsImpl(Assert.java:150)
	at org.testng.Assert.assertEquals(Assert.java:132)
	at org.testng.Assert.assertEquals(Assert.java:656)
	at org.testng.Assert.assertEquals(Assert.java:666)
	at defenitions.arraysd.user_should_be_navigated_to_array_page(arraysd.java:284)
	at ✽.User should be navigated to array page(file:///C:/Manju/SDET/ds-algoproject/src/test/resources/features/Arrays.feature:162)

</div> <!-- stack-trace -->
                  <em>
(Runs Cucumber Scenarios)                  </em>
                </div> <!-- method-content -->
              </div> <!-- method -->
              <div class="method">
                <div class="method-content">
                  <a name="runScenario(&quot;TryEditor link with valid code  in each page&quot;, &quot;Array verification&quot;)">
                  </a> <!-- runScenario("TryEditor link with valid code  in each page", "Array verification") -->
                  <span class="method-name">runScenario</span>
                  <span class="parameters">("TryEditor link with valid code  in each page","Array verification")</span>
                  <div class="stack-trace">java.lang.AssertionError: expected [https://dsportalapp.herokuapp.com/array/] but found [https://dsportalapp.herokuapp.com/home]
	at org.testng.Assert.fail(Assert.java:111)
	at org.testng.Assert.failNotEquals(Assert.java:1578)
	at org.testng.Assert.assertEqualsImpl(Assert.java:150)
	at org.testng.Assert.assertEquals(Assert.java:132)
	at org.testng.Assert.assertEquals(Assert.java:656)
	at org.testng.Assert.assertEquals(Assert.java:666)
	at defenitions.arraysd.user_should_navigated_to_arrays_page(arraysd.java:39)
	at ✽.User should navigated to arrays page(file:///C:/Manju/SDET/ds-algoproject/src/test/resources/features/Arrays.feature:50)

</div> <!-- stack-trace -->
                  <em>
(Runs Cucumber Scenarios)                  </em>
                </div> <!-- method-content -->
              </div> <!-- method -->
              <div class="method">
                <div class="method-content">
                  <a name="runScenario(&quot;practice link verification&quot;, &quot;Array verification&quot;)">
                  </a> <!-- runScenario("practice link verification", "Array verification") -->
                  <span class="method-name">runScenario</span>
                  <span class="parameters">("practice link verification","Array verification")</span>
                  <div class="stack-trace">java.lang.AssertionError: expected [https://dsportalapp.herokuapp.com/array/] but found [https://dsportalapp.herokuapp.com/home]
	at org.testng.Assert.fail(Assert.java:111)
	at org.testng.Assert.failNotEquals(Assert.java:1578)
	at org.testng.Assert.assertEqualsImpl(Assert.java:150)
	at org.testng.Assert.assertEquals(Assert.java:132)
	at org.testng.Assert.assertEquals(Assert.java:656)
	at org.testng.Assert.assertEquals(Assert.java:666)
	at defenitions.arraysd.user_should_be_directed_to_array_page(arraysd.java:227)
	at ✽.User should be directed to array page(file:///C:/Manju/SDET/ds-algoproject/src/test/resources/features/Arrays.feature:130)

</div> <!-- stack-trace -->
                  <em>
(Runs Cucumber Scenarios)                  </em>
                </div> <!-- method-content -->
              </div> <!-- method -->
              <div class="method">
                <div class="method-content">
                  <a name="runScenario(&quot;practice link verification&quot;, &quot;Array verification&quot;)">
                  </a> <!-- runScenario("practice link verification", "Array verification") -->
                  <span class="method-name">runScenario</span>
                  <span class="parameters">("practice link verification","Array verification")</span>
                  <div class="stack-trace">java.lang.AssertionError: expected [https://dsportalapp.herokuapp.com/array/] but found [https://dsportalapp.herokuapp.com/home]
	at org.testng.Assert.fail(Assert.java:111)
	at org.testng.Assert.failNotEquals(Assert.java:1578)
	at org.testng.Assert.assertEqualsImpl(Assert.java:150)
	at org.testng.Assert.assertEquals(Assert.java:132)
	at org.testng.Assert.assertEquals(Assert.java:656)
	at org.testng.Assert.assertEquals(Assert.java:666)
	at defenitions.arraysd.user_should_be_navigated_to_array_page(arraysd.java:284)
	at ✽.User should be navigated to array page(file:///C:/Manju/SDET/ds-algoproject/src/test/resources/features/Arrays.feature:162)

</div> <!-- stack-trace -->
                  <em>
(Runs Cucumber Scenarios)                  </em>
                </div> <!-- method-content -->
              </div> <!-- method -->
              <div class="method">
                <div class="method-content">
                  <a name="runScenario(&quot;TryEditor in each links with valid code&quot;, &quot;Array verification&quot;)">
                  </a> <!-- runScenario("TryEditor in each links with valid code", "Array verification") -->
                  <span class="method-name">runScenario</span>
                  <span class="parameters">("TryEditor in each links with valid code","Array verification")</span>
                  <div class="stack-trace">java.lang.AssertionError: expected [https://dsportalapp.herokuapp.com/array/] but found [https://dsportalapp.herokuapp.com/home]
	at org.testng.Assert.fail(Assert.java:111)
	at org.testng.Assert.failNotEquals(Assert.java:1578)
	at org.testng.Assert.assertEqualsImpl(Assert.java:150)
	at org.testng.Assert.assertEquals(Assert.java:132)
	at org.testng.Assert.assertEquals(Assert.java:656)
	at org.testng.Assert.assertEquals(Assert.java:666)
	at defenitions.arraysd.user_should_be_directed_to_arrays_page(arraysd.java:139)
	at ✽.User should be directed to arrays page(file:///C:/Manju/SDET/ds-algoproject/src/test/resources/features/Arrays.feature:68)

</div> <!-- stack-trace -->
                  <em>
(Runs Cucumber Scenarios)                  </em>
                </div> <!-- method-content -->
              </div> <!-- method -->
              <div class="method">
                <div class="method-content">
                  <a name="runScenario(&quot;practice link verification&quot;, &quot;Array verification&quot;)">
                  </a> <!-- runScenario("practice link verification", "Array verification") -->
                  <span class="method-name">runScenario</span>
                  <span class="parameters">("practice link verification","Array verification")</span>
                  <div class="stack-trace">java.lang.AssertionError: expected [https://dsportalapp.herokuapp.com/array/] but found [https://dsportalapp.herokuapp.com/home]
	at org.testng.Assert.fail(Assert.java:111)
	at org.testng.Assert.failNotEquals(Assert.java:1578)
	at org.testng.Assert.assertEqualsImpl(Assert.java:150)
	at org.testng.Assert.assertEquals(Assert.java:132)
	at org.testng.Assert.assertEquals(Assert.java:656)
	at org.testng.Assert.assertEquals(Assert.java:666)
	at defenitions.arraysd.user_should_be_directed_to_array_page(arraysd.java:227)
	at ✽.User should be directed to array page(file:///C:/Manju/SDET/ds-algoproject/src/test/resources/features/Arrays.feature:130)

</div> <!-- stack-trace -->
                  <em>
(Runs Cucumber Scenarios)                  </em>
                </div> <!-- method-content -->
              </div> <!-- method -->
              <div class="method">
                <div class="method-content">
                  <a name="runScenario(&quot;TryEditor in each links with valid code&quot;, &quot;Array verification&quot;)">
                  </a> <!-- runScenario("TryEditor in each links with valid code", "Array verification") -->
                  <span class="method-name">runScenario</span>
                  <span class="parameters">("TryEditor in each links with valid code","Array verification")</span>
                  <div class="stack-trace">java.lang.AssertionError: expected [https://dsportalapp.herokuapp.com/array/] but found [https://dsportalapp.herokuapp.com/home]
	at org.testng.Assert.fail(Assert.java:111)
	at org.testng.Assert.failNotEquals(Assert.java:1578)
	at org.testng.Assert.assertEqualsImpl(Assert.java:150)
	at org.testng.Assert.assertEquals(Assert.java:132)
	at org.testng.Assert.assertEquals(Assert.java:656)
	at org.testng.Assert.assertEquals(Assert.java:666)
	at defenitions.arraysd.user_should_be_directed_to_arrays_page(arraysd.java:139)
	at ✽.User should be directed to arrays page(file:///C:/Manju/SDET/ds-algoproject/src/test/resources/features/Arrays.feature:68)

</div> <!-- stack-trace -->
                  <em>
(Runs Cucumber Scenarios)                  </em>
                </div> <!-- method-content -->
              </div> <!-- method -->
              <div class="method">
                <div class="method-content">
                  <a name="runScenario(&quot;TryEditor in each links with valid code&quot;, &quot;Array verification&quot;)">
                  </a> <!-- runScenario("TryEditor in each links with valid code", "Array verification") -->
                  <span class="method-name">runScenario</span>
                  <span class="parameters">("TryEditor in each links with valid code","Array verification")</span>
                  <div class="stack-trace">java.lang.AssertionError: expected [https://dsportalapp.herokuapp.com/array/] but found [https://dsportalapp.herokuapp.com/home]
	at org.testng.Assert.fail(Assert.java:111)
	at org.testng.Assert.failNotEquals(Assert.java:1578)
	at org.testng.Assert.assertEqualsImpl(Assert.java:150)
	at org.testng.Assert.assertEquals(Assert.java:132)
	at org.testng.Assert.assertEquals(Assert.java:656)
	at org.testng.Assert.assertEquals(Assert.java:666)
	at defenitions.arraysd.user_should_be_directed_to_arrays_page(arraysd.java:139)
	at ✽.User should be directed to arrays page(file:///C:/Manju/SDET/ds-algoproject/src/test/resources/features/Arrays.feature:68)

</div> <!-- stack-trace -->
                  <em>
(Runs Cucumber Scenarios)                  </em>
                </div> <!-- method-content -->
              </div> <!-- method -->
              <div class="method">
                <div class="method-content">
                  <a name="runScenario(&quot;TryEditor in each links with invalid code&quot;, &quot;Array verification&quot;)">
                  </a> <!-- runScenario("TryEditor in each links with invalid code", "Array verification") -->
                  <span class="method-name">runScenario</span>
                  <span class="parameters">("TryEditor in each links with invalid code","Array verification")</span>
                  <div class="stack-trace">java.lang.AssertionError: expected [https://dsportalapp.herokuapp.com/array/] but found [https://dsportalapp.herokuapp.com/home]
	at org.testng.Assert.fail(Assert.java:111)
	at org.testng.Assert.failNotEquals(Assert.java:1578)
	at org.testng.Assert.assertEqualsImpl(Assert.java:150)
	at org.testng.Assert.assertEquals(Assert.java:132)
	at org.testng.Assert.assertEquals(Assert.java:656)
	at org.testng.Assert.assertEquals(Assert.java:666)
	at defenitions.arraysd.user_should_be_directed_to_arrays_page(arraysd.java:139)
	at ✽.User should be directed to arrays page(file:///C:/Manju/SDET/ds-algoproject/src/test/resources/features/Arrays.feature:99)

</div> <!-- stack-trace -->
                  <em>
(Runs Cucumber Scenarios)                  </em>
                </div> <!-- method-content -->
              </div> <!-- method -->
              <div class="method">
                <div class="method-content">
                  <a name="runScenario(&quot;User enters arrays Page&quot;, &quot;Array verification&quot;)">
                  </a> <!-- runScenario("User enters arrays Page", "Array verification") -->
                  <span class="method-name">runScenario</span>
                  <span class="parameters">("User enters arrays Page","Array verification")</span>
                  <div class="stack-trace">java.lang.AssertionError: expected [https://dsportalapp.herokuapp.com/array/] but found [https://dsportalapp.herokuapp.com/home]
	at org.testng.Assert.fail(Assert.java:111)
	at org.testng.Assert.failNotEquals(Assert.java:1578)
	at org.testng.Assert.assertEqualsImpl(Assert.java:150)
	at org.testng.Assert.assertEquals(Assert.java:132)
	at org.testng.Assert.assertEquals(Assert.java:656)
	at org.testng.Assert.assertEquals(Assert.java:666)
	at defenitions.arraysd.user_should_navigated_to_arrays_page(arraysd.java:39)
	at ✽.User should navigated to arrays page(file:///C:/Manju/SDET/ds-algoproject/src/test/resources/features/Arrays.feature:24)

</div> <!-- stack-trace -->
                  <em>
(Runs Cucumber Scenarios)                  </em>
                </div> <!-- method-content -->
              </div> <!-- method -->
              <div class="method">
                <div class="method-content">
                  <a name="runScenario(&quot;practice link verification&quot;, &quot;Array verification&quot;)">
                  </a> <!-- runScenario("practice link verification", "Array verification") -->
                  <span class="method-name">runScenario</span>
                  <span class="parameters">("practice link verification","Array verification")</span>
                  <div class="stack-trace">java.lang.AssertionError: expected [https://dsportalapp.herokuapp.com/array/] but found [https://dsportalapp.herokuapp.com/home]
	at org.testng.Assert.fail(Assert.java:111)
	at org.testng.Assert.failNotEquals(Assert.java:1578)
	at org.testng.Assert.assertEqualsImpl(Assert.java:150)
	at org.testng.Assert.assertEquals(Assert.java:132)
	at org.testng.Assert.assertEquals(Assert.java:656)
	at org.testng.Assert.assertEquals(Assert.java:666)
	at defenitions.arraysd.user_should_be_directed_to_array_page(arraysd.java:227)
	at ✽.User should be directed to array page(file:///C:/Manju/SDET/ds-algoproject/src/test/resources/features/Arrays.feature:130)

</div> <!-- stack-trace -->
                  <em>
(Runs Cucumber Scenarios)                  </em>
                </div> <!-- method-content -->
              </div> <!-- method -->
              <div class="method">
                <div class="method-content">
                  <a name="runScenario(&quot;practice link verification&quot;, &quot;Array verification&quot;)">
                  </a> <!-- runScenario("practice link verification", "Array verification") -->
                  <span class="method-name">runScenario</span>
                  <span class="parameters">("practice link verification","Array verification")</span>
                  <div class="stack-trace">java.lang.AssertionError: expected [https://dsportalapp.herokuapp.com/array/] but found [https://dsportalapp.herokuapp.com/home]
	at org.testng.Assert.fail(Assert.java:111)
	at org.testng.Assert.failNotEquals(Assert.java:1578)
	at org.testng.Assert.assertEqualsImpl(Assert.java:150)
	at org.testng.Assert.assertEquals(Assert.java:132)
	at org.testng.Assert.assertEquals(Assert.java:656)
	at org.testng.Assert.assertEquals(Assert.java:666)
	at defenitions.arraysd.user_should_be_navigated_to_array_page(arraysd.java:284)
	at ✽.User should be navigated to array page(file:///C:/Manju/SDET/ds-algoproject/src/test/resources/features/Arrays.feature:162)

</div> <!-- stack-trace -->
                  <em>
(Runs Cucumber Scenarios)                  </em>
                </div> <!-- method-content -->
              </div> <!-- method -->
              <div class="method">
                <div class="method-content">
                  <a name="runScenario(&quot;TryEditor in each links with valid code&quot;, &quot;Array verification&quot;)">
                  </a> <!-- runScenario("TryEditor in each links with valid code", "Array verification") -->
                  <span class="method-name">runScenario</span>
                  <span class="parameters">("TryEditor in each links with valid code","Array verification")</span>
                  <div class="stack-trace">java.lang.AssertionError: expected [https://dsportalapp.herokuapp.com/array/] but found [https://dsportalapp.herokuapp.com/home]
	at org.testng.Assert.fail(Assert.java:111)
	at org.testng.Assert.failNotEquals(Assert.java:1578)
	at org.testng.Assert.assertEqualsImpl(Assert.java:150)
	at org.testng.Assert.assertEquals(Assert.java:132)
	at org.testng.Assert.assertEquals(Assert.java:656)
	at org.testng.Assert.assertEquals(Assert.java:666)
	at defenitions.arraysd.user_should_be_directed_to_arrays_page(arraysd.java:139)
	at ✽.User should be directed to arrays page(file:///C:/Manju/SDET/ds-algoproject/src/test/resources/features/Arrays.feature:68)

</div> <!-- stack-trace -->
                  <em>
(Runs Cucumber Scenarios)                  </em>
                </div> <!-- method-content -->
              </div> <!-- method -->
              <div class="method">
                <div class="method-content">
                  <a name="runScenario(&quot;TryEditor in each links with invalid code&quot;, &quot;Array verification&quot;)">
                  </a> <!-- runScenario("TryEditor in each links with invalid code", "Array verification") -->
                  <span class="method-name">runScenario</span>
                  <span class="parameters">("TryEditor in each links with invalid code","Array verification")</span>
                  <div class="stack-trace">java.lang.AssertionError: expected [https://dsportalapp.herokuapp.com/array/] but found [https://dsportalapp.herokuapp.com/home]
	at org.testng.Assert.fail(Assert.java:111)
	at org.testng.Assert.failNotEquals(Assert.java:1578)
	at org.testng.Assert.assertEqualsImpl(Assert.java:150)
	at org.testng.Assert.assertEquals(Assert.java:132)
	at org.testng.Assert.assertEquals(Assert.java:656)
	at org.testng.Assert.assertEquals(Assert.java:666)
	at defenitions.arraysd.user_should_be_directed_to_arrays_page(arraysd.java:139)
	at ✽.User should be directed to arrays page(file:///C:/Manju/SDET/ds-algoproject/src/test/resources/features/Arrays.feature:99)

</div> <!-- stack-trace -->
                  <em>
(Runs Cucumber Scenarios)                  </em>
                </div> <!-- method-content -->
              </div> <!-- method -->
              <div class="method">
                <div class="method-content">
                  <a name="runScenario(&quot;practice link verification&quot;, &quot;Array verification&quot;)">
                  </a> <!-- runScenario("practice link verification", "Array verification") -->
                  <span class="method-name">runScenario</span>
                  <span class="parameters">("practice link verification","Array verification")</span>
                  <div class="stack-trace">java.lang.AssertionError: expected [https://dsportalapp.herokuapp.com/array/] but found [https://dsportalapp.herokuapp.com/home]
	at org.testng.Assert.fail(Assert.java:111)
	at org.testng.Assert.failNotEquals(Assert.java:1578)
	at org.testng.Assert.assertEqualsImpl(Assert.java:150)
	at org.testng.Assert.assertEquals(Assert.java:132)
	at org.testng.Assert.assertEquals(Assert.java:656)
	at org.testng.Assert.assertEquals(Assert.java:666)
	at defenitions.arraysd.user_should_be_navigated_to_array_page(arraysd.java:284)
	at ✽.User should be navigated to array page(file:///C:/Manju/SDET/ds-algoproject/src/test/resources/features/Arrays.feature:162)

</div> <!-- stack-trace -->
                  <em>
(Runs Cucumber Scenarios)                  </em>
                </div> <!-- method-content -->
              </div> <!-- method -->
              <div class="method">
                <div class="method-content">
                  <a name="runScenario(&quot;practice link verification&quot;, &quot;Array verification&quot;)">
                  </a> <!-- runScenario("practice link verification", "Array verification") -->
                  <span class="method-name">runScenario</span>
                  <span class="parameters">("practice link verification","Array verification")</span>
                  <div class="stack-trace">java.lang.AssertionError: expected [https://dsportalapp.herokuapp.com/array/] but found [https://dsportalapp.herokuapp.com/home]
	at org.testng.Assert.fail(Assert.java:111)
	at org.testng.Assert.failNotEquals(Assert.java:1578)
	at org.testng.Assert.assertEqualsImpl(Assert.java:150)
	at org.testng.Assert.assertEquals(Assert.java:132)
	at org.testng.Assert.assertEquals(Assert.java:656)
	at org.testng.Assert.assertEquals(Assert.java:666)
	at defenitions.arraysd.user_should_be_navigated_to_array_page(arraysd.java:284)
	at ✽.User should be navigated to array page(file:///C:/Manju/SDET/ds-algoproject/src/test/resources/features/Arrays.feature:162)

</div> <!-- stack-trace -->
                  <em>
(Runs Cucumber Scenarios)                  </em>
                </div> <!-- method-content -->
              </div> <!-- method -->
              <div class="method">
                <div class="method-content">
                  <a name="runScenario(&quot;practice link verification&quot;, &quot;Array verification&quot;)">
                  </a> <!-- runScenario("practice link verification", "Array verification") -->
                  <span class="method-name">runScenario</span>
                  <span class="parameters">("practice link verification","Array verification")</span>
                  <div class="stack-trace">java.lang.AssertionError: expected [https://dsportalapp.herokuapp.com/array/] but found [https://dsportalapp.herokuapp.com/home]
	at org.testng.Assert.fail(Assert.java:111)
	at org.testng.Assert.failNotEquals(Assert.java:1578)
	at org.testng.Assert.assertEqualsImpl(Assert.java:150)
	at org.testng.Assert.assertEquals(Assert.java:132)
	at org.testng.Assert.assertEquals(Assert.java:656)
	at org.testng.Assert.assertEquals(Assert.java:666)
	at defenitions.arraysd.user_should_be_navigated_to_array_page(arraysd.java:284)
	at ✽.User should be navigated to array page(file:///C:/Manju/SDET/ds-algoproject/src/test/resources/features/Arrays.feature:162)

</div> <!-- stack-trace -->
                  <em>
(Runs Cucumber Scenarios)                  </em>
                </div> <!-- method-content -->
              </div> <!-- method -->
              <div class="method">
                <div class="method-content">
                  <a name="runScenario(&quot;TryEditor in each links with valid code&quot;, &quot;Array verification&quot;)">
                  </a> <!-- runScenario("TryEditor in each links with valid code", "Array verification") -->
                  <span class="method-name">runScenario</span>
                  <span class="parameters">("TryEditor in each links with valid code","Array verification")</span>
                  <div class="stack-trace">java.lang.AssertionError: expected [https://dsportalapp.herokuapp.com/array/] but found [https://dsportalapp.herokuapp.com/home]
	at org.testng.Assert.fail(Assert.java:111)
	at org.testng.Assert.failNotEquals(Assert.java:1578)
	at org.testng.Assert.assertEqualsImpl(Assert.java:150)
	at org.testng.Assert.assertEquals(Assert.java:132)
	at org.testng.Assert.assertEquals(Assert.java:656)
	at org.testng.Assert.assertEquals(Assert.java:666)
	at defenitions.arraysd.user_should_be_directed_to_arrays_page(arraysd.java:139)
	at ✽.User should be directed to arrays page(file:///C:/Manju/SDET/ds-algoproject/src/test/resources/features/Arrays.feature:68)

</div> <!-- stack-trace -->
                  <em>
(Runs Cucumber Scenarios)                  </em>
                </div> <!-- method-content -->
              </div> <!-- method -->
              <div class="method">
                <div class="method-content">
                  <a name="runScenario(&quot;TryEditor in each links with invalid code&quot;, &quot;Array verification&quot;)">
                  </a> <!-- runScenario("TryEditor in each links with invalid code", "Array verification") -->
                  <span class="method-name">runScenario</span>
                  <span class="parameters">("TryEditor in each links with invalid code","Array verification")</span>
                  <div class="stack-trace">java.lang.AssertionError: expected [https://dsportalapp.herokuapp.com/array/] but found [https://dsportalapp.herokuapp.com/home]
	at org.testng.Assert.fail(Assert.java:111)
	at org.testng.Assert.failNotEquals(Assert.java:1578)
	at org.testng.Assert.assertEqualsImpl(Assert.java:150)
	at org.testng.Assert.assertEquals(Assert.java:132)
	at org.testng.Assert.assertEquals(Assert.java:656)
	at org.testng.Assert.assertEquals(Assert.java:666)
	at defenitions.arraysd.user_should_be_directed_to_arrays_page(arraysd.java:139)
	at ✽.User should be directed to arrays page(file:///C:/Manju/SDET/ds-algoproject/src/test/resources/features/Arrays.feature:99)

</div> <!-- stack-trace -->
                  <em>
(Runs Cucumber Scenarios)                  </em>
                </div> <!-- method-content -->
              </div> <!-- method -->
              <div class="method">
                <div class="method-content">
                  <a name="runScenario(&quot;TryEditor link with valid code  in each page&quot;, &quot;Array verification&quot;)">
                  </a> <!-- runScenario("TryEditor link with valid code  in each page", "Array verification") -->
                  <span class="method-name">runScenario</span>
                  <span class="parameters">("TryEditor link with valid code  in each page","Array verification")</span>
                  <div class="stack-trace">java.lang.AssertionError: expected [https://dsportalapp.herokuapp.com/array/] but found [https://dsportalapp.herokuapp.com/home]
	at org.testng.Assert.fail(Assert.java:111)
	at org.testng.Assert.failNotEquals(Assert.java:1578)
	at org.testng.Assert.assertEqualsImpl(Assert.java:150)
	at org.testng.Assert.assertEquals(Assert.java:132)
	at org.testng.Assert.assertEquals(Assert.java:656)
	at org.testng.Assert.assertEquals(Assert.java:666)
	at defenitions.arraysd.user_should_navigated_to_arrays_page(arraysd.java:39)
	at ✽.User should navigated to arrays page(file:///C:/Manju/SDET/ds-algoproject/src/test/resources/features/Arrays.feature:31)

</div> <!-- stack-trace -->
                  <em>
(Runs Cucumber Scenarios)                  </em>
                </div> <!-- method-content -->
              </div> <!-- method -->
              <div class="method">
                <div class="method-content">
                  <a name="runScenario(&quot;TryEditor in each links with valid code&quot;, &quot;Array verification&quot;)">
                  </a> <!-- runScenario("TryEditor in each links with valid code", "Array verification") -->
                  <span class="method-name">runScenario</span>
                  <span class="parameters">("TryEditor in each links with valid code","Array verification")</span>
                  <div class="stack-trace">java.lang.AssertionError: expected [https://dsportalapp.herokuapp.com/array/] but found [https://dsportalapp.herokuapp.com/home]
	at org.testng.Assert.fail(Assert.java:111)
	at org.testng.Assert.failNotEquals(Assert.java:1578)
	at org.testng.Assert.assertEqualsImpl(Assert.java:150)
	at org.testng.Assert.assertEquals(Assert.java:132)
	at org.testng.Assert.assertEquals(Assert.java:656)
	at org.testng.Assert.assertEquals(Assert.java:666)
	at defenitions.arraysd.user_should_be_directed_to_arrays_page(arraysd.java:139)
	at ✽.User should be directed to arrays page(file:///C:/Manju/SDET/ds-algoproject/src/test/resources/features/Arrays.feature:68)

</div> <!-- stack-trace -->
                  <em>
(Runs Cucumber Scenarios)                  </em>
                </div> <!-- method-content -->
              </div> <!-- method -->
              <div class="method">
                <div class="method-content">
                  <a name="runScenario(&quot;practice link verification&quot;, &quot;Array verification&quot;)">
                  </a> <!-- runScenario("practice link verification", "Array verification") -->
                  <span class="method-name">runScenario</span>
                  <span class="parameters">("practice link verification","Array verification")</span>
                  <div class="stack-trace">java.lang.AssertionError: expected [https://dsportalapp.herokuapp.com/array/] but found [https://dsportalapp.herokuapp.com/home]
	at org.testng.Assert.fail(Assert.java:111)
	at org.testng.Assert.failNotEquals(Assert.java:1578)
	at org.testng.Assert.assertEqualsImpl(Assert.java:150)
	at org.testng.Assert.assertEquals(Assert.java:132)
	at org.testng.Assert.assertEquals(Assert.java:656)
	at org.testng.Assert.assertEquals(Assert.java:666)
	at defenitions.arraysd.user_should_be_directed_to_array_page(arraysd.java:227)
	at ✽.User should be directed to array page(file:///C:/Manju/SDET/ds-algoproject/src/test/resources/features/Arrays.feature:130)

</div> <!-- stack-trace -->
                  <em>
(Runs Cucumber Scenarios)                  </em>
                </div> <!-- method-content -->
              </div> <!-- method -->
              <div class="method">
                <div class="method-content">
                  <a name="runScenario(&quot;TryEditor in each links with invalid code&quot;, &quot;Array verification&quot;)">
                  </a> <!-- runScenario("TryEditor in each links with invalid code", "Array verification") -->
                  <span class="method-name">runScenario</span>
                  <span class="parameters">("TryEditor in each links with invalid code","Array verification")</span>
                  <div class="stack-trace">java.lang.AssertionError: expected [https://dsportalapp.herokuapp.com/array/] but found [https://dsportalapp.herokuapp.com/home]
	at org.testng.Assert.fail(Assert.java:111)
	at org.testng.Assert.failNotEquals(Assert.java:1578)
	at org.testng.Assert.assertEqualsImpl(Assert.java:150)
	at org.testng.Assert.assertEquals(Assert.java:132)
	at org.testng.Assert.assertEquals(Assert.java:656)
	at org.testng.Assert.assertEquals(Assert.java:666)
	at defenitions.arraysd.user_should_be_directed_to_arrays_page(arraysd.java:139)
	at ✽.User should be directed to arrays page(file:///C:/Manju/SDET/ds-algoproject/src/test/resources/features/Arrays.feature:99)

</div> <!-- stack-trace -->
                  <em>
(Runs Cucumber Scenarios)                  </em>
                </div> <!-- method-content -->
              </div> <!-- method -->
              <div class="method">
                <div class="method-content">
                  <a name="runScenario(&quot;TryEditor link with valid code  in each page&quot;, &quot;Array verification&quot;)">
                  </a> <!-- runScenario("TryEditor link with valid code  in each page", "Array verification") -->
                  <span class="method-name">runScenario</span>
                  <span class="parameters">("TryEditor link with valid code  in each page","Array verification")</span>
                  <div class="stack-trace">java.lang.AssertionError: expected [https://dsportalapp.herokuapp.com/array/] but found [https://dsportalapp.herokuapp.com/home]
	at org.testng.Assert.fail(Assert.java:111)
	at org.testng.Assert.failNotEquals(Assert.java:1578)
	at org.testng.Assert.assertEqualsImpl(Assert.java:150)
	at org.testng.Assert.assertEquals(Assert.java:132)
	at org.testng.Assert.assertEquals(Assert.java:656)
	at org.testng.Assert.assertEquals(Assert.java:666)
	at defenitions.arraysd.user_should_navigated_to_arrays_page(arraysd.java:39)
	at ✽.User should navigated to arrays page(file:///C:/Manju/SDET/ds-algoproject/src/test/resources/features/Arrays.feature:31)

</div> <!-- stack-trace -->
                  <em>
(Runs Cucumber Scenarios)                  </em>
                </div> <!-- method-content -->
              </div> <!-- method -->
              <div class="method">
                <div class="method-content">
                  <a name="runScenario(&quot;TryEditor in each links with invalid code&quot;, &quot;Array verification&quot;)">
                  </a> <!-- runScenario("TryEditor in each links with invalid code", "Array verification") -->
                  <span class="method-name">runScenario</span>
                  <span class="parameters">("TryEditor in each links with invalid code","Array verification")</span>
                  <div class="stack-trace">java.lang.AssertionError: expected [https://dsportalapp.herokuapp.com/array/] but found [https://dsportalapp.herokuapp.com/home]
	at org.testng.Assert.fail(Assert.java:111)
	at org.testng.Assert.failNotEquals(Assert.java:1578)
	at org.testng.Assert.assertEqualsImpl(Assert.java:150)
	at org.testng.Assert.assertEquals(Assert.java:132)
	at org.testng.Assert.assertEquals(Assert.java:656)
	at org.testng.Assert.assertEquals(Assert.java:666)
	at defenitions.arraysd.user_should_be_directed_to_arrays_page(arraysd.java:139)
	at ✽.User should be directed to arrays page(file:///C:/Manju/SDET/ds-algoproject/src/test/resources/features/Arrays.feature:99)

</div> <!-- stack-trace -->
                  <em>
(Runs Cucumber Scenarios)                  </em>
                </div> <!-- method-content -->
              </div> <!-- method -->
              <div class="method">
                <div class="method-content">
                  <a name="runScenario(&quot;TryEditor in each links with valid code&quot;, &quot;Array verification&quot;)">
                  </a> <!-- runScenario("TryEditor in each links with valid code", "Array verification") -->
                  <span class="method-name">runScenario</span>
                  <span class="parameters">("TryEditor in each links with valid code","Array verification")</span>
                  <div class="stack-trace">java.lang.AssertionError: expected [https://dsportalapp.herokuapp.com/array/] but found [https://dsportalapp.herokuapp.com/home]
	at org.testng.Assert.fail(Assert.java:111)
	at org.testng.Assert.failNotEquals(Assert.java:1578)
	at org.testng.Assert.assertEqualsImpl(Assert.java:150)
	at org.testng.Assert.assertEquals(Assert.java:132)
	at org.testng.Assert.assertEquals(Assert.java:656)
	at org.testng.Assert.assertEquals(Assert.java:666)
	at defenitions.arraysd.user_should_be_directed_to_arrays_page(arraysd.java:139)
	at ✽.User should be directed to arrays page(file:///C:/Manju/SDET/ds-algoproject/src/test/resources/features/Arrays.feature:68)

</div> <!-- stack-trace -->
                  <em>
(Runs Cucumber Scenarios)                  </em>
                </div> <!-- method-content -->
              </div> <!-- method -->
              <div class="method">
                <div class="method-content">
                  <a name="runScenario(&quot;TryEditor in each links with invalid code&quot;, &quot;Array verification&quot;)">
                  </a> <!-- runScenario("TryEditor in each links with invalid code", "Array verification") -->
                  <span class="method-name">runScenario</span>
                  <span class="parameters">("TryEditor in each links with invalid code","Array verification")</span>
                  <div class="stack-trace">java.lang.AssertionError: expected [https://dsportalapp.herokuapp.com/array/] but found [https://dsportalapp.herokuapp.com/home]
	at org.testng.Assert.fail(Assert.java:111)
	at org.testng.Assert.failNotEquals(Assert.java:1578)
	at org.testng.Assert.assertEqualsImpl(Assert.java:150)
	at org.testng.Assert.assertEquals(Assert.java:132)
	at org.testng.Assert.assertEquals(Assert.java:656)
	at org.testng.Assert.assertEquals(Assert.java:666)
	at defenitions.arraysd.user_should_be_directed_to_arrays_page(arraysd.java:139)
	at ✽.User should be directed to arrays page(file:///C:/Manju/SDET/ds-algoproject/src/test/resources/features/Arrays.feature:99)

</div> <!-- stack-trace -->
                  <em>
(Runs Cucumber Scenarios)                  </em>
                </div> <!-- method-content -->
              </div> <!-- method -->
              <div class="method">
                <div class="method-content">
                  <a name="runScenario(&quot;practice link verification&quot;, &quot;Array verification&quot;)">
                  </a> <!-- runScenario("practice link verification", "Array verification") -->
                  <span class="method-name">runScenario</span>
                  <span class="parameters">("practice link verification","Array verification")</span>
                  <div class="stack-trace">java.lang.AssertionError: expected [https://dsportalapp.herokuapp.com/array/] but found [https://dsportalapp.herokuapp.com/home]
	at org.testng.Assert.fail(Assert.java:111)
	at org.testng.Assert.failNotEquals(Assert.java:1578)
	at org.testng.Assert.assertEqualsImpl(Assert.java:150)
	at org.testng.Assert.assertEquals(Assert.java:132)
	at org.testng.Assert.assertEquals(Assert.java:656)
	at org.testng.Assert.assertEquals(Assert.java:666)
	at defenitions.arraysd.user_should_be_directed_to_array_page(arraysd.java:227)
	at ✽.User should be directed to array page(file:///C:/Manju/SDET/ds-algoproject/src/test/resources/features/Arrays.feature:130)

</div> <!-- stack-trace -->
                  <em>
(Runs Cucumber Scenarios)                  </em>
                </div> <!-- method-content -->
              </div> <!-- method -->
              <div class="method">
                <div class="method-content">
                  <a name="runScenario(&quot;practice link verification&quot;, &quot;Array verification&quot;)">
                  </a> <!-- runScenario("practice link verification", "Array verification") -->
                  <span class="method-name">runScenario</span>
                  <span class="parameters">("practice link verification","Array verification")</span>
                  <div class="stack-trace">java.lang.AssertionError: expected [https://dsportalapp.herokuapp.com/array/] but found [https://dsportalapp.herokuapp.com/home]
	at org.testng.Assert.fail(Assert.java:111)
	at org.testng.Assert.failNotEquals(Assert.java:1578)
	at org.testng.Assert.assertEqualsImpl(Assert.java:150)
	at org.testng.Assert.assertEquals(Assert.java:132)
	at org.testng.Assert.assertEquals(Assert.java:656)
	at org.testng.Assert.assertEquals(Assert.java:666)
	at defenitions.arraysd.user_should_be_navigated_to_array_page(arraysd.java:284)
	at ✽.User should be navigated to array page(file:///C:/Manju/SDET/ds-algoproject/src/test/resources/features/Arrays.feature:162)

</div> <!-- stack-trace -->
                  <em>
(Runs Cucumber Scenarios)                  </em>
                </div> <!-- method-content -->
              </div> <!-- method -->
              <div class="method">
                <div class="method-content">
                  <a name="runScenario(&quot;TryEditor in each links with invalid code&quot;, &quot;Array verification&quot;)">
                  </a> <!-- runScenario("TryEditor in each links with invalid code", "Array verification") -->
                  <span class="method-name">runScenario</span>
                  <span class="parameters">("TryEditor in each links with invalid code","Array verification")</span>
                  <div class="stack-trace">java.lang.AssertionError: expected [https://dsportalapp.herokuapp.com/array/] but found [https://dsportalapp.herokuapp.com/home]
	at org.testng.Assert.fail(Assert.java:111)
	at org.testng.Assert.failNotEquals(Assert.java:1578)
	at org.testng.Assert.assertEqualsImpl(Assert.java:150)
	at org.testng.Assert.assertEquals(Assert.java:132)
	at org.testng.Assert.assertEquals(Assert.java:656)
	at org.testng.Assert.assertEquals(Assert.java:666)
	at defenitions.arraysd.user_should_be_directed_to_arrays_page(arraysd.java:139)
	at ✽.User should be directed to arrays page(file:///C:/Manju/SDET/ds-algoproject/src/test/resources/features/Arrays.feature:99)

</div> <!-- stack-trace -->
                  <em>
(Runs Cucumber Scenarios)                  </em>
                </div> <!-- method-content -->
              </div> <!-- method -->
              <div class="method">
                <div class="method-content">
                  <a name="runScenario(&quot;TryEditor link with valid code  in each page&quot;, &quot;Array verification&quot;)">
                  </a> <!-- runScenario("TryEditor link with valid code  in each page", "Array verification") -->
                  <span class="method-name">runScenario</span>
                  <span class="parameters">("TryEditor link with valid code  in each page","Array verification")</span>
                  <div class="stack-trace">java.lang.AssertionError: expected [https://dsportalapp.herokuapp.com/array/] but found [https://dsportalapp.herokuapp.com/home]
	at org.testng.Assert.fail(Assert.java:111)
	at org.testng.Assert.failNotEquals(Assert.java:1578)
	at org.testng.Assert.assertEqualsImpl(Assert.java:150)
	at org.testng.Assert.assertEquals(Assert.java:132)
	at org.testng.Assert.assertEquals(Assert.java:656)
	at org.testng.Assert.assertEquals(Assert.java:666)
	at defenitions.arraysd.user_should_navigated_to_arrays_page(arraysd.java:39)
	at ✽.User should navigated to arrays page(file:///C:/Manju/SDET/ds-algoproject/src/test/resources/features/Arrays.feature:50)

</div> <!-- stack-trace -->
                  <em>
(Runs Cucumber Scenarios)                  </em>
                </div> <!-- method-content -->
              </div> <!-- method -->
              <div class="method">
                <div class="method-content">
                  <a name="runScenario(&quot;TryEditor in each links with invalid code&quot;, &quot;Array verification&quot;)">
                  </a> <!-- runScenario("TryEditor in each links with invalid code", "Array verification") -->
                  <span class="method-name">runScenario</span>
                  <span class="parameters">("TryEditor in each links with invalid code","Array verification")</span>
                  <div class="stack-trace">java.lang.AssertionError: expected [https://dsportalapp.herokuapp.com/array/] but found [https://dsportalapp.herokuapp.com/home]
	at org.testng.Assert.fail(Assert.java:111)
	at org.testng.Assert.failNotEquals(Assert.java:1578)
	at org.testng.Assert.assertEqualsImpl(Assert.java:150)
	at org.testng.Assert.assertEquals(Assert.java:132)
	at org.testng.Assert.assertEquals(Assert.java:656)
	at org.testng.Assert.assertEquals(Assert.java:666)
	at defenitions.arraysd.user_should_be_directed_to_arrays_page(arraysd.java:139)
	at ✽.User should be directed to arrays page(file:///C:/Manju/SDET/ds-algoproject/src/test/resources/features/Arrays.feature:99)

</div> <!-- stack-trace -->
                  <em>
(Runs Cucumber Scenarios)                  </em>
                </div> <!-- method-content -->
              </div> <!-- method -->
              <div class="method">
                <div class="method-content">
                  <a name="runScenario(&quot;TryEditor in each links with invalid code&quot;, &quot;Array verification&quot;)">
                  </a> <!-- runScenario("TryEditor in each links with invalid code", "Array verification") -->
                  <span class="method-name">runScenario</span>
                  <span class="parameters">("TryEditor in each links with invalid code","Array verification")</span>
                  <div class="stack-trace">java.lang.AssertionError: expected [https://dsportalapp.herokuapp.com/array/] but found [https://dsportalapp.herokuapp.com/home]
	at org.testng.Assert.fail(Assert.java:111)
	at org.testng.Assert.failNotEquals(Assert.java:1578)
	at org.testng.Assert.assertEqualsImpl(Assert.java:150)
	at org.testng.Assert.assertEquals(Assert.java:132)
	at org.testng.Assert.assertEquals(Assert.java:656)
	at org.testng.Assert.assertEquals(Assert.java:666)
	at defenitions.arraysd.user_should_be_directed_to_arrays_page(arraysd.java:139)
	at ✽.User should be directed to arrays page(file:///C:/Manju/SDET/ds-algoproject/src/test/resources/features/Arrays.feature:99)

</div> <!-- stack-trace -->
                  <em>
(Runs Cucumber Scenarios)                  </em>
                </div> <!-- method-content -->
              </div> <!-- method -->
              <div class="method">
                <div class="method-content">
                  <a name="runScenario(&quot;practice link verification&quot;, &quot;Array verification&quot;)">
                  </a> <!-- runScenario("practice link verification", "Array verification") -->
                  <span class="method-name">runScenario</span>
                  <span class="parameters">("practice link verification","Array verification")</span>
                  <div class="stack-trace">java.lang.AssertionError: expected [https://dsportalapp.herokuapp.com/array/] but found [https://dsportalapp.herokuapp.com/home]
	at org.testng.Assert.fail(Assert.java:111)
	at org.testng.Assert.failNotEquals(Assert.java:1578)
	at org.testng.Assert.assertEqualsImpl(Assert.java:150)
	at org.testng.Assert.assertEquals(Assert.java:132)
	at org.testng.Assert.assertEquals(Assert.java:656)
	at org.testng.Assert.assertEquals(Assert.java:666)
	at defenitions.arraysd.user_should_be_navigated_to_array_page(arraysd.java:284)
	at ✽.User should be navigated to array page(file:///C:/Manju/SDET/ds-algoproject/src/test/resources/features/Arrays.feature:162)

</div> <!-- stack-trace -->
                  <em>
(Runs Cucumber Scenarios)                  </em>
                </div> <!-- method-content -->
              </div> <!-- method -->
              <div class="method">
                <div class="method-content">
                  <a name="runScenario(&quot;TryEditor in each links with valid code&quot;, &quot;Array verification&quot;)">
                  </a> <!-- runScenario("TryEditor in each links with valid code", "Array verification") -->
                  <span class="method-name">runScenario</span>
                  <span class="parameters">("TryEditor in each links with valid code","Array verification")</span>
                  <div class="stack-trace">java.lang.AssertionError: expected [https://dsportalapp.herokuapp.com/array/] but found [https://dsportalapp.herokuapp.com/home]
	at org.testng.Assert.fail(Assert.java:111)
	at org.testng.Assert.failNotEquals(Assert.java:1578)
	at org.testng.Assert.assertEqualsImpl(Assert.java:150)
	at org.testng.Assert.assertEquals(Assert.java:132)
	at org.testng.Assert.assertEquals(Assert.java:656)
	at org.testng.Assert.assertEquals(Assert.java:666)
	at defenitions.arraysd.user_should_be_directed_to_arrays_page(arraysd.java:139)
	at ✽.User should be directed to arrays page(file:///C:/Manju/SDET/ds-algoproject/src/test/resources/features/Arrays.feature:68)

</div> <!-- stack-trace -->
                  <em>
(Runs Cucumber Scenarios)                  </em>
                </div> <!-- method-content -->
              </div> <!-- method -->
              <div class="method">
                <div class="method-content">
                  <a name="runScenario(&quot;TryEditor in each links with valid code&quot;, &quot;Array verification&quot;)">
                  </a> <!-- runScenario("TryEditor in each links with valid code", "Array verification") -->
                  <span class="method-name">runScenario</span>
                  <span class="parameters">("TryEditor in each links with valid code","Array verification")</span>
                  <div class="stack-trace">java.lang.AssertionError: expected [https://dsportalapp.herokuapp.com/array/] but found [https://dsportalapp.herokuapp.com/home]
	at org.testng.Assert.fail(Assert.java:111)
	at org.testng.Assert.failNotEquals(Assert.java:1578)
	at org.testng.Assert.assertEqualsImpl(Assert.java:150)
	at org.testng.Assert.assertEquals(Assert.java:132)
	at org.testng.Assert.assertEquals(Assert.java:656)
	at org.testng.Assert.assertEquals(Assert.java:666)
	at defenitions.arraysd.user_should_be_directed_to_arrays_page(arraysd.java:139)
	at ✽.User should be directed to arrays page(file:///C:/Manju/SDET/ds-algoproject/src/test/resources/features/Arrays.feature:68)

</div> <!-- stack-trace -->
                  <em>
(Runs Cucumber Scenarios)                  </em>
                </div> <!-- method-content -->
              </div> <!-- method -->
              <div class="method">
                <div class="method-content">
                  <a name="runScenario(&quot;TryEditor in each links with valid code&quot;, &quot;Array verification&quot;)">
                  </a> <!-- runScenario("TryEditor in each links with valid code", "Array verification") -->
                  <span class="method-name">runScenario</span>
                  <span class="parameters">("TryEditor in each links with valid code","Array verification")</span>
                  <div class="stack-trace">java.lang.AssertionError: expected [https://dsportalapp.herokuapp.com/array/] but found [https://dsportalapp.herokuapp.com/home]
	at org.testng.Assert.fail(Assert.java:111)
	at org.testng.Assert.failNotEquals(Assert.java:1578)
	at org.testng.Assert.assertEqualsImpl(Assert.java:150)
	at org.testng.Assert.assertEquals(Assert.java:132)
	at org.testng.Assert.assertEquals(Assert.java:656)
	at org.testng.Assert.assertEquals(Assert.java:666)
	at defenitions.arraysd.user_should_be_directed_to_arrays_page(arraysd.java:139)
	at ✽.User should be directed to arrays page(file:///C:/Manju/SDET/ds-algoproject/src/test/resources/features/Arrays.feature:68)

</div> <!-- stack-trace -->
                  <em>
(Runs Cucumber Scenarios)                  </em>
                </div> <!-- method-content -->
              </div> <!-- method -->
              <div class="method">
                <div class="method-content">
                  <a name="runScenario(&quot;TryEditor in each links with invalid code&quot;, &quot;Array verification&quot;)">
                  </a> <!-- runScenario("TryEditor in each links with invalid code", "Array verification") -->
                  <span class="method-name">runScenario</span>
                  <span class="parameters">("TryEditor in each links with invalid code","Array verification")</span>
                  <div class="stack-trace">java.lang.AssertionError: expected [https://dsportalapp.herokuapp.com/array/] but found [https://dsportalapp.herokuapp.com/home]
	at org.testng.Assert.fail(Assert.java:111)
	at org.testng.Assert.failNotEquals(Assert.java:1578)
	at org.testng.Assert.assertEqualsImpl(Assert.java:150)
	at org.testng.Assert.assertEquals(Assert.java:132)
	at org.testng.Assert.assertEquals(Assert.java:656)
	at org.testng.Assert.assertEquals(Assert.java:666)
	at defenitions.arraysd.user_should_be_directed_to_arrays_page(arraysd.java:139)
	at ✽.User should be directed to arrays page(file:///C:/Manju/SDET/ds-algoproject/src/test/resources/features/Arrays.feature:99)

</div> <!-- stack-trace -->
                  <em>
(Runs Cucumber Scenarios)                  </em>
                </div> <!-- method-content -->
              </div> <!-- method -->
              <div class="method">
                <div class="method-content">
                  <a name="runScenario(&quot;practice link verification&quot;, &quot;Array verification&quot;)">
                  </a> <!-- runScenario("practice link verification", "Array verification") -->
                  <span class="method-name">runScenario</span>
                  <span class="parameters">("practice link verification","Array verification")</span>
                  <div class="stack-trace">java.lang.AssertionError: expected [https://dsportalapp.herokuapp.com/array/] but found [https://dsportalapp.herokuapp.com/home]
	at org.testng.Assert.fail(Assert.java:111)
	at org.testng.Assert.failNotEquals(Assert.java:1578)
	at org.testng.Assert.assertEqualsImpl(Assert.java:150)
	at org.testng.Assert.assertEquals(Assert.java:132)
	at org.testng.Assert.assertEquals(Assert.java:656)
	at org.testng.Assert.assertEquals(Assert.java:666)
	at defenitions.arraysd.user_should_be_navigated_to_array_page(arraysd.java:284)
	at ✽.User should be navigated to array page(file:///C:/Manju/SDET/ds-algoproject/src/test/resources/features/Arrays.feature:162)

</div> <!-- stack-trace -->
                  <em>
(Runs Cucumber Scenarios)                  </em>
                </div> <!-- method-content -->
              </div> <!-- method -->
              <div class="method">
                <div class="method-content">
                  <a name="runScenario(&quot;TryEditor in each links with invalid code&quot;, &quot;Array verification&quot;)">
                  </a> <!-- runScenario("TryEditor in each links with invalid code", "Array verification") -->
                  <span class="method-name">runScenario</span>
                  <span class="parameters">("TryEditor in each links with invalid code","Array verification")</span>
                  <div class="stack-trace">java.lang.AssertionError: expected [https://dsportalapp.herokuapp.com/array/] but found [https://dsportalapp.herokuapp.com/home]
	at org.testng.Assert.fail(Assert.java:111)
	at org.testng.Assert.failNotEquals(Assert.java:1578)
	at org.testng.Assert.assertEqualsImpl(Assert.java:150)
	at org.testng.Assert.assertEquals(Assert.java:132)
	at org.testng.Assert.assertEquals(Assert.java:656)
	at org.testng.Assert.assertEquals(Assert.java:666)
	at defenitions.arraysd.user_should_be_directed_to_arrays_page(arraysd.java:139)
	at ✽.User should be directed to arrays page(file:///C:/Manju/SDET/ds-algoproject/src/test/resources/features/Arrays.feature:99)

</div> <!-- stack-trace -->
                  <em>
(Runs Cucumber Scenarios)                  </em>
                </div> <!-- method-content -->
              </div> <!-- method -->
              <div class="method">
                <div class="method-content">
                  <a name="runScenario(&quot;practice link verification&quot;, &quot;Array verification&quot;)">
                  </a> <!-- runScenario("practice link verification", "Array verification") -->
                  <span class="method-name">runScenario</span>
                  <span class="parameters">("practice link verification","Array verification")</span>
                  <div class="stack-trace">java.lang.AssertionError: expected [https://dsportalapp.herokuapp.com/array/] but found [https://dsportalapp.herokuapp.com/home]
	at org.testng.Assert.fail(Assert.java:111)
	at org.testng.Assert.failNotEquals(Assert.java:1578)
	at org.testng.Assert.assertEqualsImpl(Assert.java:150)
	at org.testng.Assert.assertEquals(Assert.java:132)
	at org.testng.Assert.assertEquals(Assert.java:656)
	at org.testng.Assert.assertEquals(Assert.java:666)
	at defenitions.arraysd.user_should_be_navigated_to_array_page(arraysd.java:284)
	at ✽.User should be navigated to array page(file:///C:/Manju/SDET/ds-algoproject/src/test/resources/features/Arrays.feature:162)

</div> <!-- stack-trace -->
                  <em>
(Runs Cucumber Scenarios)                  </em>
                </div> <!-- method-content -->
              </div> <!-- method -->
              <div class="method">
                <div class="method-content">
                  <a name="runScenario(&quot;TryEditor in each links with valid code&quot;, &quot;Array verification&quot;)">
                  </a> <!-- runScenario("TryEditor in each links with valid code", "Array verification") -->
                  <span class="method-name">runScenario</span>
                  <span class="parameters">("TryEditor in each links with valid code","Array verification")</span>
                  <div class="stack-trace">java.lang.AssertionError: expected [https://dsportalapp.herokuapp.com/array/] but found [https://dsportalapp.herokuapp.com/home]
	at org.testng.Assert.fail(Assert.java:111)
	at org.testng.Assert.failNotEquals(Assert.java:1578)
	at org.testng.Assert.assertEqualsImpl(Assert.java:150)
	at org.testng.Assert.assertEquals(Assert.java:132)
	at org.testng.Assert.assertEquals(Assert.java:656)
	at org.testng.Assert.assertEquals(Assert.java:666)
	at defenitions.arraysd.user_should_be_directed_to_arrays_page(arraysd.java:139)
	at ✽.User should be directed to arrays page(file:///C:/Manju/SDET/ds-algoproject/src/test/resources/features/Arrays.feature:68)

</div> <!-- stack-trace -->
                  <em>
(Runs Cucumber Scenarios)                  </em>
                </div> <!-- method-content -->
              </div> <!-- method -->
              <div class="method">
                <div class="method-content">
                  <a name="runScenario(&quot;practice link verification&quot;, &quot;Array verification&quot;)">
                  </a> <!-- runScenario("practice link verification", "Array verification") -->
                  <span class="method-name">runScenario</span>
                  <span class="parameters">("practice link verification","Array verification")</span>
                  <div class="stack-trace">java.lang.AssertionError: expected [https://dsportalapp.herokuapp.com/array/] but found [https://dsportalapp.herokuapp.com/home]
	at org.testng.Assert.fail(Assert.java:111)
	at org.testng.Assert.failNotEquals(Assert.java:1578)
	at org.testng.Assert.assertEqualsImpl(Assert.java:150)
	at org.testng.Assert.assertEquals(Assert.java:132)
	at org.testng.Assert.assertEquals(Assert.java:656)
	at org.testng.Assert.assertEquals(Assert.java:666)
	at defenitions.arraysd.user_should_be_directed_to_array_page(arraysd.java:227)
	at ✽.User should be directed to array page(file:///C:/Manju/SDET/ds-algoproject/src/test/resources/features/Arrays.feature:130)

</div> <!-- stack-trace -->
                  <em>
(Runs Cucumber Scenarios)                  </em>
                </div> <!-- method-content -->
              </div> <!-- method -->
              <div class="method">
                <div class="method-content">
                  <a name="runScenario(&quot;TryEditor link with valid code  in each page&quot;, &quot;Array verification&quot;)">
                  </a> <!-- runScenario("TryEditor link with valid code  in each page", "Array verification") -->
                  <span class="method-name">runScenario</span>
                  <span class="parameters">("TryEditor link with valid code  in each page","Array verification")</span>
                  <div class="stack-trace">java.lang.AssertionError: expected [https://dsportalapp.herokuapp.com/array/] but found [https://dsportalapp.herokuapp.com/home]
	at org.testng.Assert.fail(Assert.java:111)
	at org.testng.Assert.failNotEquals(Assert.java:1578)
	at org.testng.Assert.assertEqualsImpl(Assert.java:150)
	at org.testng.Assert.assertEquals(Assert.java:132)
	at org.testng.Assert.assertEquals(Assert.java:656)
	at org.testng.Assert.assertEquals(Assert.java:666)
	at defenitions.arraysd.user_should_navigated_to_arrays_page(arraysd.java:39)
	at ✽.User should navigated to arrays page(file:///C:/Manju/SDET/ds-algoproject/src/test/resources/features/Arrays.feature:31)

</div> <!-- stack-trace -->
                  <em>
(Runs Cucumber Scenarios)                  </em>
                </div> <!-- method-content -->
              </div> <!-- method -->
              <div class="method">
                <div class="method-content">
                  <a name="runScenario(&quot;TryEditor in each links with invalid code&quot;, &quot;Array verification&quot;)">
                  </a> <!-- runScenario("TryEditor in each links with invalid code", "Array verification") -->
                  <span class="method-name">runScenario</span>
                  <span class="parameters">("TryEditor in each links with invalid code","Array verification")</span>
                  <div class="stack-trace">java.lang.AssertionError: expected [https://dsportalapp.herokuapp.com/array/] but found [https://dsportalapp.herokuapp.com/home]
	at org.testng.Assert.fail(Assert.java:111)
	at org.testng.Assert.failNotEquals(Assert.java:1578)
	at org.testng.Assert.assertEqualsImpl(Assert.java:150)
	at org.testng.Assert.assertEquals(Assert.java:132)
	at org.testng.Assert.assertEquals(Assert.java:656)
	at org.testng.Assert.assertEquals(Assert.java:666)
	at defenitions.arraysd.user_should_be_directed_to_arrays_page(arraysd.java:139)
	at ✽.User should be directed to arrays page(file:///C:/Manju/SDET/ds-algoproject/src/test/resources/features/Arrays.feature:99)

</div> <!-- stack-trace -->
                  <em>
(Runs Cucumber Scenarios)                  </em>
                </div> <!-- method-content -->
              </div> <!-- method -->
              <div class="method">
                <div class="method-content">
                  <a name="runScenario(&quot;TryEditor link with valid code  in each page&quot;, &quot;Array verification&quot;)">
                  </a> <!-- runScenario("TryEditor link with valid code  in each page", "Array verification") -->
                  <span class="method-name">runScenario</span>
                  <span class="parameters">("TryEditor link with valid code  in each page","Array verification")</span>
                  <div class="stack-trace">java.lang.AssertionError: expected [https://dsportalapp.herokuapp.com/array/] but found [https://dsportalapp.herokuapp.com/home]
	at org.testng.Assert.fail(Assert.java:111)
	at org.testng.Assert.failNotEquals(Assert.java:1578)
	at org.testng.Assert.assertEqualsImpl(Assert.java:150)
	at org.testng.Assert.assertEquals(Assert.java:132)
	at org.testng.Assert.assertEquals(Assert.java:656)
	at org.testng.Assert.assertEquals(Assert.java:666)
	at defenitions.arraysd.user_should_navigated_to_arrays_page(arraysd.java:39)
	at ✽.User should navigated to arrays page(file:///C:/Manju/SDET/ds-algoproject/src/test/resources/features/Arrays.feature:50)

</div> <!-- stack-trace -->
                  <em>
(Runs Cucumber Scenarios)                  </em>
                </div> <!-- method-content -->
              </div> <!-- method -->
              <div class="method">
                <div class="method-content">
                  <a name="runScenario(&quot;practice link verification&quot;, &quot;Array verification&quot;)">
                  </a> <!-- runScenario("practice link verification", "Array verification") -->
                  <span class="method-name">runScenario</span>
                  <span class="parameters">("practice link verification","Array verification")</span>
                  <div class="stack-trace">java.lang.AssertionError: expected [https://dsportalapp.herokuapp.com/array/] but found [https://dsportalapp.herokuapp.com/home]
	at org.testng.Assert.fail(Assert.java:111)
	at org.testng.Assert.failNotEquals(Assert.java:1578)
	at org.testng.Assert.assertEqualsImpl(Assert.java:150)
	at org.testng.Assert.assertEquals(Assert.java:132)
	at org.testng.Assert.assertEquals(Assert.java:656)
	at org.testng.Assert.assertEquals(Assert.java:666)
	at defenitions.arraysd.user_should_be_directed_to_array_page(arraysd.java:227)
	at ✽.User should be directed to array page(file:///C:/Manju/SDET/ds-algoproject/src/test/resources/features/Arrays.feature:130)

</div> <!-- stack-trace -->
                  <em>
(Runs Cucumber Scenarios)                  </em>
                </div> <!-- method-content -->
              </div> <!-- method -->
              <div class="method">
                <div class="method-content">
                  <a name="runScenario(&quot;practice link verification&quot;, &quot;Array verification&quot;)">
                  </a> <!-- runScenario("practice link verification", "Array verification") -->
                  <span class="method-name">runScenario</span>
                  <span class="parameters">("practice link verification","Array verification")</span>
                  <div class="stack-trace">java.lang.AssertionError: expected [https://dsportalapp.herokuapp.com/array/] but found [https://dsportalapp.herokuapp.com/home]
	at org.testng.Assert.fail(Assert.java:111)
	at org.testng.Assert.failNotEquals(Assert.java:1578)
	at org.testng.Assert.assertEqualsImpl(Assert.java:150)
	at org.testng.Assert.assertEquals(Assert.java:132)
	at org.testng.Assert.assertEquals(Assert.java:656)
	at org.testng.Assert.assertEquals(Assert.java:666)
	at defenitions.arraysd.user_should_be_directed_to_array_page(arraysd.java:227)
	at ✽.User should be directed to array page(file:///C:/Manju/SDET/ds-algoproject/src/test/resources/features/Arrays.feature:130)

</div> <!-- stack-trace -->
                  <em>
(Runs Cucumber Scenarios)                  </em>
                </div> <!-- method-content -->
              </div> <!-- method -->
              <div class="method">
                <div class="method-content">
                  <a name="runScenario(&quot;practice link verification&quot;, &quot;Array verification&quot;)">
                  </a> <!-- runScenario("practice link verification", "Array verification") -->
                  <span class="method-name">runScenario</span>
                  <span class="parameters">("practice link verification","Array verification")</span>
                  <div class="stack-trace">java.lang.AssertionError: expected [https://dsportalapp.herokuapp.com/array/] but found [https://dsportalapp.herokuapp.com/home]
	at org.testng.Assert.fail(Assert.java:111)
	at org.testng.Assert.failNotEquals(Assert.java:1578)
	at org.testng.Assert.assertEqualsImpl(Assert.java:150)
	at org.testng.Assert.assertEquals(Assert.java:132)
	at org.testng.Assert.assertEquals(Assert.java:656)
	at org.testng.Assert.assertEquals(Assert.java:666)
	at defenitions.arraysd.user_should_be_directed_to_array_page(arraysd.java:227)
	at ✽.User should be directed to array page(file:///C:/Manju/SDET/ds-algoproject/src/test/resources/features/Arrays.feature:130)

</div> <!-- stack-trace -->
                  <em>
(Runs Cucumber Scenarios)                  </em>
                </div> <!-- method-content -->
              </div> <!-- method -->
              <div class="method">
                <div class="method-content">
                  <a name="runScenario(&quot;TryEditor in each links with valid code&quot;, &quot;Array verification&quot;)">
                  </a> <!-- runScenario("TryEditor in each links with valid code", "Array verification") -->
                  <span class="method-name">runScenario</span>
                  <span class="parameters">("TryEditor in each links with valid code","Array verification")</span>
                  <div class="stack-trace">java.lang.AssertionError: expected [https://dsportalapp.herokuapp.com/array/] but found [https://dsportalapp.herokuapp.com/home]
	at org.testng.Assert.fail(Assert.java:111)
	at org.testng.Assert.failNotEquals(Assert.java:1578)
	at org.testng.Assert.assertEqualsImpl(Assert.java:150)
	at org.testng.Assert.assertEquals(Assert.java:132)
	at org.testng.Assert.assertEquals(Assert.java:656)
	at org.testng.Assert.assertEquals(Assert.java:666)
	at defenitions.arraysd.user_should_be_directed_to_arrays_page(arraysd.java:139)
	at ✽.User should be directed to arrays page(file:///C:/Manju/SDET/ds-algoproject/src/test/resources/features/Arrays.feature:68)

</div> <!-- stack-trace -->
                  <em>
(Runs Cucumber Scenarios)                  </em>
                </div> <!-- method-content -->
              </div> <!-- method -->
              <div class="method">
                <div class="method-content">
                  <a name="runScenario(&quot;TryEditor in each links with invalid code&quot;, &quot;Array verification&quot;)">
                  </a> <!-- runScenario("TryEditor in each links with invalid code", "Array verification") -->
                  <span class="method-name">runScenario</span>
                  <span class="parameters">("TryEditor in each links with invalid code","Array verification")</span>
                  <div class="stack-trace">java.lang.AssertionError: expected [https://dsportalapp.herokuapp.com/array/] but found [https://dsportalapp.herokuapp.com/home]
	at org.testng.Assert.fail(Assert.java:111)
	at org.testng.Assert.failNotEquals(Assert.java:1578)
	at org.testng.Assert.assertEqualsImpl(Assert.java:150)
	at org.testng.Assert.assertEquals(Assert.java:132)
	at org.testng.Assert.assertEquals(Assert.java:656)
	at org.testng.Assert.assertEquals(Assert.java:666)
	at defenitions.arraysd.user_should_be_directed_to_arrays_page(arraysd.java:139)
	at ✽.User should be directed to arrays page(file:///C:/Manju/SDET/ds-algoproject/src/test/resources/features/Arrays.feature:99)

</div> <!-- stack-trace -->
                  <em>
(Runs Cucumber Scenarios)                  </em>
                </div> <!-- method-content -->
              </div> <!-- method -->
              <div class="method">
                <div class="method-content">
                  <a name="runScenario(&quot;practice link verification&quot;, &quot;Array verification&quot;)">
                  </a> <!-- runScenario("practice link verification", "Array verification") -->
                  <span class="method-name">runScenario</span>
                  <span class="parameters">("practice link verification","Array verification")</span>
                  <div class="stack-trace">java.lang.AssertionError: expected [https://dsportalapp.herokuapp.com/array/] but found [https://dsportalapp.herokuapp.com/home]
	at org.testng.Assert.fail(Assert.java:111)
	at org.testng.Assert.failNotEquals(Assert.java:1578)
	at org.testng.Assert.assertEqualsImpl(Assert.java:150)
	at org.testng.Assert.assertEquals(Assert.java:132)
	at org.testng.Assert.assertEquals(Assert.java:656)
	at org.testng.Assert.assertEquals(Assert.java:666)
	at defenitions.arraysd.user_should_be_directed_to_array_page(arraysd.java:227)
	at ✽.User should be directed to array page(file:///C:/Manju/SDET/ds-algoproject/src/test/resources/features/Arrays.feature:130)

</div> <!-- stack-trace -->
                  <em>
(Runs Cucumber Scenarios)                  </em>
                </div> <!-- method-content -->
              </div> <!-- method -->
              <div class="method">
                <div class="method-content">
                  <a name="runScenario(&quot;TryEditor in each links with valid code&quot;, &quot;Array verification&quot;)">
                  </a> <!-- runScenario("TryEditor in each links with valid code", "Array verification") -->
                  <span class="method-name">runScenario</span>
                  <span class="parameters">("TryEditor in each links with valid code","Array verification")</span>
                  <div class="stack-trace">java.lang.AssertionError: expected [https://dsportalapp.herokuapp.com/array/] but found [https://dsportalapp.herokuapp.com/home]
	at org.testng.Assert.fail(Assert.java:111)
	at org.testng.Assert.failNotEquals(Assert.java:1578)
	at org.testng.Assert.assertEqualsImpl(Assert.java:150)
	at org.testng.Assert.assertEquals(Assert.java:132)
	at org.testng.Assert.assertEquals(Assert.java:656)
	at org.testng.Assert.assertEquals(Assert.java:666)
	at defenitions.arraysd.user_should_be_directed_to_arrays_page(arraysd.java:139)
	at ✽.User should be directed to arrays page(file:///C:/Manju/SDET/ds-algoproject/src/test/resources/features/Arrays.feature:68)

</div> <!-- stack-trace -->
                  <em>
(Runs Cucumber Scenarios)                  </em>
                </div> <!-- method-content -->
              </div> <!-- method -->
              <div class="method">
                <div class="method-content">
                  <a name="runScenario(&quot;TryEditor in each links with valid code&quot;, &quot;Array verification&quot;)">
                  </a> <!-- runScenario("TryEditor in each links with valid code", "Array verification") -->
                  <span class="method-name">runScenario</span>
                  <span class="parameters">("TryEditor in each links with valid code","Array verification")</span>
                  <div class="stack-trace">java.lang.AssertionError: expected [https://dsportalapp.herokuapp.com/array/] but found [https://dsportalapp.herokuapp.com/home]
	at org.testng.Assert.fail(Assert.java:111)
	at org.testng.Assert.failNotEquals(Assert.java:1578)
	at org.testng.Assert.assertEqualsImpl(Assert.java:150)
	at org.testng.Assert.assertEquals(Assert.java:132)
	at org.testng.Assert.assertEquals(Assert.java:656)
	at org.testng.Assert.assertEquals(Assert.java:666)
	at defenitions.arraysd.user_should_be_directed_to_arrays_page(arraysd.java:139)
	at ✽.User should be directed to arrays page(file:///C:/Manju/SDET/ds-algoproject/src/test/resources/features/Arrays.feature:68)

</div> <!-- stack-trace -->
                  <em>
(Runs Cucumber Scenarios)                  </em>
                </div> <!-- method-content -->
              </div> <!-- method -->
              <div class="method">
                <div class="method-content">
                  <a name="runScenario(&quot;practice link verification&quot;, &quot;Array verification&quot;)">
                  </a> <!-- runScenario("practice link verification", "Array verification") -->
                  <span class="method-name">runScenario</span>
                  <span class="parameters">("practice link verification","Array verification")</span>
                  <div class="stack-trace">java.lang.AssertionError: expected [https://dsportalapp.herokuapp.com/array/] but found [https://dsportalapp.herokuapp.com/home]
	at org.testng.Assert.fail(Assert.java:111)
	at org.testng.Assert.failNotEquals(Assert.java:1578)
	at org.testng.Assert.assertEqualsImpl(Assert.java:150)
	at org.testng.Assert.assertEquals(Assert.java:132)
	at org.testng.Assert.assertEquals(Assert.java:656)
	at org.testng.Assert.assertEquals(Assert.java:666)
	at defenitions.arraysd.user_should_be_navigated_to_array_page(arraysd.java:284)
	at ✽.User should be navigated to array page(file:///C:/Manju/SDET/ds-algoproject/src/test/resources/features/Arrays.feature:162)

</div> <!-- stack-trace -->
                  <em>
(Runs Cucumber Scenarios)                  </em>
                </div> <!-- method-content -->
              </div> <!-- method -->
              <div class="method">
                <div class="method-content">
                  <a name="runScenario(&quot;practice link verification&quot;, &quot;Array verification&quot;)">
                  </a> <!-- runScenario("practice link verification", "Array verification") -->
                  <span class="method-name">runScenario</span>
                  <span class="parameters">("practice link verification","Array verification")</span>
                  <div class="stack-trace">java.lang.AssertionError: expected [https://dsportalapp.herokuapp.com/array/] but found [https://dsportalapp.herokuapp.com/home]
	at org.testng.Assert.fail(Assert.java:111)
	at org.testng.Assert.failNotEquals(Assert.java:1578)
	at org.testng.Assert.assertEqualsImpl(Assert.java:150)
	at org.testng.Assert.assertEquals(Assert.java:132)
	at org.testng.Assert.assertEquals(Assert.java:656)
	at org.testng.Assert.assertEquals(Assert.java:666)
	at defenitions.arraysd.user_should_be_directed_to_array_page(arraysd.java:227)
	at ✽.User should be directed to array page(file:///C:/Manju/SDET/ds-algoproject/src/test/resources/features/Arrays.feature:130)

</div> <!-- stack-trace -->
                  <em>
(Runs Cucumber Scenarios)                  </em>
                </div> <!-- method-content -->
              </div> <!-- method -->
              <div class="method">
                <div class="method-content">
                  <a name="runScenario(&quot;practice link verification&quot;, &quot;Array verification&quot;)">
                  </a> <!-- runScenario("practice link verification", "Array verification") -->
                  <span class="method-name">runScenario</span>
                  <span class="parameters">("practice link verification","Array verification")</span>
                  <div class="stack-trace">java.lang.AssertionError: expected [https://dsportalapp.herokuapp.com/array/] but found [https://dsportalapp.herokuapp.com/home]
	at org.testng.Assert.fail(Assert.java:111)
	at org.testng.Assert.failNotEquals(Assert.java:1578)
	at org.testng.Assert.assertEqualsImpl(Assert.java:150)
	at org.testng.Assert.assertEquals(Assert.java:132)
	at org.testng.Assert.assertEquals(Assert.java:656)
	at org.testng.Assert.assertEquals(Assert.java:666)
	at defenitions.arraysd.user_should_be_navigated_to_array_page(arraysd.java:284)
	at ✽.User should be navigated to array page(file:///C:/Manju/SDET/ds-algoproject/src/test/resources/features/Arrays.feature:162)

</div> <!-- stack-trace -->
                  <em>
(Runs Cucumber Scenarios)                  </em>
                </div> <!-- method-content -->
              </div> <!-- method -->
              <div class="method">
                <div class="method-content">
                  <a name="runScenario(&quot;TryEditor link with valid code  in each page&quot;, &quot;Array verification&quot;)">
                  </a> <!-- runScenario("TryEditor link with valid code  in each page", "Array verification") -->
                  <span class="method-name">runScenario</span>
                  <span class="parameters">("TryEditor link with valid code  in each page","Array verification")</span>
                  <div class="stack-trace">java.lang.AssertionError: expected [https://dsportalapp.herokuapp.com/array/] but found [https://dsportalapp.herokuapp.com/home]
	at org.testng.Assert.fail(Assert.java:111)
	at org.testng.Assert.failNotEquals(Assert.java:1578)
	at org.testng.Assert.assertEqualsImpl(Assert.java:150)
	at org.testng.Assert.assertEquals(Assert.java:132)
	at org.testng.Assert.assertEquals(Assert.java:656)
	at org.testng.Assert.assertEquals(Assert.java:666)
	at defenitions.arraysd.user_should_navigated_to_arrays_page(arraysd.java:39)
	at ✽.User should navigated to arrays page(file:///C:/Manju/SDET/ds-algoproject/src/test/resources/features/Arrays.feature:31)

</div> <!-- stack-trace -->
                  <em>
(Runs Cucumber Scenarios)                  </em>
                </div> <!-- method-content -->
              </div> <!-- method -->
              <div class="method">
                <div class="method-content">
                  <a name="runScenario(&quot;TryEditor in each links with valid code&quot;, &quot;Array verification&quot;)">
                  </a> <!-- runScenario("TryEditor in each links with valid code", "Array verification") -->
                  <span class="method-name">runScenario</span>
                  <span class="parameters">("TryEditor in each links with valid code","Array verification")</span>
                  <div class="stack-trace">java.lang.AssertionError: expected [https://dsportalapp.herokuapp.com/array/] but found [https://dsportalapp.herokuapp.com/home]
	at org.testng.Assert.fail(Assert.java:111)
	at org.testng.Assert.failNotEquals(Assert.java:1578)
	at org.testng.Assert.assertEqualsImpl(Assert.java:150)
	at org.testng.Assert.assertEquals(Assert.java:132)
	at org.testng.Assert.assertEquals(Assert.java:656)
	at org.testng.Assert.assertEquals(Assert.java:666)
	at defenitions.arraysd.user_should_be_directed_to_arrays_page(arraysd.java:139)
	at ✽.User should be directed to arrays page(file:///C:/Manju/SDET/ds-algoproject/src/test/resources/features/Arrays.feature:68)

</div> <!-- stack-trace -->
                  <em>
(Runs Cucumber Scenarios)                  </em>
                </div> <!-- method-content -->
              </div> <!-- method -->
              <div class="method">
                <div class="method-content">
                  <a name="runScenario(&quot;TryEditor in each links with invalid code&quot;, &quot;Array verification&quot;)">
                  </a> <!-- runScenario("TryEditor in each links with invalid code", "Array verification") -->
                  <span class="method-name">runScenario</span>
                  <span class="parameters">("TryEditor in each links with invalid code","Array verification")</span>
                  <div class="stack-trace">java.lang.AssertionError: expected [https://dsportalapp.herokuapp.com/array/] but found [https://dsportalapp.herokuapp.com/home]
	at org.testng.Assert.fail(Assert.java:111)
	at org.testng.Assert.failNotEquals(Assert.java:1578)
	at org.testng.Assert.assertEqualsImpl(Assert.java:150)
	at org.testng.Assert.assertEquals(Assert.java:132)
	at org.testng.Assert.assertEquals(Assert.java:656)
	at org.testng.Assert.assertEquals(Assert.java:666)
	at defenitions.arraysd.user_should_be_directed_to_arrays_page(arraysd.java:139)
	at ✽.User should be directed to arrays page(file:///C:/Manju/SDET/ds-algoproject/src/test/resources/features/Arrays.feature:99)

</div> <!-- stack-trace -->
                  <em>
(Runs Cucumber Scenarios)                  </em>
                </div> <!-- method-content -->
              </div> <!-- method -->
              <div class="method">
                <div class="method-content">
                  <a name="runScenario(&quot;TryEditor link with valid code  in each page&quot;, &quot;Array verification&quot;)">
                  </a> <!-- runScenario("TryEditor link with valid code  in each page", "Array verification") -->
                  <span class="method-name">runScenario</span>
                  <span class="parameters">("TryEditor link with valid code  in each page","Array verification")</span>
                  <div class="stack-trace">java.lang.AssertionError: expected [https://dsportalapp.herokuapp.com/array/] but found [https://dsportalapp.herokuapp.com/home]
	at org.testng.Assert.fail(Assert.java:111)
	at org.testng.Assert.failNotEquals(Assert.java:1578)
	at org.testng.Assert.assertEqualsImpl(Assert.java:150)
	at org.testng.Assert.assertEquals(Assert.java:132)
	at org.testng.Assert.assertEquals(Assert.java:656)
	at org.testng.Assert.assertEquals(Assert.java:666)
	at defenitions.arraysd.user_should_navigated_to_arrays_page(arraysd.java:39)
	at ✽.User should navigated to arrays page(file:///C:/Manju/SDET/ds-algoproject/src/test/resources/features/Arrays.feature:50)

</div> <!-- stack-trace -->
                  <em>
(Runs Cucumber Scenarios)                  </em>
                </div> <!-- method-content -->
              </div> <!-- method -->
              <div class="method">
                <div class="method-content">
                  <a name="runScenario(&quot;practice link verification&quot;, &quot;Array verification&quot;)">
                  </a> <!-- runScenario("practice link verification", "Array verification") -->
                  <span class="method-name">runScenario</span>
                  <span class="parameters">("practice link verification","Array verification")</span>
                  <div class="stack-trace">java.lang.AssertionError: expected [https://dsportalapp.herokuapp.com/array/] but found [https://dsportalapp.herokuapp.com/home]
	at org.testng.Assert.fail(Assert.java:111)
	at org.testng.Assert.failNotEquals(Assert.java:1578)
	at org.testng.Assert.assertEqualsImpl(Assert.java:150)
	at org.testng.Assert.assertEquals(Assert.java:132)
	at org.testng.Assert.assertEquals(Assert.java:656)
	at org.testng.Assert.assertEquals(Assert.java:666)
	at defenitions.arraysd.user_should_be_directed_to_array_page(arraysd.java:227)
	at ✽.User should be directed to array page(file:///C:/Manju/SDET/ds-algoproject/src/test/resources/features/Arrays.feature:130)

</div> <!-- stack-trace -->
                  <em>
(Runs Cucumber Scenarios)                  </em>
                </div> <!-- method-content -->
              </div> <!-- method -->
              <div class="method">
                <div class="method-content">
                  <a name="runScenario(&quot;practice link verification&quot;, &quot;Array verification&quot;)">
                  </a> <!-- runScenario("practice link verification", "Array verification") -->
                  <span class="method-name">runScenario</span>
                  <span class="parameters">("practice link verification","Array verification")</span>
                  <div class="stack-trace">java.lang.AssertionError: expected [https://dsportalapp.herokuapp.com/array/] but found [https://dsportalapp.herokuapp.com/home]
	at org.testng.Assert.fail(Assert.java:111)
	at org.testng.Assert.failNotEquals(Assert.java:1578)
	at org.testng.Assert.assertEqualsImpl(Assert.java:150)
	at org.testng.Assert.assertEquals(Assert.java:132)
	at org.testng.Assert.assertEquals(Assert.java:656)
	at org.testng.Assert.assertEquals(Assert.java:666)
	at defenitions.arraysd.user_should_be_directed_to_array_page(arraysd.java:227)
	at ✽.User should be directed to array page(file:///C:/Manju/SDET/ds-algoproject/src/test/resources/features/Arrays.feature:130)

</div> <!-- stack-trace -->
                  <em>
(Runs Cucumber Scenarios)                  </em>
                </div> <!-- method-content -->
              </div> <!-- method -->
              <div class="method">
                <div class="method-content">
                  <a name="runScenario(&quot;practice link verification&quot;, &quot;Array verification&quot;)">
                  </a> <!-- runScenario("practice link verification", "Array verification") -->
                  <span class="method-name">runScenario</span>
                  <span class="parameters">("practice link verification","Array verification")</span>
                  <div class="stack-trace">java.lang.AssertionError: expected [https://dsportalapp.herokuapp.com/array/] but found [https://dsportalapp.herokuapp.com/home]
	at org.testng.Assert.fail(Assert.java:111)
	at org.testng.Assert.failNotEquals(Assert.java:1578)
	at org.testng.Assert.assertEqualsImpl(Assert.java:150)
	at org.testng.Assert.assertEquals(Assert.java:132)
	at org.testng.Assert.assertEquals(Assert.java:656)
	at org.testng.Assert.assertEquals(Assert.java:666)
	at defenitions.arraysd.user_should_be_navigated_to_array_page(arraysd.java:284)
	at ✽.User should be navigated to array page(file:///C:/Manju/SDET/ds-algoproject/src/test/resources/features/Arrays.feature:162)

</div> <!-- stack-trace -->
                  <em>
(Runs Cucumber Scenarios)                  </em>
                </div> <!-- method-content -->
              </div> <!-- method -->
              <div class="method">
                <div class="method-content">
                  <a name="runScenario(&quot;practice link verification&quot;, &quot;Array verification&quot;)">
                  </a> <!-- runScenario("practice link verification", "Array verification") -->
                  <span class="method-name">runScenario</span>
                  <span class="parameters">("practice link verification","Array verification")</span>
                  <div class="stack-trace">java.lang.AssertionError: expected [https://dsportalapp.herokuapp.com/array/] but found [https://dsportalapp.herokuapp.com/home]
	at org.testng.Assert.fail(Assert.java:111)
	at org.testng.Assert.failNotEquals(Assert.java:1578)
	at org.testng.Assert.assertEqualsImpl(Assert.java:150)
	at org.testng.Assert.assertEquals(Assert.java:132)
	at org.testng.Assert.assertEquals(Assert.java:656)
	at org.testng.Assert.assertEquals(Assert.java:666)
	at defenitions.arraysd.user_should_be_directed_to_array_page(arraysd.java:227)
	at ✽.User should be directed to array page(file:///C:/Manju/SDET/ds-algoproject/src/test/resources/features/Arrays.feature:130)

</div> <!-- stack-trace -->
                  <em>
(Runs Cucumber Scenarios)                  </em>
                </div> <!-- method-content -->
              </div> <!-- method -->
              <div class="method">
                <div class="method-content">
                  <a name="runScenario(&quot;TryEditor in each links with valid code&quot;, &quot;Array verification&quot;)">
                  </a> <!-- runScenario("TryEditor in each links with valid code", "Array verification") -->
                  <span class="method-name">runScenario</span>
                  <span class="parameters">("TryEditor in each links with valid code","Array verification")</span>
                  <div class="stack-trace">java.lang.AssertionError: expected [https://dsportalapp.herokuapp.com/array/] but found [https://dsportalapp.herokuapp.com/home]
	at org.testng.Assert.fail(Assert.java:111)
	at org.testng.Assert.failNotEquals(Assert.java:1578)
	at org.testng.Assert.assertEqualsImpl(Assert.java:150)
	at org.testng.Assert.assertEquals(Assert.java:132)
	at org.testng.Assert.assertEquals(Assert.java:656)
	at org.testng.Assert.assertEquals(Assert.java:666)
	at defenitions.arraysd.user_should_be_directed_to_arrays_page(arraysd.java:139)
	at ✽.User should be directed to arrays page(file:///C:/Manju/SDET/ds-algoproject/src/test/resources/features/Arrays.feature:68)

</div> <!-- stack-trace -->
                  <em>
(Runs Cucumber Scenarios)                  </em>
                </div> <!-- method-content -->
              </div> <!-- method -->
              <div class="method">
                <div class="method-content">
                  <a name="runScenario(&quot;practice link verification&quot;, &quot;Array verification&quot;)">
                  </a> <!-- runScenario("practice link verification", "Array verification") -->
                  <span class="method-name">runScenario</span>
                  <span class="parameters">("practice link verification","Array verification")</span>
                  <div class="stack-trace">java.lang.AssertionError: expected [https://dsportalapp.herokuapp.com/array/] but found [https://dsportalapp.herokuapp.com/home]
	at org.testng.Assert.fail(Assert.java:111)
	at org.testng.Assert.failNotEquals(Assert.java:1578)
	at org.testng.Assert.assertEqualsImpl(Assert.java:150)
	at org.testng.Assert.assertEquals(Assert.java:132)
	at org.testng.Assert.assertEquals(Assert.java:656)
	at org.testng.Assert.assertEquals(Assert.java:666)
	at defenitions.arraysd.user_should_be_navigated_to_array_page(arraysd.java:284)
	at ✽.User should be navigated to array page(file:///C:/Manju/SDET/ds-algoproject/src/test/resources/features/Arrays.feature:162)

</div> <!-- stack-trace -->
                  <em>
(Runs Cucumber Scenarios)                  </em>
                </div> <!-- method-content -->
              </div> <!-- method -->
              <div class="method">
                <div class="method-content">
                  <a name="runScenario(&quot;practice link verification&quot;, &quot;Array verification&quot;)">
                  </a> <!-- runScenario("practice link verification", "Array verification") -->
                  <span class="method-name">runScenario</span>
                  <span class="parameters">("practice link verification","Array verification")</span>
                  <div class="stack-trace">java.lang.AssertionError: expected [https://dsportalapp.herokuapp.com/array/] but found [https://dsportalapp.herokuapp.com/home]
	at org.testng.Assert.fail(Assert.java:111)
	at org.testng.Assert.failNotEquals(Assert.java:1578)
	at org.testng.Assert.assertEqualsImpl(Assert.java:150)
	at org.testng.Assert.assertEquals(Assert.java:132)
	at org.testng.Assert.assertEquals(Assert.java:656)
	at org.testng.Assert.assertEquals(Assert.java:666)
	at defenitions.arraysd.user_should_be_navigated_to_array_page(arraysd.java:284)
	at ✽.User should be navigated to array page(file:///C:/Manju/SDET/ds-algoproject/src/test/resources/features/Arrays.feature:162)

</div> <!-- stack-trace -->
                  <em>
(Runs Cucumber Scenarios)                  </em>
                </div> <!-- method-content -->
              </div> <!-- method -->
            </div> <!-- main-panel-content rounded-window-bottom -->
          </div> <!-- suite-Default_suite-class-failed -->
        </div> <!-- panel Default_suite -->
        <div panel-name="test-xml-Default_suite" class="panel">
          <div class="main-panel-header rounded-window-top">
            <span class="header-content">C:\Users\rassa\AppData\Local\Temp\testng-eclipse--1376759329\testng-customsuite.xml</span>
          </div> <!-- main-panel-header rounded-window-top -->
          <div class="main-panel-content rounded-window-bottom">
            <pre>
&lt;?xml version=&quot;1.0&quot; encoding=&quot;UTF-8&quot;?&gt;
&lt;!DOCTYPE suite SYSTEM &quot;https://testng.org/testng-1.0.dtd&quot;&gt;
&lt;suite name=&quot;Default suite&quot; guice-stage=&quot;DEVELOPMENT&quot;&gt;
  &lt;test thread-count=&quot;5&quot; name=&quot;Default test&quot; verbose=&quot;2&quot;&gt;
    &lt;classes&gt;
      &lt;class name=&quot;runner.TestRunner&quot;/&gt;
    &lt;/classes&gt;
  &lt;/test&gt; &lt;!-- Default test --&gt;
&lt;/suite&gt; &lt;!-- Default suite --&gt;
            </pre>
          </div> <!-- main-panel-content rounded-window-bottom -->
        </div> <!-- panel -->
        <div panel-name="testlist-Default_suite" class="panel">
          <div class="main-panel-header rounded-window-top">
            <span class="header-content">Tests for Default suite</span>
          </div> <!-- main-panel-header rounded-window-top -->
          <div class="main-panel-content rounded-window-bottom">
            <ul>
              <li>
                <span class="test-name">Default test (1 class)</span>
              </li>
            </ul>
          </div> <!-- main-panel-content rounded-window-bottom -->
        </div> <!-- panel -->
        <div panel-name="group-Default_suite" class="panel">
          <div class="main-panel-header rounded-window-top">
            <span class="header-content">Groups for Default suite</span>
          </div> <!-- main-panel-header rounded-window-top -->
          <div class="main-panel-content rounded-window-bottom">
            <div class="test-group">
              <span class="test-group-name">cucumber</span>
              <br/>
              <div class="method-in-group">
                <span class="method-in-group-name">runScenario</span>
                <br/>
              </div> <!-- method-in-group -->
            </div> <!-- test-group -->
          </div> <!-- main-panel-content rounded-window-bottom -->
        </div> <!-- panel -->
        <div panel-name="times-Default_suite" class="panel">
          <div class="main-panel-header rounded-window-top">
            <span class="header-content">Times for Default suite</span>
          </div> <!-- main-panel-header rounded-window-top -->
          <div class="main-panel-content rounded-window-bottom">
            <div class="times-div">
              <script type="text/javascript">
suiteTableInitFunctions.push('tableData_Default_suite');
function tableData_Default_suite() {
var data = new google.visualization.DataTable();
data.addColumn('number', 'Number');
data.addColumn('string', 'Method');
data.addColumn('string', 'Class');
data.addColumn('number', 'Time (ms)');
data.addRows(73);
data.setCell(0, 0, 0)
data.setCell(0, 1, 'runScenario')
data.setCell(0, 2, 'runner.TestRunner')
data.setCell(0, 3, 5552);
data.setCell(1, 0, 1)
data.setCell(1, 1, 'runScenario')
data.setCell(1, 2, 'runner.TestRunner')
data.setCell(1, 3, 4574);
data.setCell(2, 0, 2)
data.setCell(2, 1, 'runScenario')
data.setCell(2, 2, 'runner.TestRunner')
data.setCell(2, 3, 4366);
data.setCell(3, 0, 3)
data.setCell(3, 1, 'runScenario')
data.setCell(3, 2, 'runner.TestRunner')
data.setCell(3, 3, 4274);
data.setCell(4, 0, 4)
data.setCell(4, 1, 'runScenario')
data.setCell(4, 2, 'runner.TestRunner')
data.setCell(4, 3, 4195);
data.setCell(5, 0, 5)
data.setCell(5, 1, 'runScenario')
data.setCell(5, 2, 'runner.TestRunner')
data.setCell(5, 3, 4182);
data.setCell(6, 0, 6)
data.setCell(6, 1, 'runScenario')
data.setCell(6, 2, 'runner.TestRunner')
data.setCell(6, 3, 4155);
data.setCell(7, 0, 7)
data.setCell(7, 1, 'runScenario')
data.setCell(7, 2, 'runner.TestRunner')
data.setCell(7, 3, 4148);
data.setCell(8, 0, 8)
data.setCell(8, 1, 'runScenario')
data.setCell(8, 2, 'runner.TestRunner')
data.setCell(8, 3, 4134);
data.setCell(9, 0, 9)
data.setCell(9, 1, 'runScenario')
data.setCell(9, 2, 'runner.TestRunner')
data.setCell(9, 3, 4127);
data.setCell(10, 0, 10)
data.setCell(10, 1, 'runScenario')
data.setCell(10, 2, 'runner.TestRunner')
data.setCell(10, 3, 4114);
data.setCell(11, 0, 11)
data.setCell(11, 1, 'runScenario')
data.setCell(11, 2, 'runner.TestRunner')
data.setCell(11, 3, 4073);
data.setCell(12, 0, 12)
data.setCell(12, 1, 'runScenario')
data.setCell(12, 2, 'runner.TestRunner')
data.setCell(12, 3, 4046);
data.setCell(13, 0, 13)
data.setCell(13, 1, 'runScenario')
data.setCell(13, 2, 'runner.TestRunner')
data.setCell(13, 3, 4024);
data.setCell(14, 0, 14)
data.setCell(14, 1, 'runScenario')
data.setCell(14, 2, 'runner.TestRunner')
data.setCell(14, 3, 4008);
data.setCell(15, 0, 15)
data.setCell(15, 1, 'runScenario')
data.setCell(15, 2, 'runner.TestRunner')
data.setCell(15, 3, 4001);
data.setCell(16, 0, 16)
data.setCell(16, 1, 'runScenario')
data.setCell(16, 2, 'runner.TestRunner')
data.setCell(16, 3, 3985);
data.setCell(17, 0, 17)
data.setCell(17, 1, 'runScenario')
data.setCell(17, 2, 'runner.TestRunner')
data.setCell(17, 3, 3973);
data.setCell(18, 0, 18)
data.setCell(18, 1, 'runScenario')
data.setCell(18, 2, 'runner.TestRunner')
data.setCell(18, 3, 3959);
data.setCell(19, 0, 19)
data.setCell(19, 1, 'runScenario')
data.setCell(19, 2, 'runner.TestRunner')
data.setCell(19, 3, 3958);
data.setCell(20, 0, 20)
data.setCell(20, 1, 'runScenario')
data.setCell(20, 2, 'runner.TestRunner')
data.setCell(20, 3, 3954);
data.setCell(21, 0, 21)
data.setCell(21, 1, 'runScenario')
data.setCell(21, 2, 'runner.TestRunner')
data.setCell(21, 3, 3953);
data.setCell(22, 0, 22)
data.setCell(22, 1, 'runScenario')
data.setCell(22, 2, 'runner.TestRunner')
data.setCell(22, 3, 3951);
data.setCell(23, 0, 23)
data.setCell(23, 1, 'runScenario')
data.setCell(23, 2, 'runner.TestRunner')
data.setCell(23, 3, 3941);
data.setCell(24, 0, 24)
data.setCell(24, 1, 'runScenario')
data.setCell(24, 2, 'runner.TestRunner')
data.setCell(24, 3, 3927);
data.setCell(25, 0, 25)
data.setCell(25, 1, 'runScenario')
data.setCell(25, 2, 'runner.TestRunner')
data.setCell(25, 3, 3923);
data.setCell(26, 0, 26)
data.setCell(26, 1, 'runScenario')
data.setCell(26, 2, 'runner.TestRunner')
data.setCell(26, 3, 3910);
data.setCell(27, 0, 27)
data.setCell(27, 1, 'runScenario')
data.setCell(27, 2, 'runner.TestRunner')
data.setCell(27, 3, 3905);
data.setCell(28, 0, 28)
data.setCell(28, 1, 'runScenario')
data.setCell(28, 2, 'runner.TestRunner')
data.setCell(28, 3, 3902);
data.setCell(29, 0, 29)
data.setCell(29, 1, 'runScenario')
data.setCell(29, 2, 'runner.TestRunner')
data.setCell(29, 3, 3889);
data.setCell(30, 0, 30)
data.setCell(30, 1, 'runScenario')
data.setCell(30, 2, 'runner.TestRunner')
data.setCell(30, 3, 3875);
data.setCell(31, 0, 31)
data.setCell(31, 1, 'runScenario')
data.setCell(31, 2, 'runner.TestRunner')
data.setCell(31, 3, 3873);
data.setCell(32, 0, 32)
data.setCell(32, 1, 'runScenario')
data.setCell(32, 2, 'runner.TestRunner')
data.setCell(32, 3, 3855);
data.setCell(33, 0, 33)
data.setCell(33, 1, 'runScenario')
data.setCell(33, 2, 'runner.TestRunner')
data.setCell(33, 3, 3843);
data.setCell(34, 0, 34)
data.setCell(34, 1, 'runScenario')
data.setCell(34, 2, 'runner.TestRunner')
data.setCell(34, 3, 3841);
data.setCell(35, 0, 35)
data.setCell(35, 1, 'runScenario')
data.setCell(35, 2, 'runner.TestRunner')
data.setCell(35, 3, 3840);
data.setCell(36, 0, 36)
data.setCell(36, 1, 'runScenario')
data.setCell(36, 2, 'runner.TestRunner')
data.setCell(36, 3, 3819);
data.setCell(37, 0, 37)
data.setCell(37, 1, 'runScenario')
data.setCell(37, 2, 'runner.TestRunner')
data.setCell(37, 3, 3788);
data.setCell(38, 0, 38)
data.setCell(38, 1, 'runScenario')
data.setCell(38, 2, 'runner.TestRunner')
data.setCell(38, 3, 3776);
data.setCell(39, 0, 39)
data.setCell(39, 1, 'runScenario')
data.setCell(39, 2, 'runner.TestRunner')
data.setCell(39, 3, 3759);
data.setCell(40, 0, 40)
data.setCell(40, 1, 'runScenario')
data.setCell(40, 2, 'runner.TestRunner')
data.setCell(40, 3, 3758);
data.setCell(41, 0, 41)
data.setCell(41, 1, 'runScenario')
data.setCell(41, 2, 'runner.TestRunner')
data.setCell(41, 3, 3746);
data.setCell(42, 0, 42)
data.setCell(42, 1, 'runScenario')
data.setCell(42, 2, 'runner.TestRunner')
data.setCell(42, 3, 3712);
data.setCell(43, 0, 43)
data.setCell(43, 1, 'runScenario')
data.setCell(43, 2, 'runner.TestRunner')
data.setCell(43, 3, 3705);
data.setCell(44, 0, 44)
data.setCell(44, 1, 'runScenario')
data.setCell(44, 2, 'runner.TestRunner')
data.setCell(44, 3, 3679);
data.setCell(45, 0, 45)
data.setCell(45, 1, 'runScenario')
data.setCell(45, 2, 'runner.TestRunner')
data.setCell(45, 3, 3667);
data.setCell(46, 0, 46)
data.setCell(46, 1, 'runScenario')
data.setCell(46, 2, 'runner.TestRunner')
data.setCell(46, 3, 3658);
data.setCell(47, 0, 47)
data.setCell(47, 1, 'runScenario')
data.setCell(47, 2, 'runner.TestRunner')
data.setCell(47, 3, 3656);
data.setCell(48, 0, 48)
data.setCell(48, 1, 'runScenario')
data.setCell(48, 2, 'runner.TestRunner')
data.setCell(48, 3, 3646);
data.setCell(49, 0, 49)
data.setCell(49, 1, 'runScenario')
data.setCell(49, 2, 'runner.TestRunner')
data.setCell(49, 3, 3640);
data.setCell(50, 0, 50)
data.setCell(50, 1, 'runScenario')
data.setCell(50, 2, 'runner.TestRunner')
data.setCell(50, 3, 3638);
data.setCell(51, 0, 51)
data.setCell(51, 1, 'runScenario')
data.setCell(51, 2, 'runner.TestRunner')
data.setCell(51, 3, 3612);
data.setCell(52, 0, 52)
data.setCell(52, 1, 'runScenario')
data.setCell(52, 2, 'runner.TestRunner')
data.setCell(52, 3, 3611);
data.setCell(53, 0, 53)
data.setCell(53, 1, 'runScenario')
data.setCell(53, 2, 'runner.TestRunner')
data.setCell(53, 3, 3610);
data.setCell(54, 0, 54)
data.setCell(54, 1, 'runScenario')
data.setCell(54, 2, 'runner.TestRunner')
data.setCell(54, 3, 3607);
data.setCell(55, 0, 55)
data.setCell(55, 1, 'runScenario')
data.setCell(55, 2, 'runner.TestRunner')
data.setCell(55, 3, 3592);
data.setCell(56, 0, 56)
data.setCell(56, 1, 'runScenario')
data.setCell(56, 2, 'runner.TestRunner')
data.setCell(56, 3, 3587);
data.setCell(57, 0, 57)
data.setCell(57, 1, 'runScenario')
data.setCell(57, 2, 'runner.TestRunner')
data.setCell(57, 3, 3567);
data.setCell(58, 0, 58)
data.setCell(58, 1, 'runScenario')
data.setCell(58, 2, 'runner.TestRunner')
data.setCell(58, 3, 3559);
data.setCell(59, 0, 59)
data.setCell(59, 1, 'runScenario')
data.setCell(59, 2, 'runner.TestRunner')
data.setCell(59, 3, 3556);
data.setCell(60, 0, 60)
data.setCell(60, 1, 'runScenario')
data.setCell(60, 2, 'runner.TestRunner')
data.setCell(60, 3, 3554);
data.setCell(61, 0, 61)
data.setCell(61, 1, 'runScenario')
data.setCell(61, 2, 'runner.TestRunner')
data.setCell(61, 3, 3547);
data.setCell(62, 0, 62)
data.setCell(62, 1, 'runScenario')
data.setCell(62, 2, 'runner.TestRunner')
data.setCell(62, 3, 3545);
data.setCell(63, 0, 63)
data.setCell(63, 1, 'runScenario')
data.setCell(63, 2, 'runner.TestRunner')
data.setCell(63, 3, 3535);
data.setCell(64, 0, 64)
data.setCell(64, 1, 'runScenario')
data.setCell(64, 2, 'runner.TestRunner')
data.setCell(64, 3, 3529);
data.setCell(65, 0, 65)
data.setCell(65, 1, 'runScenario')
data.setCell(65, 2, 'runner.TestRunner')
data.setCell(65, 3, 3524);
data.setCell(66, 0, 66)
data.setCell(66, 1, 'runScenario')
data.setCell(66, 2, 'runner.TestRunner')
data.setCell(66, 3, 3521);
data.setCell(67, 0, 67)
data.setCell(67, 1, 'runScenario')
data.setCell(67, 2, 'runner.TestRunner')
data.setCell(67, 3, 3507);
data.setCell(68, 0, 68)
data.setCell(68, 1, 'runScenario')
data.setCell(68, 2, 'runner.TestRunner')
data.setCell(68, 3, 3496);
data.setCell(69, 0, 69)
data.setCell(69, 1, 'runScenario')
data.setCell(69, 2, 'runner.TestRunner')
data.setCell(69, 3, 3494);
data.setCell(70, 0, 70)
data.setCell(70, 1, 'runScenario')
data.setCell(70, 2, 'runner.TestRunner')
data.setCell(70, 3, 3483);
data.setCell(71, 0, 71)
data.setCell(71, 1, 'runScenario')
data.setCell(71, 2, 'runner.TestRunner')
data.setCell(71, 3, 3468);
data.setCell(72, 0, 72)
data.setCell(72, 1, 'runScenario')
data.setCell(72, 2, 'runner.TestRunner')
data.setCell(72, 3, 3348);
window.suiteTableData['Default_suite']= { tableData: data, tableDiv: 'times-div-Default_suite'}
return data;
}
              </script>
              <span class="suite-total-time">Total running time: 4 minutes</span>
              <div id="times-div-Default_suite">
              </div> <!-- times-div-Default_suite -->
            </div> <!-- times-div -->
          </div> <!-- main-panel-content rounded-window-bottom -->
        </div> <!-- panel -->
        <div panel-name="reporter-Default_suite" class="panel">
          <div class="main-panel-header rounded-window-top">
            <span class="header-content">Reporter output for Default suite</span>
          </div> <!-- main-panel-header rounded-window-top -->
          <div class="main-panel-content rounded-window-bottom">
          </div> <!-- main-panel-content rounded-window-bottom -->
        </div> <!-- panel -->
        <div panel-name="ignored-methods-Default_suite" class="panel">
          <div class="main-panel-header rounded-window-top">
            <span class="header-content">0 ignored methods</span>
          </div> <!-- main-panel-header rounded-window-top -->
          <div class="main-panel-content rounded-window-bottom">
          </div> <!-- main-panel-content rounded-window-bottom -->
        </div> <!-- panel -->
        <div panel-name="chronological-Default_suite" class="panel">
          <div class="main-panel-header rounded-window-top">
            <span class="header-content">Methods in chronological order</span>
          </div> <!-- main-panel-header rounded-window-top -->
          <div class="main-panel-content rounded-window-bottom">
            <div class="chronological-class">
              <div class="chronological-class-name">runner.TestRunner</div> <!-- chronological-class-name -->
              <div class="configuration-class before">
                <span class="method-name">setUpClass(org.testng.TestRunner@69117714)</span>
                <span class="method-start">0 ms</span>
              </div> <!-- configuration-class before -->
              <div class="test-method">
                <img src="failed.png">
                </img>
                <span class="method-name">runScenario("User enters arrays Page", "Array verification")</span>
                <span class="method-start">1149 ms</span>
              </div> <!-- test-method -->
              <div class="test-method">
                <img src="failed.png">
                </img>
                <span class="method-name">runScenario("TryEditor link with valid code  in each page", "Array verification")</span>
                <span class="method-start">6761 ms</span>
              </div> <!-- test-method -->
              <div class="test-method">
                <img src="failed.png">
                </img>
                <span class="method-name">runScenario("TryEditor link with valid code  in each page", "Array verification")</span>
                <span class="method-start">10470 ms</span>
              </div> <!-- test-method -->
              <div class="test-method">
                <img src="failed.png">
                </img>
                <span class="method-name">runScenario("TryEditor link with valid code  in each page", "Array verification")</span>
                <span class="method-start">14140 ms</span>
              </div> <!-- test-method -->
              <div class="test-method">
                <img src="failed.png">
                </img>
                <span class="method-name">runScenario("TryEditor link with valid code  in each page", "Array verification")</span>
                <span class="method-start">18133 ms</span>
              </div> <!-- test-method -->
              <div class="test-method">
                <img src="failed.png">
                </img>
                <span class="method-name">runScenario("TryEditor link with valid code  in each page", "Array verification")</span>
                <span class="method-start">21632 ms</span>
              </div> <!-- test-method -->
              <div class="test-method">
                <img src="failed.png">
                </img>
                <span class="method-name">runScenario("TryEditor link with valid code  in each page", "Array verification")</span>
                <span class="method-start">25544 ms</span>
              </div> <!-- test-method -->
              <div class="test-method">
                <img src="failed.png">
                </img>
                <span class="method-name">runScenario("TryEditor link with valid code  in each page", "Array verification")</span>
                <span class="method-start">29525 ms</span>
              </div> <!-- test-method -->
              <div class="test-method">
                <img src="failed.png">
                </img>
                <span class="method-name">runScenario("TryEditor link with valid code  in each page", "Array verification")</span>
                <span class="method-start">33484 ms</span>
              </div> <!-- test-method -->
              <div class="test-method">
                <img src="failed.png">
                </img>
                <span class="method-name">runScenario("TryEditor in each links with valid code", "Array verification")</span>
                <span class="method-start">37414 ms</span>
              </div> <!-- test-method -->
              <div class="test-method">
                <img src="failed.png">
                </img>
                <span class="method-name">runScenario("TryEditor in each links with valid code", "Array verification")</span>
                <span class="method-start">41551 ms</span>
              </div> <!-- test-method -->
              <div class="test-method">
                <img src="failed.png">
                </img>
                <span class="method-name">runScenario("TryEditor in each links with valid code", "Array verification")</span>
                <span class="method-start">45108 ms</span>
              </div> <!-- test-method -->
              <div class="test-method">
                <img src="failed.png">
                </img>
                <span class="method-name">runScenario("TryEditor in each links with valid code", "Array verification")</span>
                <span class="method-start">49477 ms</span>
              </div> <!-- test-method -->
              <div class="test-method">
                <img src="failed.png">
                </img>
                <span class="method-name">runScenario("TryEditor in each links with valid code", "Array verification")</span>
                <span class="method-start">53321 ms</span>
              </div> <!-- test-method -->
              <div class="test-method">
                <img src="failed.png">
                </img>
                <span class="method-name">runScenario("TryEditor in each links with valid code", "Array verification")</span>
                <span class="method-start">57085 ms</span>
              </div> <!-- test-method -->
              <div class="test-method">
                <img src="failed.png">
                </img>
                <span class="method-name">runScenario("TryEditor in each links with valid code", "Array verification")</span>
                <span class="method-start">61269 ms</span>
              </div> <!-- test-method -->
              <div class="test-method">
                <img src="failed.png">
                </img>
                <span class="method-name">runScenario("TryEditor in each links with valid code", "Array verification")</span>
                <span class="method-start">65115 ms</span>
              </div> <!-- test-method -->
              <div class="test-method">
                <img src="failed.png">
                </img>
                <span class="method-name">runScenario("TryEditor in each links with valid code", "Array verification")</span>
                <span class="method-start">68729 ms</span>
              </div> <!-- test-method -->
              <div class="test-method">
                <img src="failed.png">
                </img>
                <span class="method-name">runScenario("TryEditor in each links with valid code", "Array verification")</span>
                <span class="method-start">72659 ms</span>
              </div> <!-- test-method -->
              <div class="test-method">
                <img src="failed.png">
                </img>
                <span class="method-name">runScenario("TryEditor in each links with valid code", "Array verification")</span>
                <span class="method-start">76789 ms</span>
              </div> <!-- test-method -->
              <div class="test-method">
                <img src="failed.png">
                </img>
                <span class="method-name">runScenario("TryEditor in each links with valid code", "Array verification")</span>
                <span class="method-start">80946 ms</span>
              </div> <!-- test-method -->
              <div class="test-method">
                <img src="failed.png">
                </img>
                <span class="method-name">runScenario("TryEditor in each links with valid code", "Array verification")</span>
                <span class="method-start">84434 ms</span>
              </div> <!-- test-method -->
              <div class="test-method">
                <img src="failed.png">
                </img>
                <span class="method-name">runScenario("TryEditor in each links with valid code", "Array verification")</span>
                <span class="method-start">88400 ms</span>
              </div> <!-- test-method -->
              <div class="test-method">
                <img src="failed.png">
                </img>
                <span class="method-name">runScenario("TryEditor in each links with valid code", "Array verification")</span>
                <span class="method-start">91914 ms</span>
              </div> <!-- test-method -->
              <div class="test-method">
                <img src="failed.png">
                </img>
                <span class="method-name">runScenario("TryEditor in each links with valid code", "Array verification")</span>
                <span class="method-start">95529 ms</span>
              </div> <!-- test-method -->
              <div class="test-method">
                <img src="failed.png">
                </img>
                <span class="method-name">runScenario("TryEditor in each links with invalid code", "Array verification")</span>
                <span class="method-start">99683 ms</span>
              </div> <!-- test-method -->
              <div class="test-method">
                <img src="failed.png">
                </img>
                <span class="method-name">runScenario("TryEditor in each links with invalid code", "Array verification")</span>
                <span class="method-start">103232 ms</span>
              </div> <!-- test-method -->
              <div class="test-method">
                <img src="failed.png">
                </img>
                <span class="method-name">runScenario("TryEditor in each links with invalid code", "Array verification")</span>
                <span class="method-start">107236 ms</span>
              </div> <!-- test-method -->
              <div class="test-method">
                <img src="failed.png">
                </img>
                <span class="method-name">runScenario("TryEditor in each links with invalid code", "Array verification")</span>
                <span class="method-start">111027 ms</span>
              </div> <!-- test-method -->
              <div class="test-method">
                <img src="failed.png">
                </img>
                <span class="method-name">runScenario("TryEditor in each links with invalid code", "Array verification")</span>
                <span class="method-start">115225 ms</span>
              </div> <!-- test-method -->
              <div class="test-method">
                <img src="failed.png">
                </img>
                <span class="method-name">runScenario("TryEditor in each links with invalid code", "Array verification")</span>
                <span class="method-start">119169 ms</span>
              </div> <!-- test-method -->
              <div class="test-method">
                <img src="failed.png">
                </img>
                <span class="method-name">runScenario("TryEditor in each links with invalid code", "Array verification")</span>
                <span class="method-start">122812 ms</span>
              </div> <!-- test-method -->
              <div class="test-method">
                <img src="failed.png">
                </img>
                <span class="method-name">runScenario("TryEditor in each links with invalid code", "Array verification")</span>
                <span class="method-start">126338 ms</span>
              </div> <!-- test-method -->
              <div class="test-method">
                <img src="failed.png">
                </img>
                <span class="method-name">runScenario("TryEditor in each links with invalid code", "Array verification")</span>
                <span class="method-start">130456 ms</span>
              </div> <!-- test-method -->
              <div class="test-method">
                <img src="failed.png">
                </img>
                <span class="method-name">runScenario("TryEditor in each links with invalid code", "Array verification")</span>
                <span class="method-start">134280 ms</span>
              </div> <!-- test-method -->
              <div class="test-method">
                <img src="failed.png">
                </img>
                <span class="method-name">runScenario("TryEditor in each links with invalid code", "Array verification")</span>
                <span class="method-start">138127 ms</span>
              </div> <!-- test-method -->
              <div class="test-method">
                <img src="failed.png">
                </img>
                <span class="method-name">runScenario("TryEditor in each links with invalid code", "Array verification")</span>
                <span class="method-start">141782 ms</span>
              </div> <!-- test-method -->
              <div class="test-method">
                <img src="failed.png">
                </img>
                <span class="method-name">runScenario("TryEditor in each links with invalid code", "Array verification")</span>
                <span class="method-start">145746 ms</span>
              </div> <!-- test-method -->
              <div class="test-method">
                <img src="failed.png">
                </img>
                <span class="method-name">runScenario("TryEditor in each links with invalid code", "Array verification")</span>
                <span class="method-start">149408 ms</span>
              </div> <!-- test-method -->
              <div class="test-method">
                <img src="failed.png">
                </img>
                <span class="method-name">runScenario("TryEditor in each links with invalid code", "Array verification")</span>
                <span class="method-start">152958 ms</span>
              </div> <!-- test-method -->
              <div class="test-method">
                <img src="failed.png">
                </img>
                <span class="method-name">runScenario("TryEditor in each links with invalid code", "Array verification")</span>
                <span class="method-start">156429 ms</span>
              </div> <!-- test-method -->
              <div class="test-method">
                <img src="failed.png">
                </img>
                <span class="method-name">runScenario("practice link verification", "Array verification")</span>
                <span class="method-start">159781 ms</span>
              </div> <!-- test-method -->
              <div class="test-method">
                <img src="failed.png">
                </img>
                <span class="method-name">runScenario("practice link verification", "Array verification")</span>
                <span class="method-start">163658 ms</span>
              </div> <!-- test-method -->
              <div class="test-method">
                <img src="failed.png">
                </img>
                <span class="method-name">runScenario("practice link verification", "Array verification")</span>
                <span class="method-start">167251 ms</span>
              </div> <!-- test-method -->
              <div class="test-method">
                <img src="failed.png">
                </img>
                <span class="method-name">runScenario("practice link verification", "Array verification")</span>
                <span class="method-start">171155 ms</span>
              </div> <!-- test-method -->
              <div class="test-method">
                <img src="failed.png">
                </img>
                <span class="method-name">runScenario("practice link verification", "Array verification")</span>
                <span class="method-start">175431 ms</span>
              </div> <!-- test-method -->
              <div class="test-method">
                <img src="failed.png">
                </img>
                <span class="method-name">runScenario("practice link verification", "Array verification")</span>
                <span class="method-start">179343 ms</span>
              </div> <!-- test-method -->
              <div class="test-method">
                <img src="failed.png">
                </img>
                <span class="method-name">runScenario("practice link verification", "Array verification")</span>
                <span class="method-start">182939 ms</span>
              </div> <!-- test-method -->
              <div class="test-method">
                <img src="failed.png">
                </img>
                <span class="method-name">runScenario("practice link verification", "Array verification")</span>
                <span class="method-start">186552 ms</span>
              </div> <!-- test-method -->
              <div class="test-method">
                <img src="failed.png">
                </img>
                <span class="method-name">runScenario("practice link verification", "Array verification")</span>
                <span class="method-start">190212 ms</span>
              </div> <!-- test-method -->
              <div class="test-method">
                <img src="failed.png">
                </img>
                <span class="method-name">runScenario("practice link verification", "Array verification")</span>
                <span class="method-start">194225 ms</span>
              </div> <!-- test-method -->
              <div class="test-method">
                <img src="failed.png">
                </img>
                <span class="method-name">runScenario("practice link verification", "Array verification")</span>
                <span class="method-start">198274 ms</span>
              </div> <!-- test-method -->
              <div class="test-method">
                <img src="failed.png">
                </img>
                <span class="method-name">runScenario("practice link verification", "Array verification")</span>
                <span class="method-start">202231 ms</span>
              </div> <!-- test-method -->
              <div class="test-method">
                <img src="failed.png">
                </img>
                <span class="method-name">runScenario("practice link verification", "Array verification")</span>
                <span class="method-start">205982 ms</span>
              </div> <!-- test-method -->
              <div class="test-method">
                <img src="failed.png">
                </img>
                <span class="method-name">runScenario("practice link verification", "Array verification")</span>
                <span class="method-start">209545 ms</span>
              </div> <!-- test-method -->
              <div class="test-method">
                <img src="failed.png">
                </img>
                <span class="method-name">runScenario("practice link verification", "Array verification")</span>
                <span class="method-start">213084 ms</span>
              </div> <!-- test-method -->
              <div class="test-method">
                <img src="failed.png">
                </img>
                <span class="method-name">runScenario("practice link verification", "Array verification")</span>
                <span class="method-start">216725 ms</span>
              </div> <!-- test-method -->
              <div class="test-method">
                <img src="failed.png">
                </img>
                <span class="method-name">runScenario("practice link verification", "Array verification")</span>
                <span class="method-start">220684 ms</span>
              </div> <!-- test-method -->
              <div class="test-method">
                <img src="failed.png">
                </img>
                <span class="method-name">runScenario("practice link verification", "Array verification")</span>
                <span class="method-start">224296 ms</span>
              </div> <!-- test-method -->
              <div class="test-method">
                <img src="failed.png">
                </img>
                <span class="method-name">runScenario("practice link verification", "Array verification")</span>
                <span class="method-start">227854 ms</span>
              </div> <!-- test-method -->
              <div class="test-method">
                <img src="failed.png">
                </img>
                <span class="method-name">runScenario("practice link verification", "Array verification")</span>
                <span class="method-start">231712 ms</span>
              </div> <!-- test-method -->
              <div class="test-method">
                <img src="failed.png">
                </img>
                <span class="method-name">runScenario("practice link verification", "Array verification")</span>
                <span class="method-start">235590 ms</span>
              </div> <!-- test-method -->
              <div class="test-method">
                <img src="failed.png">
                </img>
                <span class="method-name">runScenario("practice link verification", "Array verification")</span>
                <span class="method-start">239126 ms</span>
              </div> <!-- test-method -->
              <div class="test-method">
                <img src="failed.png">
                </img>
                <span class="method-name">runScenario("practice link verification", "Array verification")</span>
                <span class="method-start">242808 ms</span>
              </div> <!-- test-method -->
              <div class="test-method">
                <img src="failed.png">
                </img>
                <span class="method-name">runScenario("practice link verification", "Array verification")</span>
                <span class="method-start">246839 ms</span>
              </div> <!-- test-method -->
              <div class="test-method">
                <img src="failed.png">
                </img>
                <span class="method-name">runScenario("practice link verification", "Array verification")</span>
                <span class="method-start">250338 ms</span>
              </div> <!-- test-method -->
              <div class="test-method">
                <img src="failed.png">
                </img>
                <span class="method-name">runScenario("practice link verification", "Array verification")</span>
                <span class="method-start">253907 ms</span>
              </div> <!-- test-method -->
              <div class="test-method">
                <img src="failed.png">
                </img>
                <span class="method-name">runScenario("practice link verification", "Array verification")</span>
                <span class="method-start">257687 ms</span>
              </div> <!-- test-method -->
              <div class="test-method">
                <img src="failed.png">
                </img>
                <span class="method-name">runScenario("practice link verification", "Array verification")</span>
                <span class="method-start">261214 ms</span>
              </div> <!-- test-method -->
              <div class="test-method">
                <img src="failed.png">
                </img>
                <span class="method-name">runScenario("practice link verification", "Array verification")</span>
                <span class="method-start">265291 ms</span>
              </div> <!-- test-method -->
              <div class="test-method">
                <img src="failed.png">
                </img>
                <span class="method-name">runScenario("practice link verification", "Array verification")</span>
                <span class="method-start">269183 ms</span>
              </div> <!-- test-method -->
              <div class="test-method">
                <img src="failed.png">
                </img>
                <span class="method-name">runScenario("practice link verification", "Array verification")</span>
                <span class="method-start">272944 ms</span>
              </div> <!-- test-method -->
              <div class="test-method">
                <img src="failed.png">
                </img>
                <span class="method-name">runScenario("practice link verification", "Array verification")</span>
                <span class="method-start">277522 ms</span>
              </div> <!-- test-method -->
              <div class="configuration-class after">
                <span class="method-name">tearDownClass</span>
                <span class="method-start">281234 ms</span>
              </div> <!-- configuration-class after -->
          </div> <!-- main-panel-content rounded-window-bottom -->
        </div> <!-- panel -->
      </div> <!-- main-panel-root -->
    </div> <!-- wrapper -->
  </body>
<script type="text/javascript" src="testng-reports2.js"></script>
</html>
